<?xml version="1.0" encoding="UTF-8"?>
<coverage generated="1779767883054" clover="3.2.0">
  <project timestamp="1779767883054" name="All files">
    <metrics statements="7566" coveredstatements="4217" conditionals="7351" coveredconditionals="3735" methods="1791" coveredmethods="1019" elements="16708" coveredelements="8971" complexity="0" loc="7566" ncloc="7566" packages="17" files="111" classes="111"/>
    <package name="server-bridge">
      <metrics statements="165" coveredstatements="14" conditionals="149" coveredconditionals="22" methods="56" coveredmethods="1"/>
      <file name="db.js" path="/home/runner/work/Vibe-Hub/Vibe-Hub/apps/server-bridge/db.js">
        <metrics statements="165" coveredstatements="14" conditionals="149" coveredconditionals="22" methods="56" coveredmethods="1"/>
        <line num="11" count="17" type="stmt"/>
        <line num="17" count="20" type="cond" truecount="2" falsecount="0"/>
        <line num="19" count="3" type="stmt"/>
        <line num="20" count="3" type="stmt"/>
        <line num="21" count="3" type="stmt"/>
        <line num="22" count="20" type="cond" truecount="4" falsecount="0"/>
        <line num="24" count="2" type="cond" truecount="2" falsecount="0"/>
        <line num="26" count="20" type="cond" truecount="4" falsecount="0"/>
        <line num="27" count="2" type="stmt"/>
        <line num="30" count="2" type="stmt"/>
        <line num="32" count="0" type="stmt"/>
        <line num="37" count="17" type="stmt"/>
        <line num="56" count="17" type="stmt"/>
        <line num="57" count="0" type="cond" truecount="0" falsecount="2"/>
        <line num="58" count="0" type="stmt"/>
        <line num="60" count="0" type="stmt"/>
        <line num="65" count="0" type="cond" truecount="0" falsecount="4"/>
        <line num="66" count="0" type="stmt"/>
        <line num="68" count="0" type="stmt"/>
        <line num="69" count="0" type="stmt"/>
        <line num="70" count="0" type="stmt"/>
        <line num="71" count="0" type="stmt"/>
        <line num="72" count="0" type="stmt"/>
        <line num="73" count="0" type="stmt"/>
        <line num="74" count="0" type="stmt"/>
        <line num="76" count="0" type="stmt"/>
        <line num="77" count="0" type="stmt"/>
        <line num="79" count="0" type="stmt"/>
        <line num="84" count="17" type="cond" truecount="1" falsecount="1"/>
        <line num="85" count="0" type="stmt"/>
        <line num="86" count="0" type="stmt"/>
        <line num="94" count="0" type="stmt"/>
        <line num="95" count="0" type="stmt"/>
        <line num="480" count="0" type="stmt"/>
        <line num="481" count="0" type="stmt"/>
        <line num="493" count="0" type="stmt"/>
        <line num="521" count="0" type="stmt"/>
        <line num="525" count="0" type="stmt"/>
        <line num="549" count="0" type="stmt"/>
        <line num="553" count="0" type="stmt"/>
        <line num="557" count="0" type="stmt"/>
        <line num="559" count="0" type="stmt"/>
        <line num="563" count="0" type="cond" truecount="0" falsecount="2"/>
        <line num="564" count="0" type="stmt"/>
        <line num="565" count="0" type="stmt"/>
        <line num="567" count="0" type="stmt"/>
        <line num="576" count="0" type="stmt"/>
        <line num="577" count="0" type="stmt"/>
        <line num="578" count="0" type="stmt"/>
        <line num="580" count="0" type="stmt"/>
        <line num="581" count="0" type="cond" truecount="0" falsecount="7"/>
        <line num="589" count="0" type="cond" truecount="0" falsecount="4"/>
        <line num="590" count="0" type="stmt"/>
        <line num="593" count="0" type="stmt"/>
        <line num="594" count="0" type="stmt"/>
        <line num="595" count="0" type="stmt"/>
        <line num="598" count="0" type="stmt"/>
        <line num="605" count="0" type="stmt"/>
        <line num="606" count="0" type="stmt"/>
        <line num="616" count="0" type="stmt"/>
        <line num="621" count="0" type="stmt"/>
        <line num="622" count="0" type="cond" truecount="0" falsecount="2"/>
        <line num="630" count="0" type="stmt"/>
        <line num="631" count="0" type="stmt"/>
        <line num="637" count="0" type="stmt"/>
        <line num="642" count="0" type="stmt"/>
        <line num="650" count="0" type="cond" truecount="0" falsecount="2"/>
        <line num="654" count="0" type="stmt"/>
        <line num="662" count="0" type="cond" truecount="0" falsecount="2"/>
        <line num="666" count="0" type="stmt"/>
        <line num="673" count="0" type="stmt"/>
        <line num="682" count="0" type="stmt"/>
        <line num="691" count="0" type="stmt"/>
        <line num="698" count="0" type="stmt"/>
        <line num="702" count="0" type="stmt"/>
        <line num="706" count="0" type="stmt"/>
        <line num="710" count="0" type="stmt"/>
        <line num="728" count="0" type="stmt"/>
        <line num="729" count="0" type="stmt"/>
        <line num="735" count="0" type="stmt"/>
        <line num="740" count="0" type="stmt"/>
        <line num="753" count="0" type="cond" truecount="0" falsecount="2"/>
        <line num="757" count="0" type="stmt"/>
        <line num="768" count="0" type="cond" truecount="0" falsecount="2"/>
        <line num="772" count="0" type="stmt"/>
        <line num="781" count="0" type="stmt"/>
        <line num="790" count="0" type="stmt"/>
        <line num="802" count="0" type="stmt"/>
        <line num="803" count="0" type="stmt"/>
        <line num="810" count="0" type="stmt"/>
        <line num="815" count="0" type="stmt"/>
        <line num="823" count="0" type="stmt"/>
        <line num="830" count="0" type="stmt"/>
        <line num="839" count="0" type="stmt"/>
        <line num="846" count="0" type="stmt"/>
        <line num="852" count="0" type="stmt"/>
        <line num="859" count="0" type="stmt"/>
        <line num="860" count="0" type="stmt"/>
        <line num="862" count="0" type="cond" truecount="0" falsecount="2"/>
        <line num="863" count="0" type="stmt"/>
        <line num="864" count="0" type="stmt"/>
        <line num="867" count="0" type="stmt"/>
        <line num="869" count="0" type="stmt"/>
        <line num="870" count="0" type="stmt"/>
        <line num="874" count="0" type="stmt"/>
        <line num="884" count="0" type="stmt"/>
        <line num="891" count="17" type="stmt"/>
        <line num="894" count="0" type="cond" truecount="0" falsecount="2"/>
        <line num="895" count="0" type="cond" truecount="0" falsecount="2"/>
        <line num="899" count="0" type="stmt"/>
        <line num="903" count="0" type="stmt"/>
        <line num="907" count="0" type="stmt"/>
        <line num="911" count="0" type="cond" truecount="0" falsecount="2"/>
        <line num="916" count="0" type="cond" truecount="0" falsecount="2"/>
        <line num="917" count="0" type="cond" truecount="0" falsecount="3"/>
        <line num="918" count="0" type="stmt"/>
        <line num="919" count="0" type="stmt"/>
        <line num="922" count="0" type="stmt"/>
        <line num="932" count="0" type="stmt"/>
        <line num="939" count="0" type="stmt"/>
        <line num="943" count="0" type="stmt"/>
        <line num="947" count="0" type="stmt"/>
        <line num="951" count="0" type="stmt"/>
        <line num="955" count="0" type="stmt"/>
        <line num="959" count="0" type="cond" truecount="0" falsecount="2"/>
        <line num="963" count="0" type="stmt"/>
        <line num="969" count="0" type="stmt"/>
        <line num="974" count="0" type="stmt"/>
        <line num="978" count="0" type="stmt"/>
        <line num="982" count="0" type="stmt"/>
        <line num="1004" count="0" type="stmt"/>
        <line num="1035" count="0" type="stmt"/>
        <line num="1039" count="0" type="stmt"/>
        <line num="1048" count="0" type="cond" truecount="0" falsecount="2"/>
        <line num="1062" count="0" type="stmt"/>
        <line num="1071" count="0" type="cond" truecount="0" falsecount="2"/>
        <line num="1075" count="0" type="stmt"/>
        <line num="1076" count="0" type="stmt"/>
        <line num="1077" count="0" type="cond" truecount="0" falsecount="2"/>
        <line num="1078" count="0" type="stmt"/>
        <line num="1079" count="0" type="stmt"/>
        <line num="1081" count="0" type="cond" truecount="0" falsecount="2"/>
        <line num="1082" count="0" type="stmt"/>
        <line num="1083" count="0" type="stmt"/>
        <line num="1085" count="0" type="stmt"/>
        <line num="1086" count="0" type="cond" truecount="0" falsecount="2"/>
        <line num="1090" count="0" type="stmt"/>
        <line num="1091" count="0" type="stmt"/>
        <line num="1097" count="0" type="cond" truecount="0" falsecount="2"/>
        <line num="1098" count="0" type="stmt"/>
        <line num="1099" count="0" type="stmt"/>
        <line num="1101" count="0" type="cond" truecount="0" falsecount="2"/>
        <line num="1102" count="0" type="stmt"/>
        <line num="1103" count="0" type="stmt"/>
        <line num="1105" count="0" type="stmt"/>
        <line num="1106" count="0" type="stmt"/>
        <line num="1107" count="0" type="stmt"/>
        <line num="1111" count="0" type="stmt"/>
        <line num="1133" count="0" type="cond" truecount="0" falsecount="2"/>
        <line num="1143" count="0" type="stmt"/>
        <line num="1149" count="0" type="stmt"/>
        <line num="1153" count="0" type="stmt"/>
        <line num="1157" count="0" type="stmt"/>
        <line num="1161" count="0" type="stmt"/>
        <line num="1165" count="0" type="stmt"/>
      </file>
    </package>
    <package name="server-bridge.agent-stack">
      <metrics statements="3" coveredstatements="2" conditionals="2" coveredconditionals="0" methods="2" coveredmethods="1"/>
      <file name="capability-manifest.js" path="/home/runner/work/Vibe-Hub/Vibe-Hub/apps/server-bridge/agent-stack/capability-manifest.js">
        <metrics statements="3" coveredstatements="2" conditionals="2" coveredconditionals="0" methods="2" coveredmethods="1"/>
        <line num="1" count="1" type="stmt"/>
        <line num="49" count="1" type="stmt"/>
        <line num="53" count="0" type="cond" truecount="0" falsecount="2"/>
      </file>
    </package>
    <package name="server-bridge.auth">
      <metrics statements="884" coveredstatements="406" conditionals="811" coveredconditionals="380" methods="177" coveredmethods="96"/>
      <file name="action-grants.js" path="/home/runner/work/Vibe-Hub/Vibe-Hub/apps/server-bridge/auth/action-grants.js">
        <metrics statements="38" coveredstatements="33" conditionals="63" coveredconditionals="52" methods="10" coveredmethods="10"/>
        <line num="4" count="5" type="stmt"/>
        <line num="7" count="6" type="stmt"/>
        <line num="8" count="6" type="cond" truecount="2" falsecount="0"/>
        <line num="9" count="1" type="stmt"/>
        <line num="13" count="11" type="cond" truecount="4" falsecount="0"/>
        <line num="14" count="4" type="cond" truecount="1" falsecount="1"/>
        <line num="15" count="7" type="stmt"/>
        <line num="19" count="3" type="stmt"/>
        <line num="23" count="3" type="stmt"/>
        <line num="27" count="6" type="stmt"/>
        <line num="31" count="3" type="stmt"/>
        <line num="32" count="3" type="stmt"/>
        <line num="33" count="3" type="cond" truecount="2" falsecount="0"/>
        <line num="37" count="4" type="stmt"/>
        <line num="52" count="3" type="cond" truecount="5" falsecount="1"/>
        <line num="53" count="0" type="stmt"/>
        <line num="56" count="3" type="stmt"/>
        <line num="69" count="3" type="stmt"/>
        <line num="70" count="3" type="stmt"/>
        <line num="84" count="3" type="cond" truecount="1" falsecount="1"/>
        <line num="85" count="3" type="cond" truecount="4" falsecount="1"/>
        <line num="86" count="0" type="stmt"/>
        <line num="90" count="3" type="stmt"/>
        <line num="91" count="3" type="stmt"/>
        <line num="93" count="0" type="stmt"/>
        <line num="96" count="3" type="cond" truecount="1" falsecount="1"/>
        <line num="97" count="0" type="stmt"/>
        <line num="99" count="3" type="cond" truecount="1" falsecount="1"/>
        <line num="100" count="0" type="stmt"/>
        <line num="103" count="3" type="stmt"/>
        <line num="104" count="3" type="cond" truecount="3" falsecount="1"/>
        <line num="105" count="3" type="cond" truecount="2" falsecount="2"/>
        <line num="106" count="3" type="cond" truecount="4" falsecount="0"/>
        <line num="107" count="3" type="cond" truecount="3" falsecount="1"/>
        <line num="108" count="3" type="cond" truecount="4" falsecount="0"/>
        <line num="110" count="3" type="cond" truecount="2" falsecount="0"/>
        <line num="111" count="2" type="stmt"/>
        <line num="119" count="1" type="stmt"/>
      </file>
      <file name="agent-auth.js" path="/home/runner/work/Vibe-Hub/Vibe-Hub/apps/server-bridge/auth/agent-auth.js">
        <metrics statements="89" coveredstatements="70" conditionals="78" coveredconditionals="45" methods="27" coveredmethods="21"/>
        <line num="3" count="16" type="stmt"/>
        <line num="15" count="2" type="stmt"/>
        <line num="16" count="2" type="stmt"/>
        <line num="21" count="6" type="cond" truecount="1" falsecount="1"/>
        <line num="27" count="0" type="stmt"/>
        <line num="28" count="0" type="stmt"/>
        <line num="29" count="0" type="cond" truecount="0" falsecount="2"/>
        <line num="30" count="0" type="stmt"/>
        <line num="31" count="0" type="cond" truecount="0" falsecount="2"/>
        <line num="33" count="0" type="stmt"/>
        <line num="38" count="176" type="cond" truecount="1" falsecount="1"/>
        <line num="48" count="37" type="stmt"/>
        <line num="49" count="37" type="stmt"/>
        <line num="50" count="37" type="stmt"/>
        <line num="51" count="37" type="stmt"/>
        <line num="52" count="37" type="stmt"/>
        <line num="53" count="37" type="stmt"/>
        <line num="54" count="37" type="stmt"/>
        <line num="55" count="37" type="stmt"/>
        <line num="56" count="37" type="stmt"/>
        <line num="60" count="37" type="stmt"/>
        <line num="61" count="407" type="stmt"/>
        <line num="62" count="259" type="cond" truecount="2" falsecount="0"/>
        <line num="67" count="1" type="cond" truecount="1" falsecount="1"/>
        <line num="68" count="1" type="stmt"/>
        <line num="69" count="7" type="stmt"/>
        <line num="70" count="7" type="cond" truecount="2" falsecount="0"/>
        <line num="72" count="1" type="stmt"/>
        <line num="76" count="33" type="cond" truecount="1" falsecount="1"/>
        <line num="77" count="33" type="stmt"/>
        <line num="85" count="2" type="cond" truecount="3" falsecount="1"/>
        <line num="86" count="0" type="stmt"/>
        <line num="88" count="2" type="stmt"/>
        <line num="97" count="35" type="stmt"/>
        <line num="98" count="35" type="stmt"/>
        <line num="99" count="35" type="stmt"/>
        <line num="103" count="35" type="cond" truecount="2" falsecount="2"/>
        <line num="104" count="0" type="stmt"/>
        <line num="109" count="128" type="stmt"/>
        <line num="113" count="0" type="stmt"/>
        <line num="117" count="0" type="stmt"/>
        <line num="118" count="0" type="cond" truecount="0" falsecount="2"/>
        <line num="122" count="1" type="stmt"/>
        <line num="123" count="1" type="cond" truecount="1" falsecount="1"/>
        <line num="124" count="1" type="cond" truecount="1" falsecount="1"/>
        <line num="128" count="5" type="stmt"/>
        <line num="129" count="5" type="cond" truecount="2" falsecount="2"/>
        <line num="130" count="0" type="stmt"/>
        <line num="132" count="5" type="stmt"/>
        <line num="133" count="5" type="stmt"/>
        <line num="134" count="5" type="cond" truecount="1" falsecount="3"/>
        <line num="135" count="5" type="stmt"/>
        <line num="139" count="5" type="stmt"/>
        <line num="140" count="5" type="cond" truecount="4" falsecount="0"/>
        <line num="142" count="2" type="stmt"/>
        <line num="143" count="2" type="cond" truecount="1" falsecount="1"/>
        <line num="144" count="0" type="stmt"/>
        <line num="148" count="2" type="stmt"/>
        <line num="149" count="2" type="stmt"/>
        <line num="150" count="2" type="cond" truecount="4" falsecount="0"/>
        <line num="151" count="1" type="cond" truecount="1" falsecount="1"/>
        <line num="154" count="1" type="cond" truecount="1" falsecount="1"/>
        <line num="156" count="1" type="stmt"/>
        <line num="157" count="1" type="stmt"/>
        <line num="158" count="1" type="stmt"/>
        <line num="159" count="1" type="stmt"/>
        <line num="163" count="1" type="cond" truecount="1" falsecount="1"/>
        <line num="164" count="0" type="stmt"/>
        <line num="165" count="0" type="stmt"/>
        <line num="166" count="0" type="stmt"/>
        <line num="169" count="1" type="stmt"/>
        <line num="170" count="1" type="stmt"/>
        <line num="178" count="0" type="stmt"/>
        <line num="179" count="0" type="stmt"/>
        <line num="183" count="35" type="stmt"/>
        <line num="188" count="4" type="stmt"/>
        <line num="190" count="4" type="stmt"/>
        <line num="191" count="5" type="stmt"/>
        <line num="192" count="5" type="stmt"/>
        <line num="193" count="5" type="cond" truecount="2" falsecount="0"/>
        <line num="195" count="2" type="cond" truecount="1" falsecount="1"/>
        <line num="196" count="2" type="stmt"/>
        <line num="198" count="2" type="stmt"/>
        <line num="199" count="2" type="stmt"/>
        <line num="201" count="1" type="stmt"/>
        <line num="205" count="0" type="stmt"/>
        <line num="209" count="6" type="cond" truecount="1" falsecount="1"/>
        <line num="210" count="6" type="cond" truecount="1" falsecount="1"/>
        <line num="213" count="16" type="stmt"/>
      </file>
      <file name="approval-engine.js" path="/home/runner/work/Vibe-Hub/Vibe-Hub/apps/server-bridge/auth/approval-engine.js">
        <metrics statements="33" coveredstatements="24" conditionals="36" coveredconditionals="26" methods="10" coveredmethods="6"/>
        <line num="3" count="0" type="stmt"/>
        <line num="4" count="0" type="stmt"/>
        <line num="9" count="0" type="stmt"/>
        <line num="14" count="4" type="stmt"/>
        <line num="15" count="4" type="stmt"/>
        <line num="16" count="4" type="stmt"/>
        <line num="20" count="0" type="stmt"/>
        <line num="24" count="6" type="cond" truecount="1" falsecount="1"/>
        <line num="25" count="6" type="stmt"/>
        <line num="27" count="6" type="stmt"/>
        <line num="28" count="0" type="cond" truecount="0" falsecount="2"/>
        <line num="29" count="0" type="cond" truecount="0" falsecount="2"/>
        <line num="30" count="0" type="cond" truecount="0" falsecount="2"/>
        <line num="31" count="0" type="stmt"/>
        <line num="34" count="6" type="stmt"/>
        <line num="35" count="6" type="stmt"/>
        <line num="36" count="6" type="cond" truecount="2" falsecount="0"/>
        <line num="37" count="3" type="cond" truecount="2" falsecount="0"/>
        <line num="38" count="3" type="cond" truecount="2" falsecount="0"/>
        <line num="41" count="5" type="cond" truecount="1" falsecount="1"/>
        <line num="43" count="5" type="stmt"/>
        <line num="45" count="5" type="stmt"/>
        <line num="48" count="5" type="cond" truecount="1" falsecount="1"/>
        <line num="49" count="0" type="stmt"/>
        <line num="56" count="5" type="cond" truecount="4" falsecount="0"/>
        <line num="57" count="2" type="cond" truecount="2" falsecount="0"/>
        <line num="58" count="2" type="stmt"/>
        <line num="61" count="3" type="stmt"/>
        <line num="65" count="6" type="cond" truecount="4" falsecount="0"/>
        <line num="66" count="3" type="stmt"/>
        <line num="70" count="6" type="stmt"/>
        <line num="71" count="2" type="cond" truecount="1" falsecount="1"/>
        <line num="76" count="1" type="stmt"/>
      </file>
      <file name="concurrency-governor.js" path="/home/runner/work/Vibe-Hub/Vibe-Hub/apps/server-bridge/auth/concurrency-governor.js">
        <metrics statements="39" coveredstatements="28" conditionals="28" coveredconditionals="21" methods="7" coveredmethods="2"/>
        <line num="9" count="4" type="stmt"/>
        <line num="12" count="4" type="stmt"/>
        <line num="14" count="4" type="cond" truecount="2" falsecount="0"/>
        <line num="15" count="4" type="cond" truecount="2" falsecount="0"/>
        <line num="16" count="4" type="stmt"/>
        <line num="25" count="5" type="cond" truecount="3" falsecount="1"/>
        <line num="27" count="5" type="stmt"/>
        <line num="28" count="5" type="cond" truecount="2" falsecount="0"/>
        <line num="29" count="1" type="stmt"/>
        <line num="30" count="1" type="stmt"/>
        <line num="34" count="5" type="cond" truecount="4" falsecount="0"/>
        <line num="35" count="1" type="stmt"/>
        <line num="36" count="1" type="stmt"/>
        <line num="39" count="4" type="stmt"/>
        <line num="42" count="4" type="cond" truecount="1" falsecount="1"/>
        <line num="43" count="0" type="stmt"/>
        <line num="46" count="4" type="stmt"/>
        <line num="47" count="0" type="stmt"/>
        <line num="48" count="0" type="stmt"/>
        <line num="51" count="4" type="stmt"/>
        <line num="53" count="4" type="stmt"/>
        <line num="62" count="4" type="cond" truecount="3" falsecount="1"/>
        <line num="64" count="4" type="stmt"/>
        <line num="65" count="4" type="cond" truecount="1" falsecount="1"/>
        <line num="66" count="4" type="stmt"/>
        <line num="67" count="4" type="cond" truecount="2" falsecount="0"/>
        <line num="68" count="1" type="stmt"/>
        <line num="72" count="4" type="stmt"/>
        <line num="73" count="4" type="cond" truecount="1" falsecount="1"/>
        <line num="74" count="4" type="stmt"/>
        <line num="75" count="4" type="stmt"/>
        <line num="85" count="0" type="stmt"/>
        <line num="86" count="0" type="cond" truecount="0" falsecount="2"/>
        <line num="90" count="0" type="stmt"/>
        <line num="94" count="0" type="stmt"/>
        <line num="101" count="0" type="stmt"/>
        <line num="102" count="0" type="stmt"/>
        <line num="104" count="0" type="stmt"/>
        <line num="105" count="0" type="stmt"/>
      </file>
      <file name="external-jwt.js" path="/home/runner/work/Vibe-Hub/Vibe-Hub/apps/server-bridge/auth/external-jwt.js">
        <metrics statements="59" coveredstatements="46" conditionals="92" coveredconditionals="54" methods="15" coveredmethods="12"/>
        <line num="5" count="3" type="stmt"/>
        <line num="6" count="3" type="stmt"/>
        <line num="8" count="3" type="stmt"/>
        <line num="15" count="2" type="cond" truecount="2" falsecount="0"/>
        <line num="17" count="2" type="stmt"/>
        <line num="19" count="2" type="cond" truecount="1" falsecount="1"/>
        <line num="23" count="3" type="cond" truecount="1" falsecount="1"/>
        <line num="24" count="3" type="cond" truecount="1" falsecount="1"/>
        <line num="25" count="0" type="stmt"/>
        <line num="27" count="0" type="cond" truecount="0" falsecount="4"/>
        <line num="31" count="2" type="cond" truecount="1" falsecount="1"/>
        <line num="32" count="0" type="cond" truecount="0" falsecount="2"/>
        <line num="33" count="0" type="stmt"/>
        <line num="35" count="0" type="stmt"/>
        <line num="38" count="0" type="stmt"/>
        <line num="42" count="2" type="stmt"/>
        <line num="56" count="0" type="stmt"/>
        <line num="60" count="2" type="stmt"/>
        <line num="61" count="2" type="cond" truecount="1" falsecount="1"/>
        <line num="66" count="0" type="stmt"/>
        <line num="69" count="2" type="stmt"/>
        <line num="72" count="2" type="cond" truecount="1" falsecount="1"/>
        <line num="73" count="0" type="stmt"/>
        <line num="76" count="2" type="stmt"/>
        <line num="77" count="2" type="stmt"/>
        <line num="82" count="2" type="stmt"/>
        <line num="86" count="2" type="stmt"/>
        <line num="92" count="2" type="cond" truecount="1" falsecount="1"/>
        <line num="93" count="0" type="stmt"/>
        <line num="95" count="2" type="cond" truecount="1" falsecount="1"/>
        <line num="96" count="2" type="cond" truecount="1" falsecount="1"/>
        <line num="97" count="0" type="stmt"/>
        <line num="99" count="2" type="cond" truecount="2" falsecount="0"/>
        <line num="100" count="1" type="stmt"/>
        <line num="106" count="1" type="cond" truecount="1" falsecount="2"/>
        <line num="107" count="1" type="stmt"/>
        <line num="108" count="1" type="stmt"/>
        <line num="109" count="1" type="stmt"/>
        <line num="111" count="1" type="stmt"/>
        <line num="125" count="2" type="stmt"/>
        <line num="126" count="2" type="cond" truecount="1" falsecount="1"/>
        <line num="128" count="2" type="stmt"/>
        <line num="129" count="2" type="cond" truecount="3" falsecount="1"/>
        <line num="130" count="0" type="stmt"/>
        <line num="132" count="2" type="cond" truecount="1" falsecount="1"/>
        <line num="133" count="0" type="stmt"/>
        <line num="136" count="2" type="stmt"/>
        <line num="137" count="2" type="stmt"/>
        <line num="138" count="2" type="cond" truecount="1" falsecount="1"/>
        <line num="140" count="2" type="stmt"/>
        <line num="143" count="2" type="cond" truecount="1" falsecount="1"/>
        <line num="144" count="2" type="cond" truecount="1" falsecount="1"/>
        <line num="146" count="2" type="stmt"/>
        <line num="147" count="2" type="stmt"/>
        <line num="148" count="2" type="stmt"/>
        <line num="149" count="2" type="cond" truecount="3" falsecount="1"/>
        <line num="151" count="1" type="stmt"/>
        <line num="158" count="1" type="stmt"/>
        <line num="166" count="2" type="stmt"/>
      </file>
      <file name="middleware.js" path="/home/runner/work/Vibe-Hub/Vibe-Hub/apps/server-bridge/auth/middleware.js">
        <metrics statements="101" coveredstatements="20" conditionals="79" coveredconditionals="10" methods="21" coveredmethods="4"/>
        <line num="14" count="2" type="cond" truecount="4" falsecount="2"/>
        <line num="15" count="2" type="stmt"/>
        <line num="23" count="3" type="stmt"/>
        <line num="26" count="2" type="cond" truecount="1" falsecount="1"/>
        <line num="27" count="0" type="stmt"/>
        <line num="28" count="0" type="stmt"/>
        <line num="36" count="0" type="stmt"/>
        <line num="47" count="0" type="stmt"/>
        <line num="48" count="0" type="stmt"/>
        <line num="51" count="0" type="stmt"/>
        <line num="54" count="0" type="stmt"/>
        <line num="55" count="0" type="cond" truecount="0" falsecount="2"/>
        <line num="56" count="0" type="stmt"/>
        <line num="60" count="0" type="stmt"/>
        <line num="65" count="0" type="cond" truecount="0" falsecount="2"/>
        <line num="66" count="0" type="stmt"/>
        <line num="70" count="0" type="cond" truecount="0" falsecount="2"/>
        <line num="72" count="0" type="stmt"/>
        <line num="74" count="0" type="cond" truecount="0" falsecount="2"/>
        <line num="78" count="0" type="stmt"/>
        <line num="93" count="0" type="stmt"/>
        <line num="94" count="0" type="stmt"/>
        <line num="98" count="0" type="cond" truecount="0" falsecount="4"/>
        <line num="99" count="0" type="cond" truecount="0" falsecount="2"/>
        <line num="103" count="0" type="stmt"/>
        <line num="107" count="0" type="stmt"/>
        <line num="120" count="0" type="stmt"/>
        <line num="122" count="0" type="cond" truecount="0" falsecount="3"/>
        <line num="126" count="0" type="cond" truecount="0" falsecount="2"/>
        <line num="127" count="0" type="stmt"/>
        <line num="128" count="0" type="cond" truecount="0" falsecount="2"/>
        <line num="129" count="0" type="stmt"/>
        <line num="135" count="0" type="cond" truecount="0" falsecount="2"/>
        <line num="136" count="0" type="stmt"/>
        <line num="137" count="0" type="stmt"/>
        <line num="139" count="0" type="stmt"/>
        <line num="144" count="0" type="stmt"/>
        <line num="145" count="0" type="cond" truecount="0" falsecount="2"/>
        <line num="146" count="0" type="stmt"/>
        <line num="147" count="0" type="cond" truecount="0" falsecount="2"/>
        <line num="148" count="0" type="stmt"/>
        <line num="155" count="0" type="stmt"/>
        <line num="162" count="1" type="stmt"/>
        <line num="165" count="1" type="cond" truecount="1" falsecount="1"/>
        <line num="168" count="1" type="stmt"/>
        <line num="177" count="1" type="cond" truecount="1" falsecount="1"/>
        <line num="178" count="1" type="stmt"/>
        <line num="188" count="1" type="cond" truecount="1" falsecount="1"/>
        <line num="189" count="1" type="stmt"/>
        <line num="199" count="1" type="cond" truecount="1" falsecount="1"/>
        <line num="200" count="0" type="stmt"/>
        <line num="214" count="2" type="stmt"/>
        <line num="216" count="2" type="cond" truecount="1" falsecount="1"/>
        <line num="218" count="2" type="stmt"/>
        <line num="219" count="2" type="stmt"/>
        <line num="220" count="2" type="stmt"/>
        <line num="224" count="0" type="stmt"/>
        <line num="225" count="0" type="cond" truecount="0" falsecount="2"/>
        <line num="227" count="0" type="stmt"/>
        <line num="228" count="0" type="stmt"/>
        <line num="235" count="0" type="stmt"/>
        <line num="243" count="0" type="stmt"/>
        <line num="244" count="0" type="cond" truecount="0" falsecount="2"/>
        <line num="245" count="0" type="stmt"/>
        <line num="246" count="0" type="stmt"/>
        <line num="247" count="0" type="stmt"/>
        <line num="248" count="0" type="stmt"/>
        <line num="249" count="0" type="stmt"/>
        <line num="250" count="0" type="stmt"/>
        <line num="252" count="0" type="cond" truecount="0" falsecount="2"/>
        <line num="253" count="0" type="cond" truecount="0" falsecount="2"/>
        <line num="259" count="0" type="stmt"/>
        <line num="264" count="0" type="stmt"/>
        <line num="272" count="0" type="stmt"/>
        <line num="273" count="0" type="cond" truecount="0" falsecount="2"/>
        <line num="274" count="0" type="stmt"/>
        <line num="275" count="0" type="stmt"/>
        <line num="276" count="0" type="stmt"/>
        <line num="277" count="0" type="stmt"/>
        <line num="278" count="0" type="stmt"/>
        <line num="279" count="0" type="stmt"/>
        <line num="281" count="0" type="cond" truecount="0" falsecount="2"/>
        <line num="282" count="0" type="cond" truecount="0" falsecount="2"/>
        <line num="288" count="0" type="stmt"/>
        <line num="293" count="0" type="stmt"/>
        <line num="294" count="0" type="stmt"/>
        <line num="301" count="0" type="cond" truecount="0" falsecount="2"/>
        <line num="302" count="0" type="stmt"/>
        <line num="304" count="0" type="cond" truecount="0" falsecount="2"/>
        <line num="305" count="0" type="stmt"/>
        <line num="306" count="0" type="stmt"/>
        <line num="309" count="0" type="stmt"/>
        <line num="310" count="0" type="stmt"/>
        <line num="313" count="0" type="stmt"/>
        <line num="319" count="0" type="stmt"/>
        <line num="323" count="0" type="stmt"/>
        <line num="324" count="0" type="cond" truecount="0" falsecount="2"/>
        <line num="325" count="0" type="stmt"/>
        <line num="334" count="5" type="stmt"/>
        <line num="335" count="5" type="stmt"/>
        <line num="337" count="4" type="stmt"/>
      </file>
      <file name="oauth-store.js" path="/home/runner/work/Vibe-Hub/Vibe-Hub/apps/server-bridge/auth/oauth-store.js">
        <metrics statements="90" coveredstatements="31" conditionals="48" coveredconditionals="15" methods="12" coveredmethods="6"/>
        <line num="10" count="1" type="stmt"/>
        <line num="11" count="1" type="stmt"/>
        <line num="12" count="1" type="stmt"/>
        <line num="14" count="1" type="stmt"/>
        <line num="15" count="1" type="cond" truecount="5" falsecount="0"/>
        <line num="21" count="1" type="cond" truecount="2" falsecount="2"/>
        <line num="22" count="1" type="stmt"/>
        <line num="25" count="0" type="stmt"/>
        <line num="26" count="0" type="stmt"/>
        <line num="27" count="0" type="stmt"/>
        <line num="30" count="0" type="stmt"/>
        <line num="33" count="1" type="stmt"/>
        <line num="34" count="1" type="stmt"/>
        <line num="40" count="1" type="stmt"/>
        <line num="41" count="1" type="stmt"/>
        <line num="44" count="1" type="stmt"/>
        <line num="48" count="1" type="stmt"/>
        <line num="56" count="0" type="stmt"/>
        <line num="57" count="0" type="stmt"/>
        <line num="59" count="0" type="stmt"/>
        <line num="61" count="0" type="stmt"/>
        <line num="62" count="0" type="stmt"/>
        <line num="68" count="0" type="stmt"/>
        <line num="70" count="0" type="stmt"/>
        <line num="72" count="0" type="stmt"/>
        <line num="77" count="0" type="stmt"/>
        <line num="86" count="0" type="cond" truecount="0" falsecount="2"/>
        <line num="88" count="0" type="stmt"/>
        <line num="90" count="0" type="stmt"/>
        <line num="96" count="0" type="cond" truecount="0" falsecount="2"/>
        <line num="98" count="0" type="stmt"/>
        <line num="99" count="0" type="cond" truecount="0" falsecount="5"/>
        <line num="100" count="0" type="stmt"/>
        <line num="101" count="0" type="stmt"/>
        <line num="103" count="0" type="stmt"/>
        <line num="106" count="0" type="stmt"/>
        <line num="109" count="0" type="cond" truecount="0" falsecount="4"/>
        <line num="110" count="0" type="stmt"/>
        <line num="114" count="0" type="stmt"/>
        <line num="116" count="0" type="stmt"/>
        <line num="121" count="0" type="stmt"/>
        <line num="123" count="0" type="stmt"/>
        <line num="124" count="0" type="cond" truecount="0" falsecount="5"/>
        <line num="125" count="0" type="stmt"/>
        <line num="126" count="0" type="stmt"/>
        <line num="128" count="0" type="stmt"/>
        <line num="137" count="1" type="stmt"/>
        <line num="138" count="1" type="stmt"/>
        <line num="140" count="1" type="stmt"/>
        <line num="142" count="1" type="stmt"/>
        <line num="143" count="1" type="stmt"/>
        <line num="155" count="0" type="stmt"/>
        <line num="156" count="0" type="stmt"/>
        <line num="158" count="1" type="stmt"/>
        <line num="160" count="1" type="stmt"/>
        <line num="166" count="1" type="stmt"/>
        <line num="167" count="1" type="stmt"/>
        <line num="176" count="3" type="cond" truecount="1" falsecount="1"/>
        <line num="178" count="3" type="stmt"/>
        <line num="180" count="3" type="stmt"/>
        <line num="187" count="0" type="cond" truecount="0" falsecount="2"/>
        <line num="189" count="0" type="stmt"/>
        <line num="190" count="0" type="cond" truecount="0" falsecount="4"/>
        <line num="191" count="0" type="stmt"/>
        <line num="192" count="0" type="stmt"/>
        <line num="194" count="0" type="stmt"/>
        <line num="197" count="0" type="stmt"/>
        <line num="200" count="0" type="cond" truecount="0" falsecount="2"/>
        <line num="201" count="0" type="stmt"/>
        <line num="202" count="0" type="stmt"/>
        <line num="206" count="0" type="cond" truecount="0" falsecount="2"/>
        <line num="207" count="0" type="stmt"/>
        <line num="208" count="0" type="stmt"/>
        <line num="212" count="0" type="stmt"/>
        <line num="217" count="0" type="stmt"/>
        <line num="218" count="0" type="cond" truecount="0" falsecount="2"/>
        <line num="219" count="0" type="stmt"/>
        <line num="221" count="0" type="stmt"/>
        <line num="224" count="0" type="stmt"/>
        <line num="230" count="3" type="stmt"/>
        <line num="232" count="3" type="stmt"/>
        <line num="233" count="3" type="cond" truecount="4" falsecount="0"/>
        <line num="234" count="1" type="stmt"/>
        <line num="235" count="1" type="stmt"/>
        <line num="237" count="2" type="stmt"/>
        <line num="245" count="0" type="stmt"/>
        <line num="246" count="0" type="stmt"/>
        <line num="247" count="0" type="stmt"/>
        <line num="248" count="0" type="stmt"/>
        <line num="250" count="0" type="stmt"/>
      </file>
      <file name="pow-middleware.js" path="/home/runner/work/Vibe-Hub/Vibe-Hub/apps/server-bridge/auth/pow-middleware.js">
        <metrics statements="18" coveredstatements="15" conditionals="28" coveredconditionals="19" methods="2" coveredmethods="2"/>
        <line num="10" count="1" type="cond" truecount="4" falsecount="2"/>
        <line num="20" count="1" type="stmt"/>
        <line num="22" count="2" type="cond" truecount="2" falsecount="2"/>
        <line num="23" count="2" type="cond" truecount="3" falsecount="1"/>
        <line num="24" count="0" type="stmt"/>
        <line num="28" count="2" type="stmt"/>
        <line num="29" count="2" type="cond" truecount="1" falsecount="2"/>
        <line num="31" count="2" type="cond" truecount="3" falsecount="1"/>
        <line num="32" count="0" type="stmt"/>
        <line num="41" count="2" type="stmt"/>
        <line num="42" count="2" type="cond" truecount="3" falsecount="1"/>
        <line num="43" count="0" type="stmt"/>
        <line num="52" count="2" type="stmt"/>
        <line num="53" count="2" type="stmt"/>
        <line num="55" count="2" type="stmt"/>
        <line num="56" count="2" type="cond" truecount="2" falsecount="0"/>
        <line num="57" count="1" type="stmt"/>
        <line num="64" count="1" type="stmt"/>
      </file>
      <file name="routes.js" path="/home/runner/work/Vibe-Hub/Vibe-Hub/apps/server-bridge/auth/routes.js">
        <metrics statements="85" coveredstatements="19" conditionals="18" coveredconditionals="2" methods="11" coveredmethods="1"/>
        <line num="27" count="1" type="stmt"/>
        <line num="30" count="0" type="stmt"/>
        <line num="43" count="1" type="stmt"/>
        <line num="49" count="1" type="stmt"/>
        <line num="50" count="3" type="stmt"/>
        <line num="51" count="3" type="stmt"/>
        <line num="52" count="3" type="cond" truecount="2" falsecount="0"/>
        <line num="53" count="2" type="stmt"/>
        <line num="54" count="2" type="stmt"/>
        <line num="61" count="1" type="stmt"/>
        <line num="68" count="1" type="stmt"/>
        <line num="69" count="1" type="stmt"/>
        <line num="77" count="0" type="stmt"/>
        <line num="78" count="0" type="stmt"/>
        <line num="79" count="0" type="stmt"/>
        <line num="87" count="1" type="stmt"/>
        <line num="88" count="0" type="stmt"/>
        <line num="90" count="0" type="cond" truecount="0" falsecount="2"/>
        <line num="91" count="0" type="stmt"/>
        <line num="99" count="0" type="stmt"/>
        <line num="111" count="1" type="stmt"/>
        <line num="112" count="0" type="stmt"/>
        <line num="113" count="0" type="stmt"/>
        <line num="114" count="0" type="stmt"/>
        <line num="116" count="0" type="cond" truecount="0" falsecount="4"/>
        <line num="117" count="0" type="stmt"/>
        <line num="120" count="0" type="stmt"/>
        <line num="122" count="0" type="stmt"/>
        <line num="124" count="0" type="stmt"/>
        <line num="125" count="0" type="stmt"/>
        <line num="133" count="1" type="stmt"/>
        <line num="134" count="0" type="stmt"/>
        <line num="135" count="0" type="stmt"/>
        <line num="136" count="0" type="stmt"/>
        <line num="138" count="0" type="stmt"/>
        <line num="141" count="0" type="stmt"/>
        <line num="143" count="0" type="stmt"/>
        <line num="145" count="0" type="stmt"/>
        <line num="146" count="0" type="stmt"/>
        <line num="154" count="1" type="stmt"/>
        <line num="155" count="0" type="stmt"/>
        <line num="156" count="0" type="stmt"/>
        <line num="157" count="0" type="stmt"/>
        <line num="159" count="0" type="stmt"/>
        <line num="162" count="0" type="stmt"/>
        <line num="175" count="0" type="stmt"/>
        <line num="177" count="0" type="stmt"/>
        <line num="178" count="0" type="stmt"/>
        <line num="186" count="1" type="stmt"/>
        <line num="187" count="0" type="stmt"/>
        <line num="188" count="0" type="stmt"/>
        <line num="189" count="0" type="stmt"/>
        <line num="190" count="0" type="stmt"/>
        <line num="193" count="0" type="cond" truecount="0" falsecount="2"/>
        <line num="194" count="0" type="stmt"/>
        <line num="200" count="0" type="stmt"/>
        <line num="202" count="0" type="stmt"/>
        <line num="204" count="0" type="stmt"/>
        <line num="205" count="0" type="stmt"/>
        <line num="213" count="1" type="stmt"/>
        <line num="214" count="0" type="stmt"/>
        <line num="215" count="0" type="stmt"/>
        <line num="216" count="0" type="cond" truecount="0" falsecount="2"/>
        <line num="218" count="0" type="stmt"/>
        <line num="220" count="0" type="stmt"/>
        <line num="222" count="0" type="stmt"/>
        <line num="223" count="0" type="stmt"/>
        <line num="231" count="1" type="stmt"/>
        <line num="232" count="0" type="stmt"/>
        <line num="233" count="0" type="cond" truecount="0" falsecount="2"/>
        <line num="234" count="0" type="stmt"/>
        <line num="237" count="0" type="stmt"/>
        <line num="243" count="0" type="stmt"/>
        <line num="244" count="0" type="stmt"/>
        <line num="252" count="1" type="stmt"/>
        <line num="253" count="0" type="stmt"/>
        <line num="254" count="0" type="stmt"/>
        <line num="256" count="0" type="cond" truecount="0" falsecount="2"/>
        <line num="257" count="0" type="stmt"/>
        <line num="260" count="0" type="stmt"/>
        <line num="262" count="0" type="cond" truecount="0" falsecount="2"/>
        <line num="263" count="0" type="stmt"/>
        <line num="266" count="0" type="stmt"/>
        <line num="279" count="0" type="stmt"/>
        <line num="280" count="0" type="stmt"/>
      </file>
      <file name="secret-provider.js" path="/home/runner/work/Vibe-Hub/Vibe-Hub/apps/server-bridge/auth/secret-provider.js">
        <metrics statements="50" coveredstatements="16" conditionals="53" coveredconditionals="19" methods="12" coveredmethods="6"/>
        <line num="4" count="36" type="cond" truecount="1" falsecount="1"/>
        <line num="6" count="36" type="stmt"/>
        <line num="12" count="36" type="stmt"/>
        <line num="16" count="0" type="cond" truecount="0" falsecount="2"/>
        <line num="22" count="36" type="stmt"/>
        <line num="23" count="36" type="cond" truecount="2" falsecount="0"/>
        <line num="24" count="36" type="cond" truecount="2" falsecount="0"/>
        <line num="25" count="36" type="cond" truecount="2" falsecount="0"/>
        <line num="26" count="36" type="cond" truecount="2" falsecount="0"/>
        <line num="27" count="36" type="cond" truecount="2" falsecount="0"/>
        <line num="28" count="36" type="stmt"/>
        <line num="29" count="36" type="cond" truecount="2" falsecount="0"/>
        <line num="33" count="0" type="cond" truecount="0" falsecount="2"/>
        <line num="37" count="0" type="cond" truecount="0" falsecount="2"/>
        <line num="38" count="0" type="stmt"/>
        <line num="39" count="0" type="stmt"/>
        <line num="40" count="0" type="cond" truecount="0" falsecount="4"/>
        <line num="42" count="0" type="stmt"/>
        <line num="43" count="0" type="stmt"/>
        <line num="44" count="0" type="stmt"/>
        <line num="48" count="0" type="stmt"/>
        <line num="49" count="0" type="stmt"/>
        <line num="50" count="0" type="stmt"/>
        <line num="54" count="0" type="cond" truecount="0" falsecount="2"/>
        <line num="56" count="0" type="stmt"/>
        <line num="57" count="0" type="cond" truecount="0" falsecount="2"/>
        <line num="58" count="0" type="cond" truecount="0" falsecount="2"/>
        <line num="59" count="0" type="stmt"/>
        <line num="62" count="0" type="stmt"/>
        <line num="63" count="0" type="cond" truecount="0" falsecount="3"/>
        <line num="64" count="0" type="cond" truecount="0" falsecount="3"/>
        <line num="69" count="36" type="cond" truecount="3" falsecount="0"/>
        <line num="70" count="36" type="stmt"/>
        <line num="71" count="36" type="stmt"/>
        <line num="72" count="36" type="stmt"/>
        <line num="74" count="36" type="stmt"/>
        <line num="76" count="0" type="stmt"/>
        <line num="77" count="0" type="stmt"/>
        <line num="78" count="0" type="cond" truecount="0" falsecount="2"/>
        <line num="79" count="0" type="stmt"/>
        <line num="80" count="0" type="cond" truecount="0" falsecount="2"/>
        <line num="82" count="0" type="cond" truecount="0" falsecount="2"/>
        <line num="83" count="0" type="stmt"/>
        <line num="84" count="0" type="cond" truecount="0" falsecount="2"/>
        <line num="87" count="0" type="stmt"/>
        <line num="90" count="0" type="stmt"/>
        <line num="93" count="0" type="stmt"/>
        <line num="94" count="0" type="stmt"/>
        <line num="95" count="0" type="cond" truecount="0" falsecount="2"/>
        <line num="97" count="0" type="stmt"/>
      </file>
      <file name="service-auth.js" path="/home/runner/work/Vibe-Hub/Vibe-Hub/apps/server-bridge/auth/service-auth.js">
        <metrics statements="44" coveredstatements="26" conditionals="41" coveredconditionals="20" methods="9" coveredmethods="9"/>
        <line num="7" count="2" type="cond" truecount="1" falsecount="2"/>
        <line num="8" count="2" type="stmt"/>
        <line num="10" count="2" type="stmt"/>
        <line num="15" count="2" type="stmt"/>
        <line num="16" count="2" type="stmt"/>
        <line num="17" count="2" type="cond" truecount="1" falsecount="1"/>
        <line num="18" count="2" type="stmt"/>
        <line num="22" count="2" type="cond" truecount="1" falsecount="2"/>
        <line num="26" count="2" type="stmt"/>
        <line num="35" count="2" type="stmt"/>
        <line num="36" count="2" type="stmt"/>
        <line num="38" count="2" type="cond" truecount="3" falsecount="1"/>
        <line num="39" count="2" type="stmt"/>
        <line num="40" count="2" type="stmt"/>
        <line num="43" count="2" type="stmt"/>
        <line num="46" count="0" type="stmt"/>
        <line num="47" count="0" type="cond" truecount="0" falsecount="2"/>
        <line num="51" count="2" type="cond" truecount="1" falsecount="1"/>
        <line num="52" count="0" type="stmt"/>
        <line num="53" count="0" type="cond" truecount="0" falsecount="2"/>
        <line num="54" count="0" type="stmt"/>
        <line num="55" count="0" type="stmt"/>
        <line num="56" count="0" type="stmt"/>
        <line num="57" count="0" type="stmt"/>
        <line num="58" count="0" type="stmt"/>
        <line num="59" count="0" type="stmt"/>
        <line num="60" count="0" type="stmt"/>
        <line num="62" count="0" type="cond" truecount="0" falsecount="2"/>
        <line num="63" count="0" type="cond" truecount="0" falsecount="2"/>
        <line num="70" count="0" type="stmt"/>
        <line num="75" count="0" type="stmt"/>
        <line num="83" count="2" type="cond" truecount="1" falsecount="1"/>
        <line num="85" count="2" type="stmt"/>
        <line num="86" count="2" type="cond" truecount="2" falsecount="0"/>
        <line num="87" count="1" type="stmt"/>
        <line num="94" count="1" type="stmt"/>
        <line num="103" count="2" type="stmt"/>
        <line num="104" count="2" type="stmt"/>
        <line num="105" count="2" type="stmt"/>
        <line num="106" count="2" type="stmt"/>
        <line num="108" count="0" type="cond" truecount="0" falsecount="2"/>
        <line num="109" count="0" type="cond" truecount="0" falsecount="2"/>
        <line num="116" count="0" type="stmt"/>
        <line num="121" count="1" type="stmt"/>
      </file>
      <file name="session.js" path="/home/runner/work/Vibe-Hub/Vibe-Hub/apps/server-bridge/auth/session.js">
        <metrics statements="204" coveredstatements="53" conditionals="195" coveredconditionals="59" methods="32" coveredmethods="10"/>
        <line num="33" count="6" type="cond" truecount="4" falsecount="2"/>
        <line num="34" count="6" type="cond" truecount="2" falsecount="0"/>
        <line num="35" count="6" type="cond" truecount="2" falsecount="0"/>
        <line num="36" count="6" type="cond" truecount="2" falsecount="0"/>
        <line num="37" count="6" type="stmt"/>
        <line num="38" count="6" type="stmt"/>
        <line num="43" count="6" type="cond" truecount="1" falsecount="1"/>
        <line num="44" count="0" type="stmt"/>
        <line num="45" count="0" type="stmt"/>
        <line num="52" count="0" type="stmt"/>
        <line num="59" count="0" type="stmt"/>
        <line num="62" count="6" type="stmt"/>
        <line num="65" count="0" type="stmt"/>
        <line num="77" count="2" type="cond" truecount="3" falsecount="1"/>
        <line num="78" count="2" type="cond" truecount="2" falsecount="0"/>
        <line num="79" count="2" type="stmt"/>
        <line num="80" count="2" type="stmt"/>
        <line num="81" count="2" type="stmt"/>
        <line num="85" count="1" type="cond" truecount="1" falsecount="1"/>
        <line num="87" count="1" type="cond" truecount="1" falsecount="1"/>
        <line num="88" count="0" type="stmt"/>
        <line num="89" count="0" type="stmt"/>
        <line num="92" count="1" type="stmt"/>
        <line num="93" count="1" type="cond" truecount="1" falsecount="1"/>
        <line num="95" count="1" type="stmt"/>
        <line num="96" count="1" type="cond" truecount="1" falsecount="1"/>
        <line num="97" count="0" type="stmt"/>
        <line num="102" count="1" type="stmt"/>
        <line num="103" count="1" type="cond" truecount="1" falsecount="1"/>
        <line num="104" count="1" type="stmt"/>
        <line num="105" count="1" type="stmt"/>
        <line num="106" count="1" type="stmt"/>
        <line num="108" count="0" type="stmt"/>
        <line num="111" count="1" type="stmt"/>
        <line num="116" count="0" type="stmt"/>
        <line num="117" count="0" type="stmt"/>
        <line num="120" count="0" type="stmt"/>
        <line num="123" count="0" type="stmt"/>
        <line num="124" count="0" type="cond" truecount="0" falsecount="2"/>
        <line num="125" count="0" type="stmt"/>
        <line num="129" count="0" type="stmt"/>
        <line num="134" count="5" type="cond" truecount="1" falsecount="1"/>
        <line num="136" count="5" type="stmt"/>
        <line num="137" count="5" type="cond" truecount="1" falsecount="1"/>
        <line num="138" count="0" type="cond" truecount="0" falsecount="2"/>
        <line num="140" count="0" type="cond" truecount="0" falsecount="2"/>
        <line num="143" count="5" type="cond" truecount="1" falsecount="1"/>
        <line num="147" count="5" type="cond" truecount="1" falsecount="1"/>
        <line num="148" count="5" type="cond" truecount="1" falsecount="1"/>
        <line num="149" count="5" type="cond" truecount="4" falsecount="0"/>
        <line num="150" count="4" type="cond" truecount="1" falsecount="1"/>
        <line num="151" count="4" type="stmt"/>
        <line num="155" count="5" type="cond" truecount="2" falsecount="2"/>
        <line num="156" count="5" type="cond" truecount="1" falsecount="1"/>
        <line num="158" count="5" type="cond" truecount="1" falsecount="1"/>
        <line num="159" count="0" type="cond" truecount="0" falsecount="2"/>
        <line num="160" count="0" type="stmt"/>
        <line num="162" count="0" type="cond" truecount="0" falsecount="2"/>
        <line num="163" count="0" type="stmt"/>
        <line num="165" count="0" type="stmt"/>
        <line num="168" count="5" type="cond" truecount="4" falsecount="0"/>
        <line num="169" count="2" type="stmt"/>
        <line num="172" count="3" type="cond" truecount="1" falsecount="1"/>
        <line num="173" count="12" type="stmt"/>
        <line num="174" count="3" type="cond" truecount="2" falsecount="2"/>
        <line num="175" count="3" type="stmt"/>
        <line num="178" count="0" type="cond" truecount="0" falsecount="2"/>
        <line num="179" count="0" type="stmt"/>
        <line num="180" count="0" type="cond" truecount="0" falsecount="2"/>
        <line num="181" count="0" type="cond" truecount="0" falsecount="2"/>
        <line num="182" count="0" type="stmt"/>
        <line num="185" count="0" type="stmt"/>
        <line num="189" count="5" type="cond" truecount="1" falsecount="1"/>
        <line num="190" count="5" type="stmt"/>
        <line num="191" count="5" type="stmt"/>
        <line num="192" count="5" type="cond" truecount="1" falsecount="1"/>
        <line num="193" count="5" type="stmt"/>
        <line num="194" count="5" type="stmt"/>
        <line num="195" count="5" type="stmt"/>
        <line num="196" count="5" type="stmt"/>
        <line num="200" count="5" type="stmt"/>
        <line num="204" count="0" type="stmt"/>
        <line num="208" count="0" type="cond" truecount="0" falsecount="4"/>
        <line num="209" count="0" type="cond" truecount="0" falsecount="2"/>
        <line num="210" count="0" type="stmt"/>
        <line num="217" count="0" type="stmt"/>
        <line num="221" count="0" type="stmt"/>
        <line num="222" count="0" type="stmt"/>
        <line num="223" count="0" type="stmt"/>
        <line num="232" count="0" type="stmt"/>
        <line num="239" count="0" type="cond" truecount="0" falsecount="2"/>
        <line num="242" count="0" type="stmt"/>
        <line num="243" count="0" type="stmt"/>
        <line num="244" count="0" type="stmt"/>
        <line num="246" count="0" type="cond" truecount="0" falsecount="4"/>
        <line num="247" count="0" type="cond" truecount="0" falsecount="2"/>
        <line num="248" count="0" type="cond" truecount="0" falsecount="2"/>
        <line num="249" count="0" type="stmt"/>
        <line num="251" count="0" type="cond" truecount="0" falsecount="4"/>
        <line num="252" count="0" type="cond" truecount="0" falsecount="2"/>
        <line num="253" count="0" type="stmt"/>
        <line num="255" count="0" type="cond" truecount="0" falsecount="4"/>
        <line num="256" count="0" type="stmt"/>
        <line num="257" count="0" type="stmt"/>
        <line num="259" count="0" type="stmt"/>
        <line num="271" count="5" type="cond" truecount="2" falsecount="2"/>
        <line num="282" count="0" type="stmt"/>
        <line num="283" count="0" type="cond" truecount="0" falsecount="2"/>
        <line num="284" count="0" type="stmt"/>
        <line num="285" count="0" type="stmt"/>
        <line num="287" count="0" type="stmt"/>
        <line num="294" count="0" type="stmt"/>
        <line num="295" count="0" type="stmt"/>
        <line num="296" count="0" type="stmt"/>
        <line num="297" count="0" type="stmt"/>
        <line num="301" count="0" type="stmt"/>
        <line num="302" count="0" type="stmt"/>
        <line num="304" count="0" type="stmt"/>
        <line num="305" count="0" type="stmt"/>
        <line num="307" count="0" type="stmt"/>
        <line num="308" count="0" type="cond" truecount="0" falsecount="2"/>
        <line num="309" count="0" type="cond" truecount="0" falsecount="2"/>
        <line num="310" count="0" type="stmt"/>
        <line num="312" count="0" type="stmt"/>
        <line num="313" count="0" type="stmt"/>
        <line num="316" count="0" type="stmt"/>
        <line num="328" count="0" type="stmt"/>
        <line num="329" count="0" type="stmt"/>
        <line num="331" count="0" type="stmt"/>
        <line num="340" count="0" type="stmt"/>
        <line num="351" count="0" type="stmt"/>
        <line num="356" count="0" type="stmt"/>
        <line num="370" count="0" type="stmt"/>
        <line num="371" count="0" type="stmt"/>
        <line num="373" count="0" type="stmt"/>
        <line num="378" count="0" type="stmt"/>
        <line num="395" count="0" type="stmt"/>
        <line num="396" count="0" type="cond" truecount="0" falsecount="5"/>
        <line num="398" count="0" type="stmt"/>
        <line num="399" count="0" type="cond" truecount="0" falsecount="4"/>
        <line num="402" count="0" type="cond" truecount="0" falsecount="4"/>
        <line num="403" count="0" type="cond" truecount="0" falsecount="2"/>
        <line num="404" count="0" type="stmt"/>
        <line num="405" count="0" type="stmt"/>
        <line num="406" count="0" type="stmt"/>
        <line num="410" count="0" type="stmt"/>
        <line num="411" count="0" type="stmt"/>
        <line num="415" count="0" type="cond" truecount="0" falsecount="2"/>
        <line num="416" count="0" type="stmt"/>
        <line num="417" count="0" type="cond" truecount="0" falsecount="2"/>
        <line num="418" count="0" type="cond" truecount="0" falsecount="4"/>
        <line num="419" count="0" type="stmt"/>
        <line num="420" count="0" type="stmt"/>
        <line num="427" count="0" type="stmt"/>
        <line num="429" count="0" type="stmt"/>
        <line num="430" count="0" type="cond" truecount="0" falsecount="2"/>
        <line num="431" count="0" type="stmt"/>
        <line num="434" count="0" type="stmt"/>
        <line num="435" count="0" type="cond" truecount="0" falsecount="2"/>
        <line num="436" count="0" type="stmt"/>
        <line num="437" count="0" type="stmt"/>
        <line num="438" count="0" type="stmt"/>
        <line num="440" count="0" type="cond" truecount="0" falsecount="5"/>
        <line num="441" count="0" type="stmt"/>
        <line num="444" count="0" type="cond" truecount="0" falsecount="4"/>
        <line num="445" count="0" type="cond" truecount="0" falsecount="4"/>
        <line num="446" count="0" type="stmt"/>
        <line num="447" count="0" type="stmt"/>
        <line num="448" count="0" type="stmt"/>
        <line num="455" count="0" type="stmt"/>
        <line num="457" count="0" type="stmt"/>
        <line num="460" count="0" type="stmt"/>
        <line num="463" count="0" type="stmt"/>
        <line num="468" count="0" type="stmt"/>
        <line num="469" count="0" type="stmt"/>
        <line num="472" count="0" type="stmt"/>
        <line num="473" count="0" type="stmt"/>
        <line num="475" count="0" type="stmt"/>
        <line num="484" count="0" type="stmt"/>
        <line num="487" count="0" type="stmt"/>
        <line num="490" count="0" type="stmt"/>
        <line num="498" count="0" type="stmt"/>
        <line num="509" count="0" type="cond" truecount="0" falsecount="2"/>
        <line num="511" count="0" type="stmt"/>
        <line num="512" count="0" type="cond" truecount="0" falsecount="2"/>
        <line num="515" count="0" type="cond" truecount="0" falsecount="4"/>
        <line num="516" count="0" type="cond" truecount="0" falsecount="2"/>
        <line num="517" count="0" type="stmt"/>
        <line num="518" count="0" type="stmt"/>
        <line num="519" count="0" type="stmt"/>
        <line num="524" count="0" type="stmt"/>
        <line num="526" count="0" type="stmt"/>
        <line num="533" count="0" type="stmt"/>
        <line num="535" count="0" type="stmt"/>
        <line num="548" count="0" type="stmt"/>
        <line num="550" count="0" type="stmt"/>
        <line num="563" count="0" type="stmt"/>
        <line num="571" count="0" type="cond" truecount="0" falsecount="2"/>
        <line num="574" count="0" type="stmt"/>
        <line num="581" count="0" type="stmt"/>
        <line num="588" count="0" type="stmt"/>
        <line num="589" count="0" type="stmt"/>
        <line num="591" count="0" type="stmt"/>
        <line num="592" count="0" type="stmt"/>
      </file>
      <file name="tenant.js" path="/home/runner/work/Vibe-Hub/Vibe-Hub/apps/server-bridge/auth/tenant.js">
        <metrics statements="34" coveredstatements="25" conditionals="52" coveredconditionals="38" methods="9" coveredmethods="7"/>
        <line num="3" count="1" type="stmt"/>
        <line num="4" count="1" type="stmt"/>
        <line num="5" count="1" type="stmt"/>
        <line num="9" count="3" type="stmt"/>
        <line num="12" count="4" type="cond" truecount="3" falsecount="0"/>
        <line num="16" count="6" type="cond" truecount="5" falsecount="0"/>
        <line num="17" count="5" type="stmt"/>
        <line num="18" count="5" type="cond" truecount="1" falsecount="1"/>
        <line num="19" count="0" type="stmt"/>
        <line num="21" count="5" type="stmt"/>
        <line num="25" count="1" type="cond" truecount="1" falsecount="1"/>
        <line num="26" count="1" type="cond" truecount="1" falsecount="1"/>
        <line num="27" count="1" type="stmt"/>
        <line num="37" count="2" type="stmt"/>
        <line num="42" count="2" type="stmt"/>
        <line num="43" count="2" type="cond" truecount="3" falsecount="1"/>
        <line num="44" count="2" type="cond" truecount="2" falsecount="1"/>
        <line num="46" count="2" type="cond" truecount="1" falsecount="1"/>
        <line num="47" count="0" type="stmt"/>
        <line num="50" count="2" type="cond" truecount="2" falsecount="0"/>
        <line num="56" count="1" type="stmt"/>
        <line num="59" count="1" type="stmt"/>
        <line num="68" count="2" type="stmt"/>
        <line num="69" count="2" type="stmt"/>
        <line num="70" count="2" type="stmt"/>
        <line num="71" count="2" type="cond" truecount="3" falsecount="1"/>
        <line num="72" count="1" type="stmt"/>
        <line num="76" count="0" type="stmt"/>
        <line num="77" count="0" type="stmt"/>
        <line num="78" count="0" type="stmt"/>
        <line num="79" count="0" type="stmt"/>
        <line num="81" count="0" type="cond" truecount="0" falsecount="2"/>
        <line num="82" count="0" type="cond" truecount="0" falsecount="2"/>
        <line num="89" count="0" type="stmt"/>
      </file>
    </package>
    <package name="server-bridge.evals.parity">
      <metrics statements="294" coveredstatements="159" conditionals="272" coveredconditionals="88" methods="90" coveredmethods="51"/>
      <file name="live-adapters.js" path="/home/runner/work/Vibe-Hub/Vibe-Hub/apps/server-bridge/evals/parity/live-adapters.js">
        <metrics statements="59" coveredstatements="7" conditionals="49" coveredconditionals="4" methods="16" coveredmethods="5"/>
        <line num="5" count="0" type="cond" truecount="0" falsecount="2"/>
        <line num="7" count="0" type="stmt"/>
        <line num="8" count="0" type="stmt"/>
        <line num="10" count="0" type="stmt"/>
        <line num="13" count="0" type="cond" truecount="0" falsecount="7"/>
        <line num="14" count="0" type="stmt"/>
        <line num="17" count="0" type="stmt"/>
        <line num="21" count="0" type="cond" truecount="0" falsecount="4"/>
        <line num="22" count="0" type="stmt"/>
        <line num="32" count="0" type="cond" truecount="0" falsecount="4"/>
        <line num="35" count="0" type="cond" truecount="0" falsecount="2"/>
        <line num="41" count="0" type="stmt"/>
        <line num="52" count="0" type="stmt"/>
        <line num="53" count="0" type="stmt"/>
        <line num="54" count="0" type="stmt"/>
        <line num="60" count="0" type="stmt"/>
        <line num="61" count="0" type="stmt"/>
        <line num="62" count="0" type="stmt"/>
        <line num="63" count="0" type="stmt"/>
        <line num="64" count="0" type="cond" truecount="0" falsecount="2"/>
        <line num="65" count="0" type="stmt"/>
        <line num="66" count="0" type="stmt"/>
        <line num="67" count="0" type="stmt"/>
        <line num="70" count="0" type="stmt"/>
        <line num="71" count="0" type="stmt"/>
        <line num="73" count="0" type="stmt"/>
        <line num="74" count="0" type="stmt"/>
        <line num="76" count="0" type="stmt"/>
        <line num="77" count="0" type="cond" truecount="0" falsecount="2"/>
        <line num="78" count="0" type="stmt"/>
        <line num="79" count="0" type="stmt"/>
        <line num="80" count="0" type="stmt"/>
        <line num="82" count="0" type="stmt"/>
        <line num="83" count="0" type="cond" truecount="0" falsecount="2"/>
        <line num="84" count="0" type="stmt"/>
        <line num="85" count="0" type="stmt"/>
        <line num="86" count="0" type="cond" truecount="0" falsecount="2"/>
        <line num="87" count="0" type="cond" truecount="0" falsecount="2"/>
        <line num="88" count="0" type="stmt"/>
        <line num="90" count="0" type="stmt"/>
        <line num="93" count="0" type="stmt"/>
        <line num="94" count="0" type="stmt"/>
        <line num="97" count="0" type="cond" truecount="0" falsecount="2"/>
        <line num="98" count="0" type="cond" truecount="0" falsecount="2"/>
        <line num="99" count="0" type="stmt"/>
        <line num="102" count="0" type="cond" truecount="1" falsecount="1"/>
        <line num="103" count="2" type="stmt"/>
        <line num="106" count="2" type="stmt"/>
        <line num="109" count="1" type="stmt"/>
        <line num="110" count="1" type="cond" truecount="1" falsecount="1"/>
        <line num="111" count="1" type="stmt"/>
        <line num="121" count="0" type="stmt"/>
        <line num="122" count="0" type="stmt"/>
        <line num="123" count="0" type="stmt"/>
        <line num="129" count="0" type="stmt"/>
        <line num="133" count="0" type="stmt"/>
        <line num="135" count="0" type="stmt"/>
        <line num="149" count="1" type="stmt"/>
        <line num="152" count="2" type="stmt"/>
      </file>
      <file name="runner.js" path="/home/runner/work/Vibe-Hub/Vibe-Hub/apps/server-bridge/evals/parity/runner.js">
        <metrics statements="158" coveredstatements="84" conditionals="156" coveredconditionals="50" methods="43" coveredmethods="17"/>
        <line num="9" count="1" type="stmt"/>
        <line num="10" count="1" type="stmt"/>
        <line num="11" count="1" type="stmt"/>
        <line num="12" count="1" type="stmt"/>
        <line num="13" count="1" type="stmt"/>
        <line num="14" count="1" type="stmt"/>
        <line num="20" count="0" type="cond" truecount="0" falsecount="2"/>
        <line num="24" count="0" type="cond" truecount="0" falsecount="2"/>
        <line num="25" count="0" type="cond" truecount="0" falsecount="2"/>
        <line num="26" count="0" type="cond" truecount="0" falsecount="2"/>
        <line num="30" count="83" type="cond" truecount="2" falsecount="0"/>
        <line num="31" count="83" type="stmt"/>
        <line num="35" count="33" type="stmt"/>
        <line num="38" count="0" type="cond" truecount="0" falsecount="1"/>
        <line num="39" count="0" type="stmt"/>
        <line num="43" count="1" type="cond" truecount="1" falsecount="1"/>
        <line num="44" count="1" type="cond" truecount="1" falsecount="1"/>
        <line num="45" count="0" type="stmt"/>
        <line num="47" count="1" type="stmt"/>
        <line num="51" count="0" type="stmt"/>
        <line num="52" count="0" type="stmt"/>
        <line num="53" count="0" type="stmt"/>
        <line num="54" count="0" type="stmt"/>
        <line num="61" count="0" type="stmt"/>
        <line num="62" count="0" type="stmt"/>
        <line num="63" count="0" type="stmt"/>
        <line num="64" count="0" type="stmt"/>
        <line num="65" count="0" type="cond" truecount="0" falsecount="2"/>
        <line num="66" count="0" type="stmt"/>
        <line num="67" count="0" type="stmt"/>
        <line num="68" count="0" type="stmt"/>
        <line num="75" count="0" type="stmt"/>
        <line num="76" count="0" type="stmt"/>
        <line num="78" count="0" type="stmt"/>
        <line num="79" count="0" type="stmt"/>
        <line num="81" count="0" type="stmt"/>
        <line num="82" count="0" type="cond" truecount="0" falsecount="2"/>
        <line num="83" count="0" type="stmt"/>
        <line num="84" count="0" type="stmt"/>
        <line num="85" count="0" type="stmt"/>
        <line num="87" count="0" type="stmt"/>
        <line num="88" count="0" type="cond" truecount="0" falsecount="2"/>
        <line num="89" count="0" type="stmt"/>
        <line num="90" count="0" type="stmt"/>
        <line num="91" count="0" type="cond" truecount="0" falsecount="2"/>
        <line num="92" count="0" type="cond" truecount="0" falsecount="2"/>
        <line num="98" count="0" type="stmt"/>
        <line num="100" count="0" type="stmt"/>
        <line num="104" count="0" type="stmt"/>
        <line num="116" count="0" type="stmt"/>
        <line num="133" count="0" type="cond" truecount="0" falsecount="2"/>
        <line num="134" count="0" type="stmt"/>
        <line num="135" count="0" type="stmt"/>
        <line num="136" count="0" type="cond" truecount="0" falsecount="2"/>
        <line num="140" count="0" type="stmt"/>
        <line num="159" count="50" type="stmt"/>
        <line num="168" count="15" type="stmt"/>
        <line num="175" count="15" type="stmt"/>
        <line num="177" count="15" type="stmt"/>
        <line num="199" count="4" type="stmt"/>
        <line num="200" count="4" type="stmt"/>
        <line num="204" count="1" type="stmt"/>
        <line num="205" count="1" type="stmt"/>
        <line num="206" count="0" type="cond" truecount="0" falsecount="2"/>
        <line num="207" count="0" type="stmt"/>
        <line num="209" count="0" type="stmt"/>
        <line num="214" count="1" type="cond" truecount="1" falsecount="1"/>
        <line num="215" count="0" type="stmt"/>
        <line num="217" count="1" type="cond" truecount="1" falsecount="1"/>
        <line num="218" count="2" type="stmt"/>
        <line num="220" count="1" type="stmt"/>
        <line num="221" count="6" type="stmt"/>
        <line num="223" count="1" type="stmt"/>
        <line num="224" count="15" type="stmt"/>
        <line num="227" count="1" type="stmt"/>
        <line num="266" count="1" type="cond" truecount="1" falsecount="1"/>
        <line num="267" count="0" type="stmt"/>
        <line num="268" count="0" type="cond" truecount="0" falsecount="2"/>
        <line num="269" count="0" type="stmt"/>
        <line num="270" count="0" type="cond" truecount="0" falsecount="2"/>
        <line num="271" count="0" type="stmt"/>
        <line num="279" count="15" type="stmt"/>
        <line num="283" count="20" type="stmt"/>
        <line num="294" count="1" type="stmt"/>
        <line num="301" count="1" type="cond" truecount="1" falsecount="1"/>
        <line num="302" count="1" type="stmt"/>
        <line num="304" count="1" type="cond" truecount="1" falsecount="1"/>
        <line num="305" count="1" type="stmt"/>
        <line num="307" count="1" type="cond" truecount="1" falsecount="1"/>
        <line num="308" count="1" type="stmt"/>
        <line num="311" count="1" type="stmt"/>
        <line num="315" count="0" type="stmt"/>
        <line num="316" count="0" type="stmt"/>
        <line num="320" count="1" type="cond" truecount="1" falsecount="1"/>
        <line num="321" count="1" type="cond" truecount="1" falsecount="1"/>
        <line num="322" count="1" type="stmt"/>
        <line num="323" count="1" type="cond" truecount="1" falsecount="1"/>
        <line num="324" count="1" type="cond" truecount="1" falsecount="1"/>
        <line num="325" count="1" type="cond" truecount="1" falsecount="1"/>
        <line num="326" count="1" type="cond" truecount="1" falsecount="1"/>
        <line num="329" count="0" type="cond" truecount="0" falsecount="2"/>
        <line num="330" count="0" type="cond" truecount="0" falsecount="2"/>
        <line num="331" count="1" type="stmt"/>
        <line num="332" count="1" type="cond" truecount="1" falsecount="1"/>
        <line num="333" count="1" type="stmt"/>
        <line num="340" count="1" type="stmt"/>
        <line num="341" count="1" type="stmt"/>
        <line num="343" count="1" type="stmt"/>
        <line num="344" count="1" type="stmt"/>
        <line num="345" count="1" type="stmt"/>
        <line num="346" count="0" type="cond" truecount="0" falsecount="2"/>
        <line num="347" count="0" type="stmt"/>
        <line num="349" count="0" type="stmt"/>
        <line num="351" count="1" type="stmt"/>
        <line num="360" count="0" type="cond" truecount="0" falsecount="2"/>
        <line num="363" count="0" type="stmt"/>
        <line num="366" count="0" type="stmt"/>
        <line num="373" count="0" type="stmt"/>
        <line num="384" count="1" type="stmt"/>
        <line num="385" count="1" type="stmt"/>
        <line num="386" count="15" type="stmt"/>
        <line num="387" count="15" type="stmt"/>
        <line num="392" count="15" type="stmt"/>
        <line num="395" count="15" type="cond" truecount="1" falsecount="1"/>
        <line num="396" count="0" type="stmt"/>
        <line num="416" count="15" type="stmt"/>
        <line num="417" count="15" type="stmt"/>
        <line num="419" count="0" type="stmt"/>
        <line num="444" count="15" type="stmt"/>
        <line num="445" count="15" type="cond" truecount="2" falsecount="0"/>
        <line num="446" count="10" type="stmt"/>
        <line num="447" count="20" type="cond" truecount="1" falsecount="1"/>
        <line num="450" count="20" type="cond" truecount="1" falsecount="1"/>
        <line num="453" count="20" type="stmt"/>
        <line num="454" count="20" type="stmt"/>
        <line num="467" count="15" type="stmt"/>
        <line num="468" count="15" type="stmt"/>
        <line num="473" count="15" type="stmt"/>
        <line num="474" count="15" type="stmt"/>
        <line num="475" count="15" type="stmt"/>
        <line num="478" count="1" type="stmt"/>
        <line num="479" count="1" type="stmt"/>
        <line num="480" count="1" type="cond" truecount="1" falsecount="1"/>
        <line num="481" count="0" type="stmt"/>
        <line num="482" count="0" type="cond" truecount="0" falsecount="2"/>
        <line num="483" count="0" type="cond" truecount="0" falsecount="2"/>
        <line num="484" count="0" type="cond" truecount="0" falsecount="2"/>
        <line num="485" count="0" type="stmt"/>
        <line num="492" count="0" type="stmt"/>
        <line num="494" count="0" type="stmt"/>
        <line num="499" count="1" type="stmt"/>
        <line num="509" count="1" type="stmt"/>
        <line num="511" count="1" type="stmt"/>
        <line num="512" count="1" type="stmt"/>
        <line num="514" count="1" type="stmt"/>
        <line num="522" count="4" type="stmt"/>
        <line num="526" count="0" type="stmt"/>
        <line num="530" count="0" type="stmt"/>
      </file>
      <file name="schema.js" path="/home/runner/work/Vibe-Hub/Vibe-Hub/apps/server-bridge/evals/parity/schema.js">
        <metrics statements="25" coveredstatements="24" conditionals="4" coveredconditionals="3" methods="5" coveredmethods="5"/>
        <line num="3" count="1" type="stmt"/>
        <line num="11" count="1" type="stmt"/>
        <line num="19" count="1" type="stmt"/>
        <line num="25" count="1" type="stmt"/>
        <line num="33" count="1" type="stmt"/>
        <line num="47" count="1" type="stmt"/>
        <line num="65" count="36" type="stmt"/>
        <line num="66" count="6" type="cond" truecount="2" falsecount="0"/>
        <line num="67" count="1" type="stmt"/>
        <line num="74" count="36" type="stmt"/>
        <line num="75" count="6" type="stmt"/>
        <line num="76" count="90" type="stmt"/>
        <line num="77" count="174" type="cond" truecount="1" falsecount="1"/>
        <line num="78" count="0" type="stmt"/>
        <line num="88" count="1" type="stmt"/>
        <line num="96" count="1" type="stmt"/>
        <line num="104" count="1" type="stmt"/>
        <line num="110" count="1" type="stmt"/>
        <line num="119" count="1" type="stmt"/>
        <line num="126" count="1" type="stmt"/>
        <line num="144" count="1" type="stmt"/>
        <line num="154" count="1" type="stmt"/>
        <line num="163" count="1" type="stmt"/>
        <line num="189" count="6" type="stmt"/>
        <line num="193" count="4" type="stmt"/>
      </file>
      <file name="scoring.js" path="/home/runner/work/Vibe-Hub/Vibe-Hub/apps/server-bridge/evals/parity/scoring.js">
        <metrics statements="52" coveredstatements="44" conditionals="63" coveredconditionals="31" methods="26" coveredmethods="24"/>
        <line num="4" count="74" type="stmt"/>
        <line num="5" count="74" type="cond" truecount="1" falsecount="1"/>
        <line num="9" count="80" type="cond" truecount="2" falsecount="0"/>
        <line num="10" count="16" type="stmt"/>
        <line num="14" count="43" type="stmt"/>
        <line num="15" count="181" type="stmt"/>
        <line num="16" count="13" type="cond" truecount="1" falsecount="1"/>
        <line num="17" count="59" type="stmt"/>
        <line num="19" count="13" type="cond" truecount="1" falsecount="1"/>
        <line num="20" count="13" type="stmt"/>
        <line num="21" count="13" type="cond" truecount="1" falsecount="1"/>
        <line num="27" count="13" type="stmt"/>
        <line num="34" count="59" type="stmt"/>
        <line num="39" count="2" type="stmt"/>
        <line num="40" count="2" type="stmt"/>
        <line num="41" count="40" type="cond" truecount="1" falsecount="1"/>
        <line num="44" count="2" type="stmt"/>
        <line num="45" count="60" type="cond" truecount="1" falsecount="1"/>
        <line num="46" count="4" type="cond" truecount="1" falsecount="1"/>
        <line num="47" count="4" type="stmt"/>
        <line num="48" count="4" type="cond" truecount="1" falsecount="1"/>
        <line num="49" count="4" type="cond" truecount="1" falsecount="1"/>
        <line num="54" count="4" type="stmt"/>
        <line num="64" count="0" type="stmt"/>
        <line num="65" count="0" type="cond" truecount="0" falsecount="2"/>
        <line num="66" count="0" type="stmt"/>
        <line num="68" count="0" type="stmt"/>
        <line num="70" count="0" type="stmt"/>
        <line num="84" count="12" type="stmt"/>
        <line num="85" count="12" type="stmt"/>
        <line num="86" count="4" type="stmt"/>
        <line num="87" count="2" type="cond" truecount="0" falsecount="2"/>
        <line num="89" count="2" type="cond" truecount="5" falsecount="1"/>
        <line num="93" count="2" type="stmt"/>
        <line num="96" count="0" type="cond" truecount="0" falsecount="5"/>
        <line num="99" count="0" type="stmt"/>
        <line num="102" count="0" type="stmt"/>
[...]
        <line num="21" count="0" type="stmt"/>
        <line num="26" count="0" type="cond" truecount="0" falsecount="2"/>
        <line num="27" count="0" type="stmt"/>
        <line num="28" count="0" type="stmt"/>
        <line num="30" count="0" type="stmt"/>
        <line num="38" count="0" type="stmt"/>
        <line num="39" count="0" type="stmt"/>
        <line num="45" count="0" type="stmt"/>
      </file>
      <file name="tracing.js" path="/home/runner/work/Vibe-Hub/Vibe-Hub/apps/server-bridge/utils/tracing.js">
        <metrics statements="33" coveredstatements="29" conditionals="56" coveredconditionals="43" methods="15" coveredmethods="14"/>
        <line num="5" count="30" type="stmt"/>
        <line num="6" count="30" type="stmt"/>
        <line num="9" count="1" type="cond" truecount="1" falsecount="1"/>
        <line num="10" count="1" type="stmt"/>
        <line num="23" count="2" type="stmt"/>
        <line num="32" count="263" type="cond" truecount="2" falsecount="0"/>
        <line num="36" count="257" type="stmt"/>
        <line num="37" count="257" type="stmt"/>
        <line num="38" count="257" type="stmt"/>
        <line num="40" count="257" type="stmt"/>
        <line num="52" count="2" type="stmt"/>
        <line num="53" count="2" type="cond" truecount="4" falsecount="0"/>
        <line num="57" count="1" type="stmt"/>
        <line num="58" count="1" type="cond" truecount="3" falsecount="1"/>
        <line num="62" count="1" type="stmt"/>
        <line num="63" count="1" type="cond" truecount="3" falsecount="1"/>
        <line num="67" count="2" type="stmt"/>
        <line num="68" count="2" type="stmt"/>
        <line num="74" count="2" type="stmt"/>
        <line num="75" count="2" type="stmt"/>
        <line num="77" count="0" type="stmt"/>
        <line num="78" count="0" type="stmt"/>
        <line num="79" count="0" type="stmt"/>
        <line num="81" count="2" type="stmt"/>
        <line num="87" count="1" type="cond" truecount="3" falsecount="1"/>
        <line num="88" count="1" type="cond" truecount="1" falsecount="1"/>
        <line num="92" count="1" type="cond" truecount="1" falsecount="1"/>
        <line num="93" count="1" type="cond" truecount="1" falsecount="1"/>
        <line num="94" count="1" type="stmt"/>
        <line num="102" count="0" type="stmt"/>
        <line num="106" count="1" type="stmt"/>
        <line num="110" count="259" type="stmt"/>
        <line num="111" count="1807" type="cond" truecount="4" falsecount="1"/>
      </file>
      <file name="validation.js" path="/home/runner/work/Vibe-Hub/Vibe-Hub/apps/server-bridge/utils/validation.js">
        <metrics statements="34" coveredstatements="19" conditionals="9" coveredconditionals="0" methods="11" coveredmethods="5"/>
        <line num="10" count="0" type="cond" truecount="0" falsecount="3"/>
        <line num="11" count="0" type="stmt"/>
        <line num="18" count="4" type="stmt"/>
        <line num="22" count="12" type="stmt"/>
        <line num="26" count="12" type="stmt"/>
        <line num="30" count="12" type="stmt"/>
        <line num="35" count="4" type="stmt"/>
        <line num="37" count="4" type="stmt"/>
        <line num="53" count="4" type="stmt"/>
        <line num="59" count="4" type="stmt"/>
        <line num="64" count="4" type="stmt"/>
        <line num="73" count="4" type="stmt"/>
        <line num="80" count="4" type="stmt"/>
        <line num="89" count="4" type="stmt"/>
        <line num="96" count="4" type="stmt"/>
        <line num="99" count="0" type="stmt"/>
        <line num="101" count="4" type="stmt"/>
        <line num="109" count="0" type="stmt"/>
        <line num="125" count="5" type="stmt"/>
        <line num="126" count="1" type="stmt"/>
        <line num="127" count="1" type="stmt"/>
        <line num="128" count="1" type="stmt"/>
        <line num="129" count="1" type="stmt"/>
        <line num="131" count="0" type="cond" truecount="0" falsecount="2"/>
        <line num="132" count="0" type="stmt"/>
        <line num="139" count="0" type="stmt"/>
        <line num="146" count="0" type="stmt"/>
        <line num="147" count="0" type="stmt"/>
        <line num="148" count="0" type="stmt"/>
        <line num="149" count="0" type="stmt"/>
        <line num="150" count="0" type="stmt"/>
        <line num="152" count="0" type="cond" truecount="0" falsecount="2"/>
        <line num="153" count="0" type="stmt"/>
        <line num="160" count="0" type="stmt"/>
      </file>
    </package>
    <package name="server-bridge.vfs">
      <metrics statements="271" coveredstatements="114" conditionals="192" coveredconditionals="65" methods="40" coveredmethods="15"/>
      <file name="browser_automator.js" path="/home/runner/work/Vibe-Hub/Vibe-Hub/apps/server-bridge/vfs/browser_automator.js">
        <metrics statements="42" coveredstatements="3" conditionals="17" coveredconditionals="0" methods="9" coveredmethods="1"/>
        <line num="11" count="5" type="stmt"/>
        <line num="12" count="5" type="stmt"/>
        <line num="16" count="0" type="cond" truecount="0" falsecount="2"/>
        <line num="17" count="0" type="stmt"/>
        <line num="19" count="0" type="cond" truecount="0" falsecount="2"/>
        <line num="23" count="0" type="stmt"/>
        <line num="28" count="0" type="stmt"/>
        <line num="29" count="0" type="stmt"/>
        <line num="31" count="0" type="stmt"/>
        <line num="32" count="0" type="stmt"/>
        <line num="34" count="0" type="stmt"/>
        <line num="39" count="0" type="stmt"/>
        <line num="40" count="0" type="cond" truecount="0" falsecount="2"/>
        <line num="42" count="0" type="stmt"/>
        <line num="43" count="0" type="stmt"/>
        <line num="44" count="0" type="stmt"/>
        <line num="46" count="0" type="stmt"/>
        <line num="51" count="0" type="stmt"/>
        <line num="52" count="0" type="cond" truecount="0" falsecount="2"/>
        <line num="54" count="0" type="stmt"/>
        <line num="55" count="0" type="stmt"/>
        <line num="56" count="0" type="stmt"/>
        <line num="57" count="0" type="stmt"/>
        <line num="59" count="0" type="stmt"/>
        <line num="64" count="0" type="stmt"/>
        <line num="65" count="0" type="cond" truecount="0" falsecount="2"/>
        <line num="67" count="0" type="stmt"/>
        <line num="68" count="0" type="stmt"/>
        <line num="69" count="0" type="stmt"/>
        <line num="70" count="0" type="stmt"/>
        <line num="72" count="0" type="stmt"/>
        <line num="77" count="0" type="stmt"/>
        <line num="78" count="0" type="cond" truecount="0" falsecount="2"/>
        <line num="80" count="0" type="stmt"/>
        <line num="81" count="0" type="stmt"/>
        <line num="82" count="0" type="stmt"/>
        <line num="84" count="0" type="stmt"/>
        <line num="89" count="0" type="cond" truecount="0" falsecount="2"/>
        <line num="90" count="0" type="stmt"/>
        <line num="91" count="0" type="stmt"/>
        <line num="92" count="0" type="stmt"/>
        <line num="97" count="5" type="stmt"/>
      </file>
      <file name="container.js" path="/home/runner/work/Vibe-Hub/Vibe-Hub/apps/server-bridge/vfs/container.js">
        <metrics statements="229" coveredstatements="111" conditionals="175" coveredconditionals="65" methods="31" coveredmethods="14"/>
        <line num="7" count="5" type="stmt"/>
        <line num="13" count="5" type="stmt"/>
        <line num="23" count="22" type="stmt"/>
        <line num="24" count="22" type="stmt"/>
        <line num="25" count="22" type="stmt"/>
        <line num="26" count="22" type="stmt"/>
        <line num="27" count="22" type="stmt"/>
        <line num="28" count="22" type="stmt"/>
        <line num="29" count="22" type="stmt"/>
        <line num="30" count="22" type="stmt"/>
        <line num="32" count="22" type="stmt"/>
        <line num="40" count="22" type="stmt"/>
        <line num="41" count="22" type="stmt"/>
        <line num="44" count="22" type="stmt"/>
        <line num="46" count="22" type="stmt"/>
        <line num="53" count="22" type="stmt"/>
        <line num="54" count="22" type="stmt"/>
        <line num="55" count="22" type="cond" truecount="1" falsecount="1"/>
        <line num="56" count="0" type="stmt"/>
        <line num="57" count="0" type="stmt"/>
        <line num="58" count="0" type="stmt"/>
        <line num="61" count="0" type="stmt"/>
        <line num="66" count="18" type="stmt"/>
        <line num="73" count="18" type="stmt"/>
        <line num="75" count="18" type="cond" truecount="1" falsecount="1"/>
        <line num="76" count="0" type="stmt"/>
        <line num="79" count="18" type="cond" truecount="1" falsecount="1"/>
        <line num="80" count="0" type="stmt"/>
        <line num="81" count="18" type="cond" truecount="2" falsecount="0"/>
        <line num="82" count="1" type="stmt"/>
        <line num="84" count="17" type="stmt"/>
        <line num="87" count="18" type="stmt"/>
        <line num="91" count="21" type="cond" truecount="1" falsecount="1"/>
        <line num="93" count="21" type="stmt"/>
        <line num="94" count="32" type="cond" truecount="5" falsecount="0"/>
        <line num="95" count="1" type="stmt"/>
        <line num="99" count="30" type="cond" truecount="2" falsecount="0"/>
        <line num="100" count="1" type="stmt"/>
        <line num="103" count="19" type="stmt"/>
        <line num="104" count="19" type="stmt"/>
        <line num="105" count="19" type="cond" truecount="4" falsecount="0"/>
        <line num="107" count="17" type="stmt"/>
        <line num="111" count="0" type="cond" truecount="0" falsecount="2"/>
        <line num="112" count="0" type="stmt"/>
        <line num="115" count="0" type="stmt"/>
        <line num="117" count="0" type="cond" truecount="0" falsecount="2"/>
        <line num="118" count="0" type="stmt"/>
        <line num="121" count="0" type="stmt"/>
        <line num="122" count="0" type="stmt"/>
        <line num="123" count="0" type="stmt"/>
        <line num="127" count="0" type="stmt"/>
        <line num="129" count="0" type="cond" truecount="0" falsecount="2"/>
        <line num="130" count="0" type="stmt"/>
        <line num="132" count="0" type="stmt"/>
        <line num="137" count="17" type="cond" truecount="3" falsecount="1"/>
        <line num="138" count="0" type="stmt"/>
        <line num="141" count="17" type="cond" truecount="2" falsecount="0"/>
        <line num="142" count="1" type="stmt"/>
        <line num="145" count="16" type="stmt"/>
        <line num="147" count="16" type="stmt"/>
        <line num="148" count="16" type="cond" truecount="2" falsecount="0"/>
        <line num="149" count="1" type="stmt"/>
        <line num="152" count="15" type="cond" truecount="1" falsecount="1"/>
        <line num="156" count="17" type="cond" truecount="2" falsecount="0"/>
        <line num="157" count="1" type="stmt"/>
        <line num="160" count="14" type="cond" truecount="3" falsecount="1"/>
        <line num="161" count="0" type="stmt"/>
        <line num="164" count="14" type="stmt"/>
        <line num="179" count="17" type="stmt"/>
        <line num="181" count="17" type="stmt"/>
        <line num="183" count="17" type="stmt"/>
        <line num="189" count="17" type="stmt"/>
        <line num="190" count="17" type="stmt"/>
        <line num="191" count="17" type="stmt"/>
        <line num="195" count="0" type="cond" truecount="0" falsecount="2"/>
        <line num="196" count="0" type="stmt"/>
        <line num="209" count="0" type="cond" truecount="0" falsecount="2"/>
        <line num="213" count="0" type="stmt"/>
        <line num="214" count="0" type="stmt"/>
        <line num="216" count="0" type="stmt"/>
        <line num="217" count="0" type="stmt"/>
        <line num="223" count="0" type="stmt"/>
        <line num="228" count="0" type="stmt"/>
        <line num="229" count="0" type="stmt"/>
        <line num="233" count="0" type="stmt"/>
        <line num="234" count="0" type="stmt"/>
        <line num="236" count="0" type="stmt"/>
        <line num="237" count="0" type="stmt"/>
        <line num="244" count="0" type="cond" truecount="0" falsecount="2"/>
        <line num="245" count="0" type="stmt"/>
        <line num="247" count="0" type="stmt"/>
        <line num="253" count="0" type="stmt"/>
        <line num="254" count="0" type="cond" truecount="0" falsecount="2"/>
        <line num="255" count="0" type="stmt"/>
        <line num="259" count="0" type="stmt"/>
        <line num="260" count="0" type="stmt"/>
        <line num="262" count="0" type="cond" truecount="0" falsecount="2"/>
        <line num="263" count="0" type="stmt"/>
        <line num="266" count="0" type="stmt"/>
        <line num="267" count="0" type="cond" truecount="0" falsecount="2"/>
        <line num="269" count="0" type="stmt"/>
        <line num="270" count="0" type="stmt"/>
        <line num="271" count="0" type="cond" truecount="0" falsecount="2"/>
        <line num="273" count="0" type="stmt"/>
        <line num="274" count="0" type="stmt"/>
        <line num="280" count="0" type="cond" truecount="0" falsecount="2"/>
        <line num="281" count="0" type="stmt"/>
        <line num="283" count="0" type="stmt"/>
        <line num="289" count="0" type="stmt"/>
        <line num="290" count="0" type="cond" truecount="0" falsecount="2"/>
        <line num="291" count="0" type="stmt"/>
        <line num="293" count="0" type="stmt"/>
        <line num="298" count="0" type="stmt"/>
        <line num="303" count="4" type="cond" truecount="2" falsecount="0"/>
        <line num="304" count="1" type="stmt"/>
        <line num="307" count="3" type="cond" truecount="2" falsecount="0"/>
        <line num="308" count="1" type="stmt"/>
        <line num="311" count="2" type="stmt"/>
        <line num="312" count="2" type="stmt"/>
        <line num="314" count="2" type="stmt"/>
        <line num="315" count="2" type="stmt"/>
        <line num="316" count="2" type="stmt"/>
        <line num="318" count="2" type="stmt"/>
        <line num="319" count="2" type="stmt"/>
        <line num="321" count="2" type="stmt"/>
        <line num="327" count="2" type="stmt"/>
        <line num="329" count="0" type="stmt"/>
        <line num="334" count="0" type="stmt"/>
        <line num="339" count="0" type="cond" truecount="0" falsecount="2"/>
        <line num="340" count="0" type="stmt"/>
        <line num="343" count="0" type="stmt"/>
        <line num="344" count="0" type="stmt"/>
        <line num="346" count="0" type="stmt"/>
        <line num="347" count="0" type="stmt"/>
        <line num="348" count="0" type="stmt"/>
        <line num="350" count="0" type="stmt"/>
        <line num="354" count="0" type="cond" truecount="0" falsecount="2"/>
        <line num="355" count="0" type="stmt"/>
        <line num="360" count="2" type="cond" truecount="2" falsecount="0"/>
        <line num="361" count="1" type="stmt"/>
        <line num="364" count="1" type="stmt"/>
        <line num="365" count="1" type="stmt"/>
        <line num="366" count="1" type="stmt"/>
        <line num="368" count="1" type="stmt"/>
        <line num="373" count="1" type="stmt"/>
        <line num="374" count="1" type="stmt"/>
        <line num="378" count="1" type="stmt"/>
        <line num="379" count="1" type="stmt"/>
        <line num="380" count="2" type="cond" truecount="4" falsecount="0"/>
        <line num="381" count="1" type="stmt"/>
        <line num="390" count="1" type="stmt"/>
        <line num="394" count="0" type="stmt"/>
        <line num="395" count="0" type="stmt"/>
        <line num="396" count="0" type="stmt"/>
        <line num="397" count="0" type="cond" truecount="0" falsecount="2"/>
        <line num="398" count="0" type="stmt"/>
        <line num="408" count="1" type="stmt"/>
        <line num="409" count="1" type="stmt"/>
        <line num="411" count="1" type="stmt"/>
        <line num="412" count="1" type="cond" truecount="1" falsecount="1"/>
        <line num="413" count="1" type="stmt"/>
        <line num="414" count="1" type="stmt"/>
        <line num="415" count="1" type="stmt"/>
        <line num="417" count="1" type="stmt"/>
        <line num="424" count="1" type="cond" truecount="1" falsecount="1"/>
        <line num="425" count="1" type="stmt"/>
        <line num="427" count="1" type="stmt"/>
        <line num="431" count="0" type="stmt"/>
        <line num="432" count="0" type="stmt"/>
        <line num="433" count="0" type="stmt"/>
        <line num="434" count="0" type="stmt"/>
        <line num="435" count="0" type="stmt"/>
        <line num="437" count="0" type="stmt"/>
        <line num="438" count="0" type="cond" truecount="0" falsecount="4"/>
        <line num="440" count="0" type="stmt"/>
        <line num="441" count="0" type="cond" truecount="0" falsecount="2"/>
        <line num="442" count="0" type="cond" truecount="0" falsecount="2"/>
        <line num="443" count="0" type="cond" truecount="0" falsecount="4"/>
        <line num="446" count="0" type="stmt"/>
        <line num="460" count="0" type="stmt"/>
        <line num="468" count="22" type="stmt"/>
        <line num="469" count="22" type="stmt"/>
        <line num="471" count="22" type="cond" truecount="4" falsecount="0"/>
        <line num="472" count="3" type="stmt"/>
        <line num="475" count="19" type="stmt"/>
        <line num="476" count="19" type="stmt"/>
        <line num="477" count="19" type="stmt"/>
        <line num="478" count="19" type="cond" truecount="4" falsecount="0"/>
        <line num="479" count="1" type="stmt"/>
        <line num="482" count="18" type="stmt"/>
        <line num="483" count="18" type="stmt"/>
        <line num="484" count="18" type="cond" truecount="1" falsecount="1"/>
        <line num="485" count="0" type="stmt"/>
        <line num="487" count="0" type="stmt"/>
        <line num="488" count="0" type="stmt"/>
        <line num="489" count="0" type="cond" truecount="0" falsecount="4"/>
        <line num="490" count="0" type="stmt"/>
        <line num="493" count="18" type="cond" truecount="1" falsecount="1"/>
        <line num="496" count="18" type="stmt"/>
        <line num="500" count="41" type="stmt"/>
        <line num="501" count="41" type="stmt"/>
        <line num="503" count="0" type="stmt"/>
        <line num="508" count="19" type="stmt"/>
        <line num="509" count="19" type="stmt"/>
        <line num="510" count="0" type="stmt"/>
        <line num="511" count="0" type="cond" truecount="0" falsecount="2"/>
        <line num="512" count="0" type="stmt"/>
        <line num="514" count="19" type="stmt"/>
        <line num="518" count="0" type="stmt"/>
        <line num="519" count="0" type="cond" truecount="0" falsecount="2"/>
        <line num="523" count="0" type="stmt"/>
        <line num="524" count="0" type="stmt"/>
        <line num="526" count="0" type="stmt"/>
        <line num="527" count="0" type="cond" truecount="0" falsecount="2"/>
        <line num="528" count="0" type="cond" truecount="0" falsecount="2"/>
        <line num="530" count="0" type="cond" truecount="0" falsecount="2"/>
        <line num="531" count="0" type="cond" truecount="0" falsecount="2"/>
        <line num="532" count="0" type="stmt"/>
        <line num="533" count="0" type="stmt"/>
        <line num="535" count="0" type="stmt"/>
        <line num="543" count="0" type="stmt"/>
        <line num="547" count="0" type="stmt"/>
        <line num="548" count="0" type="cond" truecount="0" falsecount="2"/>
        <line num="549" count="0" type="stmt"/>
        <line num="551" count="0" type="stmt"/>
        <line num="555" count="0" type="cond" truecount="0" falsecount="2"/>
        <line num="556" count="0" type="cond" truecount="0" falsecount="2"/>
        <line num="557" count="0" type="stmt"/>
        <line num="562" count="5" type="stmt"/>
      </file>
    </package>
  </project>
</coverage>
