{"D:\\Vibe Hub\\apps\\server-bridge\\db.js": {"path":"D:\\Vibe Hub\\apps\\server-bridge\\db.js","statementMap":{"0":{"start":{"line":3,"column":52},"end":{"line":3,"column":95}},"1":{"start":{"line":6,"column":2},"end":{"line":6,"column":null}},"2":{"start":{"line":6,"column":58},"end":{"line":6,"column":null}},"3":{"start":{"line":8,"column":2},"end":{"line":19,"column":null}},"4":{"start":{"line":9,"column":16},"end":{"line":9,"column":41}},"5":{"start":{"line":10,"column":20},"end":{"line":10,"column":66}},"6":{"start":{"line":11,"column":27},"end":{"line":11,"column":null}},"7":{"start":{"line":13,"column":4},"end":{"line":14,"column":null}},"8":{"start":{"line":14,"column":6},"end":{"line":14,"column":null}},"9":{"start":{"line":17,"column":4},"end":{"line":17,"column":null}},"10":{"start":{"line":19,"column":4},"end":{"line":19,"column":null}},"11":{"start":{"line":23,"column":13},"end":{"line":37,"column":2}},"12":{"start":{"line":39,"column":0},"end":{"line":41,"column":null}},"13":{"start":{"line":47,"column":2},"end":{"line":255,"column":null}},"14":{"start":{"line":48,"column":4},"end":{"line":249,"column":null}},"15":{"start":{"line":251,"column":4},"end":{"line":253,"column":null}},"16":{"start":{"line":252,"column":6},"end":{"line":252,"column":null}},"17":{"start":{"line":252,"column":35},"end":{"line":252,"column":60}},"18":{"start":{"line":253,"column":6},"end":{"line":253,"column":null}},"19":{"start":{"line":255,"column":4},"end":{"line":255,"column":null}},"20":{"start":{"line":263,"column":17},"end":{"line":271,"column":null}},"21":{"start":{"line":273,"column":2},"end":{"line":273,"column":null}},"22":{"start":{"line":277,"column":17},"end":{"line":277,"column":76}},"23":{"start":{"line":278,"column":2},"end":{"line":278,"column":null}},"24":{"start":{"line":286,"column":17},"end":{"line":290,"column":null}},"25":{"start":{"line":292,"column":2},"end":{"line":292,"column":null}},"26":{"start":{"line":296,"column":17},"end":{"line":302,"column":null}},"27":{"start":{"line":304,"column":2},"end":{"line":304,"column":null}},"28":{"start":{"line":308,"column":17},"end":{"line":314,"column":null}},"29":{"start":{"line":316,"column":2},"end":{"line":316,"column":null}},"30":{"start":{"line":320,"column":2},"end":{"line":323,"column":null}},"31":{"start":{"line":327,"column":2},"end":{"line":332,"column":null}},"32":{"start":{"line":336,"column":2},"end":{"line":341,"column":null}},"33":{"start":{"line":345,"column":17},"end":{"line":350,"column":null}},"34":{"start":{"line":352,"column":2},"end":{"line":352,"column":null}},"35":{"start":{"line":356,"column":17},"end":{"line":358,"column":null}},"36":{"start":{"line":360,"column":2},"end":{"line":360,"column":null}},"37":{"start":{"line":368,"column":17},"end":{"line":372,"column":null}},"38":{"start":{"line":374,"column":2},"end":{"line":374,"column":null}},"39":{"start":{"line":378,"column":17},"end":{"line":389,"column":null}},"40":{"start":{"line":391,"column":2},"end":{"line":391,"column":null}},"41":{"start":{"line":395,"column":2},"end":{"line":400,"column":null}},"42":{"start":{"line":404,"column":2},"end":{"line":409,"column":null}},"43":{"start":{"line":413,"column":2},"end":{"line":416,"column":null}},"44":{"start":{"line":424,"column":2},"end":{"line":428,"column":null}},"45":{"start":{"line":432,"column":17},"end":{"line":438,"column":null}},"46":{"start":{"line":440,"column":2},"end":{"line":440,"column":null}},"47":{"start":{"line":447,"column":17},"end":{"line":454,"column":null}},"48":{"start":{"line":456,"column":2},"end":{"line":456,"column":null}},"49":{"start":{"line":463,"column":17},"end":{"line":467,"column":null}},"50":{"start":{"line":469,"column":2},"end":{"line":469,"column":null}},"51":{"start":{"line":476,"column":14},"end":{"line":476,"column":null}},"52":{"start":{"line":477,"column":15},"end":{"line":477,"column":28}},"53":{"start":{"line":479,"column":2},"end":{"line":481,"column":null}},"54":{"start":{"line":480,"column":4},"end":{"line":480,"column":null}},"55":{"start":{"line":481,"column":4},"end":{"line":481,"column":null}},"56":{"start":{"line":484,"column":2},"end":{"line":484,"column":null}},"57":{"start":{"line":486,"column":17},"end":{"line":486,"column":48}},"58":{"start":{"line":487,"column":2},"end":{"line":487,"column":null}},"59":{"start":{"line":491,"column":17},"end":{"line":499,"column":null}},"60":{"start":{"line":501,"column":2},"end":{"line":501,"column":null}},"61":{"start":{"line":508,"column":26},"end":{"line":508,"column":null}},"62":{"start":{"line":511,"column":8},"end":{"line":511,"column":56}},"63":{"start":{"line":512,"column":2},"end":{"line":512,"column":null}},"64":{"start":{"line":516,"column":17},"end":{"line":518,"column":null}},"65":{"start":{"line":520,"column":2},"end":{"line":520,"column":null}},"66":{"start":{"line":524,"column":17},"end":{"line":526,"column":null}},"67":{"start":{"line":528,"column":2},"end":{"line":528,"column":null}},"68":{"start":{"line":533,"column":2},"end":{"line":540,"column":null}},"69":{"start":{"line":534,"column":26},"end":{"line":534,"column":null}},"70":{"start":{"line":535,"column":26},"end":{"line":535,"column":57}},"71":{"start":{"line":536,"column":4},"end":{"line":536,"column":null}},"72":{"start":{"line":539,"column":4},"end":{"line":540,"column":null}},"73":{"start":{"line":540,"column":6},"end":{"line":540,"column":null}},"74":{"start":{"line":544,"column":17},"end":{"line":552,"column":null}},"75":{"start":{"line":554,"column":2},"end":{"line":554,"column":null}},"76":{"start":{"line":561,"column":17},"end":{"line":563,"column":null}},"77":{"start":{"line":565,"column":2},"end":{"line":565,"column":null}},"78":{"start":{"line":569,"column":17},"end":{"line":571,"column":null}},"79":{"start":{"line":573,"column":2},"end":{"line":573,"column":null}},"80":{"start":{"line":577,"column":17},"end":{"line":579,"column":null}},"81":{"start":{"line":581,"column":2},"end":{"line":581,"column":null}},"82":{"start":{"line":585,"column":17},"end":{"line":587,"column":null}},"83":{"start":{"line":591,"column":2},"end":{"line":594,"column":null}},"84":{"start":{"line":596,"column":2},"end":{"line":596,"column":null}},"85":{"start":{"line":600,"column":17},"end":{"line":602,"column":null}},"86":{"start":{"line":604,"column":2},"end":{"line":604,"column":null}}},"fnMap":{"0":{"name":"normalizeDatabaseUrl","decl":{"start":{"line":5,"column":16},"end":{"line":5,"column":37}},"loc":{"start":{"line":5,"column":101},"end":{"line":19,"column":null}},"line":5},"1":{"name":"(anonymous_1)","decl":{"start":{"line":39,"column":8},"end":{"line":39,"column":23}},"loc":{"start":{"line":39,"column":23},"end":{"line":41,"column":null}},"line":39},"2":{"name":"initDB","decl":{"start":{"line":46,"column":22},"end":{"line":46,"column":29}},"loc":{"start":{"line":46,"column":42},"end":{"line":255,"column":null}},"line":46},"3":{"name":"(anonymous_3)","decl":{"start":{"line":252,"column":16},"end":{"line":252,"column":24}},"loc":{"start":{"line":252,"column":35},"end":{"line":252,"column":60}},"line":252},"4":{"name":"upsertUser","decl":{"start":{"line":262,"column":22},"end":{"line":262,"column":33}},"loc":{"start":{"line":262,"column":83},"end":{"line":273,"column":null}},"line":262},"5":{"name":"getUserById","decl":{"start":{"line":276,"column":22},"end":{"line":276,"column":34}},"loc":{"start":{"line":276,"column":38},"end":{"line":278,"column":null}},"line":276},"6":{"name":"createUserSession","decl":{"start":{"line":285,"column":22},"end":{"line":285,"column":40}},"loc":{"start":{"line":285,"column":126},"end":{"line":292,"column":null}},"line":285},"7":{"name":"getUserSessionByToken","decl":{"start":{"line":295,"column":22},"end":{"line":295,"column":44}},"loc":{"start":{"line":295,"column":58},"end":{"line":304,"column":null}},"line":295},"8":{"name":"getUserSessionById","decl":{"start":{"line":307,"column":22},"end":{"line":307,"column":41}},"loc":{"start":{"line":307,"column":52},"end":{"line":316,"column":null}},"line":307},"9":{"name":"updateSessionActivity","decl":{"start":{"line":319,"column":22},"end":{"line":319,"column":44}},"loc":{"start":{"line":319,"column":55},"end":{"line":323,"column":null}},"line":319},"10":{"name":"revokeUserSession","decl":{"start":{"line":326,"column":22},"end":{"line":326,"column":40}},"loc":{"start":{"line":326,"column":67},"end":{"line":332,"column":null}},"line":326},"11":{"name":"revokeAllUserSessions","decl":{"start":{"line":335,"column":22},"end":{"line":335,"column":44}},"loc":{"start":{"line":335,"column":99},"end":{"line":341,"column":null}},"line":335},"12":{"name":"listUserSessions","decl":{"start":{"line":344,"column":22},"end":{"line":344,"column":39}},"loc":{"start":{"line":344,"column":47},"end":{"line":352,"column":null}},"line":344},"13":{"name":"countActiveUserSessions","decl":{"start":{"line":355,"column":22},"end":{"line":355,"column":46}},"loc":{"start":{"line":355,"column":54},"end":{"line":360,"column":null}},"line":355},"14":{"name":"createRefreshToken","decl":{"start":{"line":367,"column":22},"end":{"line":367,"column":41}},"loc":{"start":{"line":367,"column":112},"end":{"line":374,"column":null}},"line":367},"15":{"name":"getRefreshTokenByHash","decl":{"start":{"line":377,"column":22},"end":{"line":377,"column":44}},"loc":{"start":{"line":377,"column":55},"end":{"line":391,"column":null}},"line":377},"16":{"name":"revokeRefreshToken","decl":{"start":{"line":394,"column":22},"end":{"line":394,"column":41}},"loc":{"start":{"line":394,"column":73},"end":{"line":400,"column":null}},"line":394},"17":{"name":"revokeRefreshTokenFamily","decl":{"start":{"line":403,"column":22},"end":{"line":403,"column":47}},"loc":{"start":{"line":403,"column":90},"end":{"line":409,"column":null}},"line":403},"18":{"name":"markRefreshTokenUsed","decl":{"start":{"line":412,"column":22},"end":{"line":412,"column":43}},"loc":{"start":{"line":412,"column":54},"end":{"line":416,"column":null}},"line":412},"19":{"name":"logAuthEvent","decl":{"start":{"line":423,"column":22},"end":{"line":423,"column":35}},"loc":{"start":{"line":423,"column":123},"end":{"line":428,"column":null}},"line":423},"20":{"name":"getUserAuthHistory","decl":{"start":{"line":431,"column":22},"end":{"line":431,"column":41}},"loc":{"start":{"line":431,"column":61},"end":{"line":440,"column":null}},"line":431},"21":{"name":"upsertInstallation","decl":{"start":{"line":446,"column":22},"end":{"line":446,"column":41}},"loc":{"start":{"line":446,"column":124},"end":{"line":456,"column":null}},"line":446},"22":{"name":"trackCodespace","decl":{"start":{"line":462,"column":22},"end":{"line":462,"column":37}},"loc":{"start":{"line":462,"column":106},"end":{"line":469,"column":null}},"line":462},"23":{"name":"getOrgConstraints","decl":{"start":{"line":475,"column":22},"end":{"line":475,"column":40}},"loc":{"start":{"line":475,"column":76},"end":{"line":487,"column":null}},"line":475},"24":{"name":"upsertOrgConstraint","decl":{"start":{"line":490,"column":22},"end":{"line":490,"column":42}},"loc":{"start":{"line":490,"column":102},"end":{"line":501,"column":null}},"line":490},"25":{"name":"validateLanguage","decl":{"start":{"line":510,"column":9},"end":{"line":510,"column":26}},"loc":{"start":{"line":510,"column":32},"end":{"line":512,"column":null}},"line":510},"26":{"name":"getUserPreferences","decl":{"start":{"line":515,"column":22},"end":{"line":515,"column":41}},"loc":{"start":{"line":515,"column":49},"end":{"line":520,"column":null}},"line":515},"27":{"name":"getUserPreference","decl":{"start":{"line":523,"column":22},"end":{"line":523,"column":40}},"loc":{"start":{"line":523,"column":64},"end":{"line":528,"column":null}},"line":523},"28":{"name":"upsertUserPreference","decl":{"start":{"line":531,"column":22},"end":{"line":531,"column":43}},"loc":{"start":{"line":531,"column":82},"end":{"line":554,"column":null}},"line":531},"29":{"name":"createChatSession","decl":{"start":{"line":560,"column":22},"end":{"line":560,"column":40}},"loc":{"start":{"line":560,"column":68},"end":{"line":565,"column":null}},"line":560},"30":{"name":"getChatSessions","decl":{"start":{"line":568,"column":22},"end":{"line":568,"column":38}},"loc":{"start":{"line":568,"column":46},"end":{"line":573,"column":null}},"line":568},"31":{"name":"getChatSession","decl":{"start":{"line":576,"column":22},"end":{"line":576,"column":37}},"loc":{"start":{"line":576,"column":56},"end":{"line":581,"column":null}},"line":576},"32":{"name":"addChatMessage","decl":{"start":{"line":584,"column":22},"end":{"line":584,"column":37}},"loc":{"start":{"line":584,"column":81},"end":{"line":596,"column":null}},"line":584},"33":{"name":"getChatMessages","decl":{"start":{"line":599,"column":22},"end":{"line":599,"column":38}},"loc":{"start":{"line":599,"column":49},"end":{"line":604,"column":null}},"line":599}},"branchMap":{"0":{"loc":{"start":{"line":5,"column":37},"end":{"line":5,"column":82}},"type":"default-arg","locations":[{"start":{"line":5,"column":56},"end":{"line":5,"column":82}}],"line":5},"1":{"loc":{"start":{"line":5,"column":82},"end":{"line":5,"column":101}},"type":"default-arg","locations":[{"start":{"line":5,"column":88},"end":{"line":5,"column":101}}],"line":5},"2":{"loc":{"start":{"line":6,"column":2},"end":{"line":6,"column":null}},"type":"if","locations":[{"start":{"line":6,"column":2},"end":{"line":6,"column":null}},{"start":{},"end":{}}],"line":6},"3":{"loc":{"start":{"line":6,"column":6},"end":{"line":6,"column":58}},"type":"binary-expr","locations":[{"start":{"line":6,"column":6},"end":{"line":6,"column":27}},{"start":{"line":6,"column":27},"end":{"line":6,"column":58}}],"line":6},"4":{"loc":{"start":{"line":11,"column":27},"end":{"line":11,"column":null}},"type":"binary-expr","locations":[{"start":{"line":11,"column":27},"end":{"line":11,"column":52}},{"start":{"line":11,"column":52},"end":{"line":11,"column":null}}],"line":11},"5":{"loc":{"start":{"line":13,"column":4},"end":{"line":14,"column":null}},"type":"if","locations":[{"start":{"line":13,"column":4},"end":{"line":14,"column":null}},{"start":{},"end":{}}],"line":13},"6":{"loc":{"start":{"line":13,"column":8},"end":{"line":13,"column":76}},"type":"binary-expr","locations":[{"start":{"line":13,"column":8},"end":{"line":13,"column":20}},{"start":{"line":13,"column":20},"end":{"line":13,"column":76}}],"line":13},"7":{"loc":{"start":{"line":25,"column":2},"end":{"line":32,"column":null}},"type":"cond-expr","locations":[{"start":{"line":26,"column":6},"end":{"line":31,"column":null}},{"start":{"line":32,"column":6},"end":{"line":32,"column":null}}],"line":25},"8":{"loc":{"start":{"line":28,"column":12},"end":{"line":29,"column":null}},"type":"binary-expr","locations":[{"start":{"line":28,"column":12},"end":{"line":28,"column":43}},{"start":{"line":28,"column":43},"end":{"line":29,"column":null}}],"line":28},"9":{"loc":{"start":{"line":33,"column":23},"end":{"line":33,"column":56}},"type":"binary-expr","locations":[{"start":{"line":33,"column":23},"end":{"line":33,"column":50}},{"start":{"line":33,"column":50},"end":{"line":33,"column":56}}],"line":33},"10":{"loc":{"start":{"line":34,"column":23},"end":{"line":34,"column":55}},"type":"binary-expr","locations":[{"start":{"line":34,"column":23},"end":{"line":34,"column":50}},{"start":{"line":34,"column":50},"end":{"line":34,"column":55}}],"line":34},"11":{"loc":{"start":{"line":35,"column":37},"end":{"line":35,"column":80}},"type":"binary-expr","locations":[{"start":{"line":35,"column":37},"end":{"line":35,"column":71}},{"start":{"line":35,"column":71},"end":{"line":35,"column":80}}],"line":35},"12":{"loc":{"start":{"line":36,"column":43},"end":{"line":36,"column":91}},"type":"binary-expr","locations":[{"start":{"line":36,"column":43},"end":{"line":36,"column":83}},{"start":{"line":36,"column":83},"end":{"line":36,"column":91}}],"line":36},"13":{"loc":{"start":{"line":46,"column":29},"end":{"line":46,"column":42}},"type":"default-arg","locations":[{"start":{"line":46,"column":39},"end":{"line":46,"column":42}}],"line":46},"14":{"loc":{"start":{"line":251,"column":4},"end":{"line":253,"column":null}},"type":"if","locations":[{"start":{"line":251,"column":4},"end":{"line":253,"column":null}},{"start":{},"end":{}}],"line":251},"15":{"loc":{"start":{"line":278,"column":9},"end":{"line":278,"column":null}},"type":"binary-expr","locations":[{"start":{"line":278,"column":9},"end":{"line":278,"column":27}},{"start":{"line":278,"column":27},"end":{"line":278,"column":null}}],"line":278},"16":{"loc":{"start":{"line":290,"column":61},"end":{"line":290,"column":77}},"type":"binary-expr","locations":[{"start":{"line":290,"column":61},"end":{"line":290,"column":75}},{"start":{"line":290,"column":75},"end":{"line":290,"column":77}}],"line":290},"17":{"loc":{"start":{"line":290,"column":106},"end":{"line":290,"column":117}},"type":"binary-expr","locations":[{"start":{"line":290,"column":106},"end":{"line":290,"column":115}},{"start":{"line":290,"column":115},"end":{"line":290,"column":117}}],"line":290},"18":{"loc":{"start":{"line":304,"column":9},"end":{"line":304,"column":null}},"type":"binary-expr","locations":[{"start":{"line":304,"column":9},"end":{"line":304,"column":27}},{"start":{"line":304,"column":27},"end":{"line":304,"column":null}}],"line":304},"19":{"loc":{"start":{"line":316,"column":9},"end":{"line":316,"column":null}},"type":"binary-expr","locations":[{"start":{"line":316,"column":9},"end":{"line":316,"column":27}},{"start":{"line":316,"column":27},"end":{"line":316,"column":null}}],"line":316},"20":{"loc":{"start":{"line":335,"column":52},"end":{"line":335,"column":76}},"type":"default-arg","locations":[{"start":{"line":335,"column":70},"end":{"line":335,"column":76}}],"line":335},"21":{"loc":{"start":{"line":335,"column":76},"end":{"line":335,"column":99}},"type":"default-arg","locations":[{"start":{"line":335,"column":85},"end":{"line":335,"column":99}}],"line":335},"22":{"loc":{"start":{"line":339,"column":47},"end":{"line":339,"column":null}},"type":"cond-expr","locations":[{"start":{"line":339,"column":65},"end":{"line":339,"column":82}},{"start":{"line":339,"column":82},"end":{"line":339,"column":null}}],"line":339},"23":{"loc":{"start":{"line":340,"column":4},"end":{"line":340,"column":74}},"type":"cond-expr","locations":[{"start":{"line":340,"column":22},"end":{"line":340,"column":58}},{"start":{"line":340,"column":58},"end":{"line":340,"column":74}}],"line":340},"24":{"loc":{"start":{"line":367,"column":73},"end":{"line":367,"column":99}},"type":"default-arg","locations":[{"start":{"line":367,"column":93},"end":{"line":367,"column":99}}],"line":367},"25":{"loc":{"start":{"line":391,"column":9},"end":{"line":391,"column":null}},"type":"binary-expr","locations":[{"start":{"line":391,"column":9},"end":{"line":391,"column":27}},{"start":{"line":391,"column":27},"end":{"line":391,"column":null}}],"line":391},"26":{"loc":{"start":{"line":394,"column":52},"end":{"line":394,"column":73}},"type":"default-arg","locations":[{"start":{"line":394,"column":61},"end":{"line":394,"column":73}}],"line":394},"27":{"loc":{"start":{"line":403,"column":58},"end":{"line":403,"column":90}},"type":"default-arg","locations":[{"start":{"line":403,"column":67},"end":{"line":403,"column":90}}],"line":403},"28":{"loc":{"start":{"line":423,"column":107},"end":{"line":423,"column":119}},"type":"default-arg","locations":[{"start":{"line":423,"column":117},"end":{"line":423,"column":119}}],"line":423},"29":{"loc":{"start":{"line":427,"column":60},"end":{"line":427,"column":76}},"type":"binary-expr","locations":[{"start":{"line":427,"column":60},"end":{"line":427,"column":74}},{"start":{"line":427,"column":74},"end":{"line":427,"column":76}}],"line":427},"30":{"loc":{"start":{"line":427,"column":105},"end":{"line":427,"column":116}},"type":"binary-expr","locations":[{"start":{"line":427,"column":105},"end":{"line":427,"column":114}},{"start":{"line":427,"column":114},"end":{"line":427,"column":116}}],"line":427},"31":{"loc":{"start":{"line":431,"column":49},"end":{"line":431,"column":61}},"type":"default-arg","locations":[{"start":{"line":431,"column":57},"end":{"line":431,"column":61}}],"line":431},"32":{"loc":{"start":{"line":475,"column":53},"end":{"line":475,"column":76}},"type":"default-arg","locations":[{"start":{"line":475,"column":70},"end":{"line":475,"column":76}}],"line":475},"33":{"loc":{"start":{"line":479,"column":2},"end":{"line":481,"column":null}},"type":"if","locations":[{"start":{"line":479,"column":2},"end":{"line":481,"column":null}},{"start":{},"end":{}}],"line":479},"34":{"loc":{"start":{"line":490,"column":84},"end":{"line":490,"column":102}},"type":"default-arg","locations":[{"start":{"line":490,"column":95},"end":{"line":490,"column":102}}],"line":490},"35":{"loc":{"start":{"line":511,"column":22},"end":{"line":511,"column":36}},"type":"binary-expr","locations":[{"start":{"line":511,"column":22},"end":{"line":511,"column":30}},{"start":{"line":511,"column":30},"end":{"line":511,"column":36}}],"line":511},"36":{"loc":{"start":{"line":512,"column":9},"end":{"line":512,"column":null}},"type":"cond-expr","locations":[{"start":{"line":512,"column":50},"end":{"line":512,"column":63}},{"start":{"line":512,"column":63},"end":{"line":512,"column":null}}],"line":512},"37":{"loc":{"start":{"line":528,"column":9},"end":{"line":528,"column":null}},"type":"binary-expr","locations":[{"start":{"line":528,"column":9},"end":{"line":528,"column":27}},{"start":{"line":528,"column":27},"end":{"line":528,"column":null}}],"line":528},"38":{"loc":{"start":{"line":533,"column":2},"end":{"line":540,"column":null}},"type":"if","locations":[{"start":{"line":533,"column":2},"end":{"line":540,"column":null}},{"start":{},"end":{}}],"line":533},"39":{"loc":{"start":{"line":534,"column":26},"end":{"line":534,"column":null}},"type":"binary-expr","locations":[{"start":{"line":534,"column":26},"end":{"line":534,"column":43}},{"start":{"line":534,"column":43},"end":{"line":534,"column":64}},{"start":{"line":534,"column":64},"end":{"line":534,"column":null}}],"line":534},"40":{"loc":{"start":{"line":539,"column":4},"end":{"line":540,"column":null}},"type":"if","locations":[{"start":{"line":539,"column":4},"end":{"line":540,"column":null}},{"start":{},"end":{}}],"line":539},"41":{"loc":{"start":{"line":560,"column":48},"end":{"line":560,"column":68}},"type":"default-arg","locations":[{"start":{"line":560,"column":56},"end":{"line":560,"column":68}}],"line":560},"42":{"loc":{"start":{"line":581,"column":9},"end":{"line":581,"column":null}},"type":"binary-expr","locations":[{"start":{"line":581,"column":9},"end":{"line":581,"column":27}},{"start":{"line":581,"column":27},"end":{"line":581,"column":null}}],"line":581},"43":{"loc":{"start":{"line":584,"column":66},"end":{"line":584,"column":79}},"type":"default-arg","locations":[{"start":{"line":584,"column":77},"end":{"line":584,"column":79}}],"line":584}},"s":{"0":8,"1":11,"2":9,"3":2,"4":2,"5":2,"6":11,"7":11,"8":2,"9":2,"10":0,"11":8,"12":8,"13":0,"14":0,"15":0,"16":0,"17":0,"18":0,"19":0,"20":0,"21":0,"22":0,"23":0,"24":0,"25":0,"26":0,"27":0,"28":0,"29":0,"30":0,"31":0,"32":0,"33":0,"34":0,"35":0,"36":0,"37":0,"38":0,"39":0,"40":0,"41":0,"42":0,"43":0,"44":0,"45":0,"46":0,"47":0,"48":0,"49":0,"50":0,"51":0,"52":0,"53":0,"54":0,"55":0,"56":0,"57":0,"58":0,"59":0,"60":0,"61":8,"62":0,"63":0,"64":0,"65":0,"66":0,"67":0,"68":0,"69":0,"70":0,"71":0,"72":0,"73":0,"74":0,"75":0,"76":0,"77":0,"78":0,"79":0,"80":0,"81":0,"82":0,"83":0,"84":0,"85":0,"86":0},"f":{"0":11,"1":0,"2":0,"3":0,"4":0,"5":0,"6":0,"7":0,"8":0,"9":0,"10":0,"11":0,"12":0,"13":0,"14":0,"15":0,"16":0,"17":0,"18":0,"19":0,"20":0,"21":0,"22":0,"23":0,"24":0,"25":0,"26":0,"27":0,"28":0,"29":0,"30":0,"31":0,"32":0,"33":0},"b":{"0":[11],"1":[11],"2":[9,2],"3":[11,3],"4":[11,1],"5":[2,9],"6":[11,2],"7":[0,8],"8":[0,0],"9":[8,8],"10":[8,8],"11":[8,8],"12":[8,8],"13":[0],"14":[0,0],"15":[0,0],"16":[0,0],"17":[0,0],"18":[0,0],"19":[0,0],"20":[0],"21":[0],"22":[0,0],"23":[0,0],"24":[0],"25":[0,0],"26":[0],"27":[0],"28":[0],"29":[0,0],"30":[0,0],"31":[0],"32":[0],"33":[0,0],"34":[0],"35":[0,0],"36":[0,0],"37":[0,0],"38":[0,0],"39":[0,0,0],"40":[0,0],"41":[0],"42":[0,0],"43":[0]},"meta":{"lastBranch":44,"lastFunction":34,"lastStatement":87,"seen":{"s:3:52:3:95":0,"f:5:16:5:37":0,"b:5:56:5:82":0,"b:5:88:5:101":1,"b:6:2:6:Infinity:undefined:undefined:undefined:undefined":2,"s:6:2:6:Infinity":1,"b:6:6:6:27:6:27:6:58":3,"s:6:58:6:Infinity":2,"s:8:2:19:Infinity":3,"s:9:16:9:41":4,"s:10:20:10:66":5,"s:11:27:11:Infinity":6,"b:11:27:11:52:11:52:11:Infinity":4,"b:13:4:14:Infinity:undefined:undefined:undefined:undefined":5,"s:13:4:14:Infinity":7,"b:13:8:13:20:13:20:13:76":6,"s:14:6:14:Infinity":8,"s:17:4:17:Infinity":9,"s:19:4:19:Infinity":10,"s:23:13:37:2":11,"b:26:6:31:Infinity:32:6:32:Infinity":7,"b:28:12:28:43:28:43:29:Infinity":8,"b:33:23:33:50:33:50:33:56":9,"b:34:23:34:50:34:50:34:55":10,"b:35:37:35:71:35:71:35:80":11,"b:36:43:36:83:36:83:36:91":12,"s:39:0:41:Infinity":12,"f:39:8:39:23":1,"f:46:22:46:29":2,"b:46:39:46:42":13,"s:47:2:255:Infinity":13,"s:48:4:249:Infinity":14,"b:251:4:253:Infinity:undefined:undefined:undefined:undefined":14,"s:251:4:253:Infinity":15,"s:252:6:252:Infinity":16,"f:252:16:252:24":3,"s:252:35:252:60":17,"s:253:6:253:Infinity":18,"s:255:4:255:Infinity":19,"f:262:22:262:33":4,"s:263:17:271:Infinity":20,"s:273:2:273:Infinity":21,"f:276:22:276:34":5,"s:277:17:277:76":22,"s:278:2:278:Infinity":23,"b:278:9:278:27:278:27:278:Infinity":15,"f:285:22:285:40":6,"s:286:17:290:Infinity":24,"b:290:61:290:75:290:75:290:77":16,"b:290:106:290:115:290:115:290:117":17,"s:292:2:292:Infinity":25,"f:295:22:295:44":7,"s:296:17:302:Infinity":26,"s:304:2:304:Infinity":27,"b:304:9:304:27:304:27:304:Infinity":18,"f:307:22:307:41":8,"s:308:17:314:Infinity":28,"s:316:2:316:Infinity":29,"b:316:9:316:27:316:27:316:Infinity":19,"f:319:22:319:44":9,"s:320:2:323:Infinity":30,"f:326:22:326:40":10,"s:327:2:332:Infinity":31,"f:335:22:335:44":11,"b:335:70:335:76":20,"b:335:85:335:99":21,"s:336:2:341:Infinity":32,"b:339:65:339:82:339:82:339:Infinity":22,"b:340:22:340:58:340:58:340:74":23,"f:344:22:344:39":12,"s:345:17:350:Infinity":33,"s:352:2:352:Infinity":34,"f:355:22:355:46":13,"s:356:17:358:Infinity":35,"s:360:2:360:Infinity":36,"f:367:22:367:41":14,"b:367:93:367:99":24,"s:368:17:372:Infinity":37,"s:374:2:374:Infinity":38,"f:377:22:377:44":15,"s:378:17:389:Infinity":39,"s:391:2:391:Infinity":40,"b:391:9:391:27:391:27:391:Infinity":25,"f:394:22:394:41":16,"b:394:61:394:73":26,"s:395:2:400:Infinity":41,"f:403:22:403:47":17,"b:403:67:403:90":27,"s:404:2:409:Infinity":42,"f:412:22:412:43":18,"s:413:2:416:Infinity":43,"f:423:22:423:35":19,"b:423:117:423:119":28,"s:424:2:428:Infinity":44,"b:427:60:427:74:427:74:427:76":29,"b:427:105:427:114:427:114:427:116":30,"f:431:22:431:41":20,"b:431:57:431:61":31,"s:432:17:438:Infinity":45,"s:440:2:440:Infinity":46,"f:446:22:446:41":21,"s:447:17:454:Infinity":47,"s:456:2:456:Infinity":48,"f:462:22:462:37":22,"s:463:17:467:Infinity":49,"s:469:2:469:Infinity":50,"f:475:22:475:40":23,"b:475:70:475:76":32,"s:476:14:476:Infinity":51,"s:477:15:477:28":52,"b:479:2:481:Infinity:undefined:undefined:undefined:undefined":33,"s:479:2:481:Infinity":53,"s:480:4:480:Infinity":54,"s:481:4:481:Infinity":55,"s:484:2:484:Infinity":56,"s:486:17:486:48":57,"s:487:2:487:Infinity":58,"f:490:22:490:42":24,"b:490:95:490:102":34,"s:491:17:499:Infinity":59,"s:501:2:501:Infinity":60,"s:508:26:508:Infinity":61,"f:510:9:510:26":25,"s:511:8:511:56":62,"b:511:22:511:30:511:30:511:36":35,"s:512:2:512:Infinity":63,"b:512:50:512:63:512:63:512:Infinity":36,"f:515:22:515:41":26,"s:516:17:518:Infinity":64,"s:520:2:520:Infinity":65,"f:523:22:523:40":27,"s:524:17:526:Infinity":66,"s:528:2:528:Infinity":67,"b:528:9:528:27:528:27:528:Infinity":37,"f:531:22:531:43":28,"b:533:2:540:Infinity:undefined:undefined:undefined:undefined":38,"s:533:2:540:Infinity":68,"s:534:26:534:Infinity":69,"b:534:26:534:43:534:43:534:64:534:64:534:Infinity":39,"s:535:26:535:57":70,"s:536:4:536:Infinity":71,"b:539:4:540:Infinity:undefined:undefined:undefined:undefined":40,"s:539:4:540:Infinity":72,"s:540:6:540:Infinity":73,"s:544:17:552:Infinity":74,"s:554:2:554:Infinity":75,"f:560:22:560:40":29,"b:560:56:560:68":41,"s:561:17:563:Infinity":76,"s:565:2:565:Infinity":77,"f:568:22:568:38":30,"s:569:17:571:Infinity":78,"s:573:2:573:Infinity":79,"f:576:22:576:37":31,"s:577:17:579:Infinity":80,"s:581:2:581:Infinity":81,"b:581:9:581:27:581:27:581:Infinity":42,"f:584:22:584:37":32,"b:584:77:584:79":43,"s:585:17:587:Infinity":82,"s:591:2:594:Infinity":83,"s:596:2:596:Infinity":84,"f:599:22:599:38":33,"s:600:17:602:Infinity":85,"s:604:2:604:Infinity":86}}}
,"D:\\Vibe Hub\\apps\\server-bridge\\auth\\middleware.js": {"path":"D:\\Vibe Hub\\apps\\server-bridge\\auth\\middleware.js","statementMap":{"0":{"start":{"line":8,"column":19},"end":{"line":8,"column":null}},"1":{"start":{"line":11,"column":2},"end":{"line":11,"column":null}},"2":{"start":{"line":14,"column":0},"end":{"line":16,"column":null}},"3":{"start":{"line":15,"column":2},"end":{"line":15,"column":null}},"4":{"start":{"line":16,"column":2},"end":{"line":16,"column":null}},"5":{"start":{"line":24,"column":2},"end":{"line":28,"column":null}},"6":{"start":{"line":35,"column":2},"end":{"line":48,"column":null}},"7":{"start":{"line":36,"column":4},"end":{"line":46,"column":null}},"8":{"start":{"line":39,"column":21},"end":{"line":39,"column":32}},"9":{"start":{"line":42,"column":24},"end":{"line":42,"column":41}},"10":{"start":{"line":43,"column":10},"end":{"line":43,"column":null}},"11":{"start":{"line":43,"column":28},"end":{"line":43,"column":null}},"12":{"start":{"line":44,"column":10},"end":{"line":44,"column":null}},"13":{"start":{"line":48,"column":4},"end":{"line":48,"column":null}},"14":{"start":{"line":53,"column":2},"end":{"line":53,"column":null}},"15":{"start":{"line":53,"column":37},"end":{"line":53,"column":null}},"16":{"start":{"line":54,"column":2},"end":{"line":54,"column":null}},"17":{"start":{"line":61,"column":2},"end":{"line":61,"column":null}},"18":{"start":{"line":65,"column":2},"end":{"line":71,"column":null}},"19":{"start":{"line":75,"column":18},"end":{"line":75,"column":46}},"20":{"start":{"line":77,"column":4},"end":{"line":79,"column":null}},"21":{"start":{"line":81,"column":2},"end":{"line":87,"column":null}},"22":{"start":{"line":82,"column":20},"end":{"line":82,"column":65}},"23":{"start":{"line":83,"column":4},"end":{"line":87,"column":null}},"24":{"start":{"line":84,"column":6},"end":{"line":87,"column":null}},"25":{"start":{"line":91,"column":2},"end":{"line":97,"column":null}},"26":{"start":{"line":92,"column":20},"end":{"line":92,"column":65}},"27":{"start":{"line":93,"column":4},"end":{"line":97,"column":null}},"28":{"start":{"line":94,"column":6},"end":{"line":97,"column":null}},"29":{"start":{"line":101,"column":2},"end":{"line":101,"column":null}},"30":{"start":{"line":108,"column":17},"end":{"line":108,"column":33}},"31":{"start":{"line":109,"column":19},"end":{"line":109,"column":null}},"32":{"start":{"line":112,"column":2},"end":{"line":118,"column":null}},"33":{"start":{"line":121,"column":2},"end":{"line":128,"column":null}},"34":{"start":{"line":122,"column":4},"end":{"line":128,"column":null}},"35":{"start":{"line":132,"column":2},"end":{"line":139,"column":null}},"36":{"start":{"line":133,"column":4},"end":{"line":139,"column":null}},"37":{"start":{"line":147,"column":17},"end":{"line":147,"column":33}},"38":{"start":{"line":148,"column":19},"end":{"line":148,"column":null}},"39":{"start":{"line":150,"column":2},"end":{"line":150,"column":null}},"40":{"start":{"line":151,"column":2},"end":{"line":151,"column":null}},"41":{"start":{"line":152,"column":2},"end":{"line":152,"column":null}},"42":{"start":{"line":160,"column":15},"end":{"line":160,"column":57}},"43":{"start":{"line":161,"column":2},"end":{"line":164,"column":null}},"44":{"start":{"line":162,"column":4},"end":{"line":162,"column":null}},"45":{"start":{"line":163,"column":4},"end":{"line":163,"column":null}},"46":{"start":{"line":164,"column":4},"end":{"line":164,"column":null}},"47":{"start":{"line":168,"column":2},"end":{"line":168,"column":null}},"48":{"start":{"line":176,"column":15},"end":{"line":176,"column":57}},"49":{"start":{"line":177,"column":2},"end":{"line":180,"column":null}},"50":{"start":{"line":178,"column":4},"end":{"line":178,"column":null}},"51":{"start":{"line":179,"column":4},"end":{"line":179,"column":null}},"52":{"start":{"line":180,"column":4},"end":{"line":180,"column":null}},"53":{"start":{"line":184,"column":2},"end":{"line":184,"column":null}},"54":{"start":{"line":185,"column":2},"end":{"line":185,"column":null}},"55":{"start":{"line":192,"column":23},"end":{"line":192,"column":null}},"56":{"start":{"line":194,"column":2},"end":{"line":196,"column":null}},"57":{"start":{"line":195,"column":4},"end":{"line":195,"column":null}},"58":{"start":{"line":196,"column":4},"end":{"line":196,"column":null}},"59":{"start":{"line":199,"column":2},"end":{"line":214,"column":null}},"60":{"start":{"line":200,"column":19},"end":{"line":200,"column":57}},"61":{"start":{"line":203,"column":4},"end":{"line":206,"column":null}},"62":{"start":{"line":208,"column":4},"end":{"line":210,"column":null}},"63":{"start":{"line":212,"column":4},"end":{"line":212,"column":null}},"64":{"start":{"line":213,"column":17},"end":{"line":213,"column":null}},"65":{"start":{"line":214,"column":4},"end":{"line":214,"column":null}},"66":{"start":{"line":223,"column":2},"end":{"line":226,"column":null}},"67":{"start":{"line":224,"column":4},"end":{"line":224,"column":null}},"68":{"start":{"line":226,"column":4},"end":{"line":226,"column":null}}},"fnMap":{"0":{"name":"isSecureCookie","decl":{"start":{"line":10,"column":9},"end":{"line":10,"column":26}},"loc":{"start":{"line":10,"column":26},"end":{"line":11,"column":null}},"line":10},"1":{"name":"generateToken","decl":{"start":{"line":23,"column":16},"end":{"line":23,"column":30}},"loc":{"start":{"line":23,"column":36},"end":{"line":28,"column":null}},"line":23},"2":{"name":"parseCookies","decl":{"start":{"line":34,"column":9},"end":{"line":34,"column":22}},"loc":{"start":{"line":34,"column":35},"end":{"line":48,"column":null}},"line":34},"3":{"name":"(anonymous_3)","decl":{"start":{"line":39,"column":9},"end":{"line":39,"column":13}},"loc":{"start":{"line":39,"column":21},"end":{"line":39,"column":32}},"line":39},"4":{"name":"(anonymous_4)","decl":{"start":{"line":41,"column":9},"end":{"line":41,"column":13}},"loc":{"start":{"line":41,"column":21},"end":{"line":45,"column":null}},"line":41},"5":{"name":"readBearerToken","decl":{"start":{"line":52,"column":9},"end":{"line":52,"column":25}},"loc":{"start":{"line":52,"column":33},"end":{"line":54,"column":null}},"line":52},"6":{"name":"readRefreshToken","decl":{"start":{"line":60,"column":9},"end":{"line":60,"column":26}},"loc":{"start":{"line":60,"column":31},"end":{"line":61,"column":null}},"line":60},"7":{"name":"normalizeUser","decl":{"start":{"line":64,"column":9},"end":{"line":64,"column":23}},"loc":{"start":{"line":64,"column":32},"end":{"line":71,"column":null}},"line":64},"8":{"name":"authenticateFromHeaders","decl":{"start":{"line":74,"column":22},"end":{"line":74,"column":46}},"loc":{"start":{"line":74,"column":88},"end":{"line":101,"column":null}},"line":74},"9":{"name":"setAuthCookies","decl":{"start":{"line":107,"column":16},"end":{"line":107,"column":31}},"loc":{"start":{"line":107,"column":81},"end":{"line":139,"column":null}},"line":107},"10":{"name":"clearAuthCookies","decl":{"start":{"line":146,"column":16},"end":{"line":146,"column":33}},"loc":{"start":{"line":146,"column":38},"end":{"line":152,"column":null}},"line":146},"11":{"name":"requireAuth","decl":{"start":{"line":159,"column":22},"end":{"line":159,"column":34}},"loc":{"start":{"line":159,"column":50},"end":{"line":168,"column":null}},"line":159},"12":{"name":"optionalAuth","decl":{"start":{"line":175,"column":22},"end":{"line":175,"column":35}},"loc":{"start":{"line":175,"column":51},"end":{"line":185,"column":null}},"line":175},"13":{"name":"handleRefreshToken","decl":{"start":{"line":191,"column":22},"end":{"line":191,"column":41}},"loc":{"start":{"line":191,"column":51},"end":{"line":214,"column":null}},"line":191},"14":{"name":"verifyToken","decl":{"start":{"line":222,"column":16},"end":{"line":222,"column":28}},"loc":{"start":{"line":222,"column":35},"end":{"line":226,"column":null}},"line":222}},"branchMap":{"0":{"loc":{"start":{"line":8,"column":19},"end":{"line":8,"column":null}},"type":"binary-expr","locations":[{"start":{"line":8,"column":19},"end":{"line":8,"column":71}},{"start":{"line":8,"column":31},"end":{"line":8,"column":null}}],"line":8},"1":{"loc":{"start":{"line":8,"column":31},"end":{"line":8,"column":null}},"type":"cond-expr","locations":[{"start":{"line":8,"column":102},"end":{"line":8,"column":118}},{"start":{"line":8,"column":118},"end":{"line":8,"column":null}}],"line":8},"2":{"loc":{"start":{"line":8,"column":31},"end":{"line":8,"column":102}},"type":"binary-expr","locations":[{"start":{"line":8,"column":31},"end":{"line":8,"column":81}},{"start":{"line":8,"column":81},"end":{"line":8,"column":102}}],"line":8},"3":{"loc":{"start":{"line":11,"column":2},"end":{"line":11,"column":102}},"type":"binary-expr","locations":[{"start":{"line":11,"column":2},"end":{"line":11,"column":50}},{"start":{"line":11,"column":50},"end":{"line":11,"column":102}}],"line":11},"4":{"loc":{"start":{"line":14,"column":0},"end":{"line":16,"column":null}},"type":"if","locations":[{"start":{"line":14,"column":0},"end":{"line":16,"column":null}},{"start":{},"end":{}}],"line":14},"5":{"loc":{"start":{"line":34,"column":22},"end":{"line":34,"column":35}},"type":"default-arg","locations":[{"start":{"line":34,"column":31},"end":{"line":34,"column":35}}],"line":34},"6":{"loc":{"start":{"line":43,"column":10},"end":{"line":43,"column":null}},"type":"if","locations":[{"start":{"line":43,"column":10},"end":{"line":43,"column":null}},{"start":{},"end":{}}],"line":43},"7":{"loc":{"start":{"line":53,"column":2},"end":{"line":53,"column":null}},"type":"if","locations":[{"start":{"line":53,"column":2},"end":{"line":53,"column":null}},{"start":{},"end":{}}],"line":53},"8":{"loc":{"start":{"line":74,"column":46},"end":{"line":74,"column":58}},"type":"default-arg","locations":[{"start":{"line":74,"column":56},"end":{"line":74,"column":58}}],"line":74},"9":{"loc":{"start":{"line":74,"column":60},"end":{"line":74,"column":88}},"type":"default-arg","locations":[{"start":{"line":74,"column":82},"end":{"line":74,"column":88}}],"line":74},"10":{"loc":{"start":{"line":77,"column":4},"end":{"line":79,"column":null}},"type":"binary-expr","locations":[{"start":{"line":77,"column":4},"end":{"line":77,"column":null}},{"start":{"line":78,"column":4},"end":{"line":78,"column":42}},{"start":{"line":79,"column":4},"end":{"line":79,"column":null}}],"line":77},"11":{"loc":{"start":{"line":81,"column":2},"end":{"line":87,"column":null}},"type":"if","locations":[{"start":{"line":81,"column":2},"end":{"line":87,"column":null}},{"start":{},"end":{}}],"line":81},"12":{"loc":{"start":{"line":83,"column":4},"end":{"line":87,"column":null}},"type":"if","locations":[{"start":{"line":83,"column":4},"end":{"line":87,"column":null}},{"start":{},"end":{}}],"line":83},"13":{"loc":{"start":{"line":91,"column":2},"end":{"line":97,"column":null}},"type":"if","locations":[{"start":{"line":91,"column":2},"end":{"line":97,"column":null}},{"start":{},"end":{}}],"line":91},"14":{"loc":{"start":{"line":93,"column":4},"end":{"line":97,"column":null}},"type":"if","locations":[{"start":{"line":93,"column":4},"end":{"line":97,"column":null}},{"start":{},"end":{}}],"line":93},"15":{"loc":{"start":{"line":109,"column":19},"end":{"line":109,"column":null}},"type":"cond-expr","locations":[{"start":{"line":109,"column":28},"end":{"line":109,"column":37}},{"start":{"line":109,"column":37},"end":{"line":109,"column":null}}],"line":109},"16":{"loc":{"start":{"line":121,"column":2},"end":{"line":128,"column":null}},"type":"if","locations":[{"start":{"line":121,"column":2},"end":{"line":128,"column":null}},{"start":{},"end":{}}],"line":121},"17":{"loc":{"start":{"line":132,"column":2},"end":{"line":139,"column":null}},"type":"if","locations":[{"start":{"line":132,"column":2},"end":{"line":139,"column":null}},{"start":{},"end":{}}],"line":132},"18":{"loc":{"start":{"line":148,"column":19},"end":{"line":148,"column":null}},"type":"cond-expr","locations":[{"start":{"line":148,"column":28},"end":{"line":148,"column":37}},{"start":{"line":148,"column":37},"end":{"line":148,"column":null}}],"line":148},"19":{"loc":{"start":{"line":161,"column":2},"end":{"line":164,"column":null}},"type":"if","locations":[{"start":{"line":161,"column":2},"end":{"line":164,"column":null}},{"start":{},"end":{}}],"line":161},"20":{"loc":{"start":{"line":177,"column":2},"end":{"line":180,"column":null}},"type":"if","locations":[{"start":{"line":177,"column":2},"end":{"line":180,"column":null}},{"start":{},"end":{}}],"line":177},"21":{"loc":{"start":{"line":192,"column":23},"end":{"line":192,"column":null}},"type":"binary-expr","locations":[{"start":{"line":192,"column":23},"end":{"line":192,"column":44}},{"start":{"line":192,"column":48},"end":{"line":192,"column":null}}],"line":192},"22":{"loc":{"start":{"line":194,"column":2},"end":{"line":196,"column":null}},"type":"if","locations":[{"start":{"line":194,"column":2},"end":{"line":196,"column":null}},{"start":{},"end":{}}],"line":194},"23":{"loc":{"start":{"line":213,"column":17},"end":{"line":213,"column":null}},"type":"cond-expr","locations":[{"start":{"line":213,"column":57},"end":{"line":213,"column":81}},{"start":{"line":213,"column":81},"end":{"line":213,"column":null}}],"line":213}},"s":{"0":1,"1":3,"2":1,"3":0,"4":0,"5":0,"6":0,"7":0,"8":0,"9":0,"10":0,"11":0,"12":0,"13":0,"14":0,"15":0,"16":0,"17":0,"18":0,"19":0,"20":0,"21":0,"22":0,"23":0,"24":0,"25":0,"26":0,"27":0,"28":0,"29":0,"30":1,"31":1,"32":1,"33":1,"34":1,"35":1,"36":1,"37":2,"38":2,"39":2,"40":2,"41":2,"42":0,"43":0,"44":0,"45":0,"46":0,"47":0,"48":0,"49":0,"50":0,"51":0,"52":0,"53":0,"54":0,"55":0,"56":0,"57":0,"58":0,"59":0,"60":0,"61":0,"62":0,"63":0,"64":0,"65":0,"66":5,"67":5,"68":4},"f":{"0":3,"1":0,"2":0,"3":0,"4":0,"5":0,"6":0,"7":0,"8":0,"9":1,"10":2,"11":0,"12":0,"13":0,"14":5},"b":{"0":[1,1],"1":[1,0],"2":[1,0],"3":[3,0],"4":[0,1],"5":[0],"6":[0,0],"7":[0,0],"8":[0],"9":[0],"10":[0,0,0],"11":[0,0],"12":[0,0],"13":[0,0],"14":[0,0],"15":[0,1],"16":[1,0],"17":[1,0],"18":[0,2],"19":[0,0],"20":[0,0],"21":[0,0],"22":[0,0],"23":[0,0]},"meta":{"lastBranch":24,"lastFunction":15,"lastStatement":69,"seen":{"s:8:19:8:Infinity":0,"b:8:19:8:71:8:31:8:Infinity":0,"b:8:102:8:118:8:118:8:Infinity":1,"b:8:31:8:81:8:81:8:102":2,"f:10:9:10:26":0,"s:11:2:11:Infinity":1,"b:11:2:11:50:11:50:11:102":3,"b:14:0:16:Infinity:undefined:undefined:undefined:undefined":4,"s:14:0:16:Infinity":2,"s:15:2:15:Infinity":3,"s:16:2:16:Infinity":4,"f:23:16:23:30":1,"s:24:2:28:Infinity":5,"f:34:9:34:22":2,"b:34:31:34:35":5,"s:35:2:48:Infinity":6,"s:36:4:46:Infinity":7,"f:39:9:39:13":3,"s:39:21:39:32":8,"f:41:9:41:13":4,"s:42:24:42:41":9,"b:43:10:43:Infinity:undefined:undefined:undefined:undefined":6,"s:43:10:43:Infinity":10,"s:43:28:43:Infinity":11,"s:44:10:44:Infinity":12,"s:48:4:48:Infinity":13,"f:52:9:52:25":5,"b:53:2:53:Infinity:undefined:undefined:undefined:undefined":7,"s:53:2:53:Infinity":14,"s:53:37:53:Infinity":15,"s:54:2:54:Infinity":16,"f:60:9:60:26":6,"s:61:2:61:Infinity":17,"f:64:9:64:23":7,"s:65:2:71:Infinity":18,"f:74:22:74:46":8,"b:74:56:74:58":8,"b:74:82:74:88":9,"s:75:18:75:46":19,"s:77:4:79:Infinity":20,"b:77:4:77:Infinity:78:4:78:42:79:4:79:Infinity":10,"b:81:2:87:Infinity:undefined:undefined:undefined:undefined":11,"s:81:2:87:Infinity":21,"s:82:20:82:65":22,"b:83:4:87:Infinity:undefined:undefined:undefined:undefined":12,"s:83:4:87:Infinity":23,"s:84:6:87:Infinity":24,"b:91:2:97:Infinity:undefined:undefined:undefined:undefined":13,"s:91:2:97:Infinity":25,"s:92:20:92:65":26,"b:93:4:97:Infinity:undefined:undefined:undefined:undefined":14,"s:93:4:97:Infinity":27,"s:94:6:97:Infinity":28,"s:101:2:101:Infinity":29,"f:107:16:107:31":9,"s:108:17:108:33":30,"s:109:19:109:Infinity":31,"b:109:28:109:37:109:37:109:Infinity":15,"s:112:2:118:Infinity":32,"b:121:2:128:Infinity:undefined:undefined:undefined:undefined":16,"s:121:2:128:Infinity":33,"s:122:4:128:Infinity":34,"b:132:2:139:Infinity:undefined:undefined:undefined:undefined":17,"s:132:2:139:Infinity":35,"s:133:4:139:Infinity":36,"f:146:16:146:33":10,"s:147:17:147:33":37,"s:148:19:148:Infinity":38,"b:148:28:148:37:148:37:148:Infinity":18,"s:150:2:150:Infinity":39,"s:151:2:151:Infinity":40,"s:152:2:152:Infinity":41,"f:159:22:159:34":11,"s:160:15:160:57":42,"b:161:2:164:Infinity:undefined:undefined:undefined:undefined":19,"s:161:2:164:Infinity":43,"s:162:4:162:Infinity":44,"s:163:4:163:Infinity":45,"s:164:4:164:Infinity":46,"s:168:2:168:Infinity":47,"f:175:22:175:35":12,"s:176:15:176:57":48,"b:177:2:180:Infinity:undefined:undefined:undefined:undefined":20,"s:177:2:180:Infinity":49,"s:178:4:178:Infinity":50,"s:179:4:179:Infinity":51,"s:180:4:180:Infinity":52,"s:184:2:184:Infinity":53,"s:185:2:185:Infinity":54,"f:191:22:191:41":13,"s:192:23:192:Infinity":55,"b:192:23:192:44:192:48:192:Infinity":21,"b:194:2:196:Infinity:undefined:undefined:undefined:undefined":22,"s:194:2:196:Infinity":56,"s:195:4:195:Infinity":57,"s:196:4:196:Infinity":58,"s:199:2:214:Infinity":59,"s:200:19:200:57":60,"s:203:4:206:Infinity":61,"s:208:4:210:Infinity":62,"s:212:4:212:Infinity":63,"s:213:17:213:Infinity":64,"b:213:57:213:81:213:81:213:Infinity":23,"s:214:4:214:Infinity":65,"f:222:16:222:28":14,"s:223:2:226:Infinity":66,"s:224:4:224:Infinity":67,"s:226:4:226:Infinity":68}}}
,"D:\\Vibe Hub\\apps\\server-bridge\\auth\\oauth-store.js": {"path":"D:\\Vibe Hub\\apps\\server-bridge\\auth\\oauth-store.js","statementMap":{"0":{"start":{"line":3,"column":21},"end":{"line":3,"column":35}},"1":{"start":{"line":4,"column":23},"end":{"line":4,"column":32}},"2":{"start":{"line":6,"column":20},"end":{"line":6,"column":29}},"3":{"start":{"line":7,"column":22},"end":{"line":7,"column":31}},"4":{"start":{"line":10,"column":2},"end":{"line":10,"column":null}},"5":{"start":{"line":14,"column":18},"end":{"line":14,"column":23}},"6":{"start":{"line":16,"column":2},"end":{"line":18,"column":null}},"7":{"start":{"line":17,"column":4},"end":{"line":17,"column":null}},"8":{"start":{"line":17,"column":37},"end":{"line":17,"column":null}},"9":{"start":{"line":20,"column":2},"end":{"line":22,"column":null}},"10":{"start":{"line":21,"column":4},"end":{"line":21,"column":null}},"11":{"start":{"line":21,"column":37},"end":{"line":21,"column":null}},"12":{"start":{"line":26,"column":2},"end":{"line":26,"column":null}},"13":{"start":{"line":30,"column":2},"end":{"line":30,"column":null}},"14":{"start":{"line":32,"column":16},"end":{"line":32,"column":31}},"15":{"start":{"line":33,"column":2},"end":{"line":37,"column":null}},"16":{"start":{"line":39,"column":2},"end":{"line":39,"column":null}},"17":{"start":{"line":43,"column":2},"end":{"line":43,"column":null}},"18":{"start":{"line":44,"column":2},"end":{"line":44,"column":null}},"19":{"start":{"line":44,"column":14},"end":{"line":44,"column":null}},"20":{"start":{"line":46,"column":17},"end":{"line":46,"column":39}},"21":{"start":{"line":47,"column":2},"end":{"line":47,"column":null}},"22":{"start":{"line":47,"column":15},"end":{"line":47,"column":null}},"23":{"start":{"line":48,"column":2},"end":{"line":48,"column":null}},"24":{"start":{"line":50,"column":2},"end":{"line":50,"column":null}},"25":{"start":{"line":50,"column":65},"end":{"line":50,"column":null}},"26":{"start":{"line":51,"column":2},"end":{"line":51,"column":null}},"27":{"start":{"line":55,"column":2},"end":{"line":55,"column":null}},"28":{"start":{"line":57,"column":15},"end":{"line":57,"column":30}},"29":{"start":{"line":58,"column":2},"end":{"line":63,"column":null}},"30":{"start":{"line":65,"column":2},"end":{"line":65,"column":null}},"31":{"start":{"line":69,"column":2},"end":{"line":69,"column":null}},"32":{"start":{"line":70,"column":2},"end":{"line":70,"column":null}},"33":{"start":{"line":70,"column":13},"end":{"line":70,"column":null}},"34":{"start":{"line":72,"column":17},"end":{"line":72,"column":40}},"35":{"start":{"line":73,"column":2},"end":{"line":73,"column":null}},"36":{"start":{"line":73,"column":15},"end":{"line":73,"column":null}},"37":{"start":{"line":74,"column":2},"end":{"line":74,"column":null}},"38":{"start":{"line":76,"column":2},"end":{"line":76,"column":null}},"39":{"start":{"line":76,"column":33},"end":{"line":76,"column":null}},"40":{"start":{"line":77,"column":2},"end":{"line":77,"column":null}}},"fnMap":{"0":{"name":"now","decl":{"start":{"line":9,"column":9},"end":{"line":9,"column":12}},"loc":{"start":{"line":9,"column":15},"end":{"line":11,"column":null}},"line":9},"1":{"name":"cleanupExpired","decl":{"start":{"line":13,"column":9},"end":{"line":13,"column":23}},"loc":{"start":{"line":13,"column":26},"end":{"line":23,"column":null}},"line":13},"2":{"name":"randomToken","decl":{"start":{"line":25,"column":9},"end":{"line":25,"column":20}},"loc":{"start":{"line":25,"column":33},"end":{"line":27,"column":null}},"line":25},"3":{"name":"createOAuthState","decl":{"start":{"line":29,"column":16},"end":{"line":29,"column":32}},"loc":{"start":{"line":29,"column":61},"end":{"line":40,"column":null}},"line":29},"4":{"name":"consumeOAuthState","decl":{"start":{"line":42,"column":16},"end":{"line":42,"column":33}},"loc":{"start":{"line":42,"column":55},"end":{"line":52,"column":null}},"line":42},"5":{"name":"createOAuthHandoff","decl":{"start":{"line":54,"column":16},"end":{"line":54,"column":34}},"loc":{"start":{"line":54,"column":64},"end":{"line":66,"column":null}},"line":54},"6":{"name":"consumeOAuthHandoff","decl":{"start":{"line":68,"column":16},"end":{"line":68,"column":35}},"loc":{"start":{"line":68,"column":42},"end":{"line":78,"column":null}},"line":68}},"branchMap":{"0":{"loc":{"start":{"line":17,"column":4},"end":{"line":17,"column":null}},"type":"if","locations":[{"start":{"line":17,"column":4},"end":{"line":17,"column":null}},{"start":{},"end":{}}],"line":17},"1":{"loc":{"start":{"line":21,"column":4},"end":{"line":21,"column":null}},"type":"if","locations":[{"start":{"line":21,"column":4},"end":{"line":21,"column":null}},{"start":{},"end":{}}],"line":21},"2":{"loc":{"start":{"line":25,"column":21},"end":{"line":25,"column":31}},"type":"default-arg","locations":[{"start":{"line":25,"column":29},"end":{"line":25,"column":31}}],"line":25},"3":{"loc":{"start":{"line":44,"column":2},"end":{"line":44,"column":null}},"type":"if","locations":[{"start":{"line":44,"column":2},"end":{"line":44,"column":null}},{"start":{},"end":{}}],"line":44},"4":{"loc":{"start":{"line":47,"column":2},"end":{"line":47,"column":null}},"type":"if","locations":[{"start":{"line":47,"column":2},"end":{"line":47,"column":null}},{"start":{},"end":{}}],"line":47},"5":{"loc":{"start":{"line":50,"column":2},"end":{"line":50,"column":null}},"type":"if","locations":[{"start":{"line":50,"column":2},"end":{"line":50,"column":null}},{"start":{},"end":{}}],"line":50},"6":{"loc":{"start":{"line":50,"column":6},"end":{"line":50,"column":63}},"type":"binary-expr","locations":[{"start":{"line":50,"column":6},"end":{"line":50,"column":34}},{"start":{"line":50,"column":38},"end":{"line":50,"column":63}}],"line":50},"7":{"loc":{"start":{"line":70,"column":2},"end":{"line":70,"column":null}},"type":"if","locations":[{"start":{"line":70,"column":2},"end":{"line":70,"column":null}},{"start":{},"end":{}}],"line":70},"8":{"loc":{"start":{"line":73,"column":2},"end":{"line":73,"column":null}},"type":"if","locations":[{"start":{"line":73,"column":2},"end":{"line":73,"column":null}},{"start":{},"end":{}}],"line":73},"9":{"loc":{"start":{"line":76,"column":2},"end":{"line":76,"column":null}},"type":"if","locations":[{"start":{"line":76,"column":2},"end":{"line":76,"column":null}},{"start":{},"end":{}}],"line":76}},"s":{"0":1,"1":1,"2":1,"3":1,"4":6,"5":4,"6":4,"7":0,"8":0,"9":4,"10":1,"11":0,"12":1,"13":0,"14":0,"15":0,"16":0,"17":0,"18":0,"19":0,"20":0,"21":0,"22":0,"23":0,"24":0,"25":0,"26":0,"27":1,"28":1,"29":1,"30":1,"31":3,"32":3,"33":0,"34":3,"35":3,"36":2,"37":1,"38":1,"39":0,"40":1},"f":{"0":6,"1":4,"2":1,"3":0,"4":0,"5":1,"6":3},"b":{"0":[0,0],"1":[0,1],"2":[1],"3":[0,0],"4":[0,0],"5":[0,0],"6":[0,0],"7":[0,3],"8":[2,1],"9":[0,1]},"meta":{"lastBranch":10,"lastFunction":7,"lastStatement":41,"seen":{"s:3:21:3:35":0,"s:4:23:4:32":1,"s:6:20:6:29":2,"s:7:22:7:31":3,"f:9:9:9:12":0,"s:10:2:10:Infinity":4,"f:13:9:13:23":1,"s:14:18:14:23":5,"s:16:2:18:Infinity":6,"b:17:4:17:Infinity:undefined:undefined:undefined:undefined":0,"s:17:4:17:Infinity":7,"s:17:37:17:Infinity":8,"s:20:2:22:Infinity":9,"b:21:4:21:Infinity:undefined:undefined:undefined:undefined":1,"s:21:4:21:Infinity":10,"s:21:37:21:Infinity":11,"f:25:9:25:20":2,"b:25:29:25:31":2,"s:26:2:26:Infinity":12,"f:29:16:29:32":3,"s:30:2:30:Infinity":13,"s:32:16:32:31":14,"s:33:2:37:Infinity":15,"s:39:2:39:Infinity":16,"f:42:16:42:33":4,"s:43:2:43:Infinity":17,"b:44:2:44:Infinity:undefined:undefined:undefined:undefined":3,"s:44:2:44:Infinity":18,"s:44:14:44:Infinity":19,"s:46:17:46:39":20,"b:47:2:47:Infinity:undefined:undefined:undefined:undefined":4,"s:47:2:47:Infinity":21,"s:47:15:47:Infinity":22,"s:48:2:48:Infinity":23,"b:50:2:50:Infinity:undefined:undefined:undefined:undefined":5,"s:50:2:50:Infinity":24,"b:50:6:50:34:50:38:50:63":6,"s:50:65:50:Infinity":25,"s:51:2:51:Infinity":26,"f:54:16:54:34":5,"s:55:2:55:Infinity":27,"s:57:15:57:30":28,"s:58:2:63:Infinity":29,"s:65:2:65:Infinity":30,"f:68:16:68:35":6,"s:69:2:69:Infinity":31,"b:70:2:70:Infinity:undefined:undefined:undefined:undefined":7,"s:70:2:70:Infinity":32,"s:70:13:70:Infinity":33,"s:72:17:72:40":34,"b:73:2:73:Infinity:undefined:undefined:undefined:undefined":8,"s:73:2:73:Infinity":35,"s:73:15:73:Infinity":36,"s:74:2:74:Infinity":37,"b:76:2:76:Infinity:undefined:undefined:undefined:undefined":9,"s:76:2:76:Infinity":38,"s:76:33:76:Infinity":39,"s:77:2:77:Infinity":40}}}
,"D:\\Vibe Hub\\apps\\server-bridge\\auth\\routes.js": {"path":"D:\\Vibe Hub\\apps\\server-bridge\\auth\\routes.js","statementMap":{"0":{"start":{"line":30,"column":14},"end":{"line":30,"column":23}},"1":{"start":{"line":33,"column":2},"end":{"line":39,"column":null}},"2":{"start":{"line":46,"column":0},"end":{"line":46,"column":null}},"3":{"start":{"line":52,"column":0},"end":{"line":84,"column":null}},"4":{"start":{"line":53,"column":2},"end":{"line":83,"column":null}},"5":{"start":{"line":54,"column":18},"end":{"line":54,"column":54}},"6":{"start":{"line":55,"column":4},"end":{"line":62,"column":null}},"7":{"start":{"line":56,"column":5},"end":{"line":56,"column":null}},"8":{"start":{"line":57,"column":6},"end":{"line":61,"column":null}},"9":{"start":{"line":64,"column":3},"end":{"line":68,"column":null}},"10":{"start":{"line":70,"column":4},"end":{"line":70,"column":null}},"11":{"start":{"line":71,"column":4},"end":{"line":78,"column":null}},"12":{"start":{"line":80,"column":4},"end":{"line":80,"column":null}},"13":{"start":{"line":81,"column":3},"end":{"line":81,"column":null}},"14":{"start":{"line":82,"column":4},"end":{"line":82,"column":null}},"15":{"start":{"line":90,"column":0},"end":{"line":108,"column":null}},"16":{"start":{"line":91,"column":2},"end":{"line":91,"column":null}},"17":{"start":{"line":93,"column":2},"end":{"line":100,"column":null}},"18":{"start":{"line":94,"column":4},"end":{"line":99,"column":null}},"19":{"start":{"line":102,"column":2},"end":{"line":107,"column":null}},"20":{"start":{"line":114,"column":0},"end":{"line":130,"column":null}},"21":{"start":{"line":115,"column":2},"end":{"line":129,"column":null}},"22":{"start":{"line":116,"column":26},"end":{"line":116,"column":29}},"23":{"start":{"line":117,"column":19},"end":{"line":117,"column":31}},"24":{"start":{"line":119,"column":4},"end":{"line":121,"column":null}},"25":{"start":{"line":120,"column":6},"end":{"line":120,"column":null}},"26":{"start":{"line":123,"column":3},"end":{"line":123,"column":null}},"27":{"start":{"line":125,"column":4},"end":{"line":125,"column":null}},"28":{"start":{"line":127,"column":4},"end":{"line":127,"column":null}},"29":{"start":{"line":128,"column":4},"end":{"line":128,"column":null}},"30":{"start":{"line":136,"column":0},"end":{"line":151,"column":null}},"31":{"start":{"line":137,"column":2},"end":{"line":150,"column":null}},"32":{"start":{"line":138,"column":26},"end":{"line":138,"column":29}},"33":{"start":{"line":139,"column":19},"end":{"line":139,"column":30}},"34":{"start":{"line":141,"column":4},"end":{"line":141,"column":null}},"35":{"start":{"line":144,"column":3},"end":{"line":144,"column":null}},"36":{"start":{"line":146,"column":4},"end":{"line":146,"column":null}},"37":{"start":{"line":148,"column":4},"end":{"line":148,"column":null}},"38":{"start":{"line":149,"column":4},"end":{"line":149,"column":null}},"39":{"start":{"line":157,"column":0},"end":{"line":183,"column":null}},"40":{"start":{"line":158,"column":2},"end":{"line":182,"column":null}},"41":{"start":{"line":159,"column":19},"end":{"line":159,"column":30}},"42":{"start":{"line":160,"column":29},"end":{"line":160,"column":42}},"43":{"start":{"line":162,"column":21},"end":{"line":162,"column":56}},"44":{"start":{"line":165,"column":30},"end":{"line":176,"column":7}},"45":{"start":{"line":165,"column":55},"end":{"line":176,"column":5}},"46":{"start":{"line":178,"column":4},"end":{"line":178,"column":null}},"47":{"start":{"line":180,"column":4},"end":{"line":180,"column":null}},"48":{"start":{"line":181,"column":4},"end":{"line":181,"column":null}},"49":{"start":{"line":189,"column":0},"end":{"line":210,"column":null}},"50":{"start":{"line":190,"column":2},"end":{"line":209,"column":null}},"51":{"start":{"line":191,"column":38},"end":{"line":191,"column":48}},"52":{"start":{"line":192,"column":19},"end":{"line":192,"column":30}},"53":{"start":{"line":193,"column":29},"end":{"line":193,"column":42}},"54":{"start":{"line":196,"column":4},"end":{"line":201,"column":null}},"55":{"start":{"line":197,"column":6},"end":{"line":200,"column":null}},"56":{"start":{"line":203,"column":4},"end":{"line":203,"column":null}},"57":{"start":{"line":205,"column":4},"end":{"line":205,"column":null}},"58":{"start":{"line":207,"column":4},"end":{"line":207,"column":null}},"59":{"start":{"line":208,"column":4},"end":{"line":208,"column":null}},"60":{"start":{"line":216,"column":0},"end":{"line":228,"column":null}},"61":{"start":{"line":217,"column":2},"end":{"line":227,"column":null}},"62":{"start":{"line":218,"column":19},"end":{"line":218,"column":30}},"63":{"start":{"line":219,"column":18},"end":{"line":219,"column":49}},"64":{"start":{"line":221,"column":20},"end":{"line":221,"column":59}},"65":{"start":{"line":223,"column":4},"end":{"line":223,"column":null}},"66":{"start":{"line":225,"column":4},"end":{"line":225,"column":null}},"67":{"start":{"line":226,"column":4},"end":{"line":226,"column":null}},"68":{"start":{"line":234,"column":0},"end":{"line":249,"column":null}},"69":{"start":{"line":235,"column":2},"end":{"line":248,"column":null}},"70":{"start":{"line":236,"column":4},"end":{"line":238,"column":null}},"71":{"start":{"line":237,"column":6},"end":{"line":237,"column":null}},"72":{"start":{"line":240,"column":4},"end":{"line":244,"column":null}},"73":{"start":{"line":246,"column":4},"end":{"line":246,"column":null}},"74":{"start":{"line":247,"column":4},"end":{"line":247,"column":null}},"75":{"start":{"line":255,"column":0},"end":{"line":285,"column":null}},"76":{"start":{"line":256,"column":2},"end":{"line":284,"column":null}},"77":{"start":{"line":257,"column":29},"end":{"line":257,"column":37}},"78":{"start":{"line":259,"column":4},"end":{"line":261,"column":null}},"79":{"start":{"line":260,"column":6},"end":{"line":260,"column":null}},"80":{"start":{"line":263,"column":20},"end":{"line":263,"column":55}},"81":{"start":{"line":265,"column":4},"end":{"line":267,"column":null}},"82":{"start":{"line":266,"column":6},"end":{"line":266,"column":null}},"83":{"start":{"line":269,"column":4},"end":{"line":280,"column":null}},"84":{"start":{"line":282,"column":4},"end":{"line":282,"column":null}},"85":{"start":{"line":283,"column":4},"end":{"line":283,"column":null}}},"fnMap":{"0":{"name":"authUserPayload","decl":{"start":{"line":32,"column":9},"end":{"line":32,"column":24}},"loc":{"start":{"line":32,"column":30},"end":{"line":40,"column":null}},"line":32},"1":{"name":"(anonymous_1)","decl":{"start":{"line":52,"column":24},"end":{"line":52,"column":29}},"loc":{"start":{"line":52,"column":44},"end":{"line":84,"column":1}},"line":52},"2":{"name":"(anonymous_2)","decl":{"start":{"line":90,"column":36},"end":{"line":90,"column":41}},"loc":{"start":{"line":90,"column":56},"end":{"line":108,"column":1}},"line":90},"3":{"name":"(anonymous_3)","decl":{"start":{"line":114,"column":37},"end":{"line":114,"column":42}},"loc":{"start":{"line":114,"column":57},"end":{"line":130,"column":1}},"line":114},"4":{"name":"(anonymous_4)","decl":{"start":{"line":136,"column":40},"end":{"line":136,"column":45}},"loc":{"start":{"line":136,"column":60},"end":{"line":151,"column":1}},"line":136},"5":{"name":"(anonymous_5)","decl":{"start":{"line":157,"column":37},"end":{"line":157,"column":42}},"loc":{"start":{"line":157,"column":57},"end":{"line":183,"column":1}},"line":157},"6":{"name":"(anonymous_6)","decl":{"start":{"line":165,"column":43},"end":{"line":165,"column":50}},"loc":{"start":{"line":165,"column":55},"end":{"line":176,"column":5}},"line":165},"7":{"name":"(anonymous_7)","decl":{"start":{"line":189,"column":49},"end":{"line":189,"column":54}},"loc":{"start":{"line":189,"column":69},"end":{"line":210,"column":1}},"line":189},"8":{"name":"(anonymous_8)","decl":{"start":{"line":216,"column":36},"end":{"line":216,"column":41}},"loc":{"start":{"line":216,"column":56},"end":{"line":228,"column":1}},"line":216},"9":{"name":"(anonymous_9)","decl":{"start":{"line":234,"column":32},"end":{"line":234,"column":37}},"loc":{"start":{"line":234,"column":52},"end":{"line":249,"column":1}},"line":234},"10":{"name":"(anonymous_10)","decl":{"start":{"line":255,"column":33},"end":{"line":255,"column":38}},"loc":{"start":{"line":255,"column":53},"end":{"line":285,"column":1}},"line":255}},"branchMap":{"0":{"loc":{"start":{"line":55,"column":4},"end":{"line":62,"column":null}},"type":"if","locations":[{"start":{"line":55,"column":4},"end":{"line":62,"column":null}},{"start":{},"end":{}}],"line":55},"1":{"loc":{"start":{"line":93,"column":2},"end":{"line":100,"column":null}},"type":"if","locations":[{"start":{"line":93,"column":2},"end":{"line":100,"column":null}},{"start":{},"end":{}}],"line":93},"2":{"loc":{"start":{"line":119,"column":4},"end":{"line":121,"column":null}},"type":"if","locations":[{"start":{"line":119,"column":4},"end":{"line":121,"column":null}},{"start":{},"end":{}}],"line":119},"3":{"loc":{"start":{"line":119,"column":8},"end":{"line":119,"column":27}},"type":"binary-expr","locations":[{"start":{"line":119,"column":8},"end":{"line":119,"column":14}},{"start":{"line":119,"column":18},"end":{"line":119,"column":27}}],"line":119},"4":{"loc":{"start":{"line":196,"column":4},"end":{"line":201,"column":null}},"type":"if","locations":[{"start":{"line":196,"column":4},"end":{"line":201,"column":null}},{"start":{},"end":{}}],"line":196},"5":{"loc":{"start":{"line":219,"column":18},"end":{"line":219,"column":49}},"type":"binary-expr","locations":[{"start":{"line":219,"column":18},"end":{"line":219,"column":43}},{"start":{"line":219,"column":47},"end":{"line":219,"column":49}}],"line":219},"6":{"loc":{"start":{"line":236,"column":4},"end":{"line":238,"column":null}},"type":"if","locations":[{"start":{"line":236,"column":4},"end":{"line":238,"column":null}},{"start":{},"end":{}}],"line":236},"7":{"loc":{"start":{"line":259,"column":4},"end":{"line":261,"column":null}},"type":"if","locations":[{"start":{"line":259,"column":4},"end":{"line":261,"column":null}},{"start":{},"end":{}}],"line":259},"8":{"loc":{"start":{"line":265,"column":4},"end":{"line":267,"column":null}},"type":"if","locations":[{"start":{"line":265,"column":4},"end":{"line":267,"column":null}},{"start":{},"end":{}}],"line":265}},"s":{"0":1,"1":0,"2":1,"3":1,"4":3,"5":3,"6":3,"7":2,"8":2,"9":1,"10":1,"11":1,"12":0,"13":0,"14":0,"15":1,"16":0,"17":0,"18":0,"19":0,"20":1,"21":0,"22":0,"23":0,"24":0,"25":0,"26":0,"27":0,"28":0,"29":0,"30":1,"31":0,"32":0,"33":0,"34":0,"35":0,"36":0,"37":0,"38":0,"39":1,"40":0,"41":0,"42":0,"43":0,"44":0,"45":0,"46":0,"47":0,"48":0,"49":1,"50":0,"51":0,"52":0,"53":0,"54":0,"55":0,"56":0,"57":0,"58":0,"59":0,"60":1,"61":0,"62":0,"63":0,"64":0,"65":0,"66":0,"67":0,"68":1,"69":0,"70":0,"71":0,"72":0,"73":0,"74":0,"75":1,"76":0,"77":0,"78":0,"79":0,"80":0,"81":0,"82":0,"83":0,"84":0,"85":0},"f":{"0":0,"1":3,"2":0,"3":0,"4":0,"5":0,"6":0,"7":0,"8":0,"9":0,"10":0},"b":{"0":[2,1],"1":[0,0],"2":[0,0],"3":[0,0],"4":[0,0],"5":[0,0],"6":[0,0],"7":[0,0],"8":[0,0]},"meta":{"lastBranch":9,"lastFunction":11,"lastStatement":86,"seen":{"s:30:14:30:23":0,"f:32:9:32:24":0,"s:33:2:39:Infinity":1,"s:46:0:46:Infinity":2,"s:52:0:84:Infinity":3,"f:52:24:52:29":1,"s:53:2:83:Infinity":4,"s:54:18:54:54":5,"b:55:4:62:Infinity:undefined:undefined:undefined:undefined":0,"s:55:4:62:Infinity":6,"s:56:5:56:Infinity":7,"s:57:6:61:Infinity":8,"s:64:3:68:Infinity":9,"s:70:4:70:Infinity":10,"s:71:4:78:Infinity":11,"s:80:4:80:Infinity":12,"s:81:3:81:Infinity":13,"s:82:4:82:Infinity":14,"s:90:0:108:Infinity":15,"f:90:36:90:41":2,"s:91:2:91:Infinity":16,"b:93:2:100:Infinity:undefined:undefined:undefined:undefined":1,"s:93:2:100:Infinity":17,"s:94:4:99:Infinity":18,"s:102:2:107:Infinity":19,"s:114:0:130:Infinity":20,"f:114:37:114:42":3,"s:115:2:129:Infinity":21,"s:116:26:116:29":22,"s:117:19:117:31":23,"b:119:4:121:Infinity:undefined:undefined:undefined:undefined":2,"s:119:4:121:Infinity":24,"b:119:8:119:14:119:18:119:27":3,"s:120:6:120:Infinity":25,"s:123:3:123:Infinity":26,"s:125:4:125:Infinity":27,"s:127:4:127:Infinity":28,"s:128:4:128:Infinity":29,"s:136:0:151:Infinity":30,"f:136:40:136:45":4,"s:137:2:150:Infinity":31,"s:138:26:138:29":32,"s:139:19:139:30":33,"s:141:4:141:Infinity":34,"s:144:3:144:Infinity":35,"s:146:4:146:Infinity":36,"s:148:4:148:Infinity":37,"s:149:4:149:Infinity":38,"s:157:0:183:Infinity":39,"f:157:37:157:42":5,"s:158:2:182:Infinity":40,"s:159:19:159:30":41,"s:160:29:160:42":42,"s:162:21:162:56":43,"s:165:30:176:7":44,"f:165:43:165:50":6,"s:165:55:176:5":45,"s:178:4:178:Infinity":46,"s:180:4:180:Infinity":47,"s:181:4:181:Infinity":48,"s:189:0:210:Infinity":49,"f:189:49:189:54":7,"s:190:2:209:Infinity":50,"s:191:38:191:48":51,"s:192:19:192:30":52,"s:193:29:193:42":53,"b:196:4:201:Infinity:undefined:undefined:undefined:undefined":4,"s:196:4:201:Infinity":54,"s:197:6:200:Infinity":55,"s:203:4:203:Infinity":56,"s:205:4:205:Infinity":57,"s:207:4:207:Infinity":58,"s:208:4:208:Infinity":59,"s:216:0:228:Infinity":60,"f:216:36:216:41":8,"s:217:2:227:Infinity":61,"s:218:19:218:30":62,"s:219:18:219:49":63,"b:219:18:219:43:219:47:219:49":5,"s:221:20:221:59":64,"s:223:4:223:Infinity":65,"s:225:4:225:Infinity":66,"s:226:4:226:Infinity":67,"s:234:0:249:Infinity":68,"f:234:32:234:37":9,"s:235:2:248:Infinity":69,"b:236:4:238:Infinity:undefined:undefined:undefined:undefined":6,"s:236:4:238:Infinity":70,"s:237:6:237:Infinity":71,"s:240:4:244:Infinity":72,"s:246:4:246:Infinity":73,"s:247:4:247:Infinity":74,"s:255:0:285:Infinity":75,"f:255:33:255:38":10,"s:256:2:284:Infinity":76,"s:257:29:257:37":77,"b:259:4:261:Infinity:undefined:undefined:undefined:undefined":7,"s:259:4:261:Infinity":78,"s:260:6:260:Infinity":79,"s:263:20:263:55":80,"b:265:4:267:Infinity:undefined:undefined:undefined:undefined":8,"s:265:4:267:Infinity":81,"s:266:6:266:Infinity":82,"s:269:4:280:Infinity":83,"s:282:4:282:Infinity":84,"s:283:4:283:Infinity":85}}}
,"D:\\Vibe Hub\\apps\\server-bridge\\auth\\session.js": {"path":"D:\\Vibe Hub\\apps\\server-bridge\\auth\\session.js","statementMap":{"0":{"start":{"line":31,"column":19},"end":{"line":31,"column":null}},"1":{"start":{"line":32,"column":28},"end":{"line":32,"column":81}},"2":{"start":{"line":33,"column":34},"end":{"line":33,"column":93}},"3":{"start":{"line":34,"column":32},"end":{"line":34,"column":89}},"4":{"start":{"line":36,"column":0},"end":{"line":38,"column":null}},"5":{"start":{"line":37,"column":2},"end":{"line":37,"column":null}},"6":{"start":{"line":38,"column":2},"end":{"line":38,"column":null}},"7":{"start":{"line":45,"column":2},"end":{"line":45,"column":null}},"8":{"start":{"line":52,"column":2},"end":{"line":52,"column":null}},"9":{"start":{"line":59,"column":21},"end":{"line":63,"column":null}},"10":{"start":{"line":64,"column":2},"end":{"line":64,"column":null}},"11":{"start":{"line":71,"column":20},"end":{"line":71,"column":null}},"12":{"start":{"line":74,"column":16},"end":{"line":74,"column":null}},"13":{"start":{"line":75,"column":11},"end":{"line":75,"column":null}},"14":{"start":{"line":76,"column":15},"end":{"line":76,"column":null}},"15":{"start":{"line":78,"column":2},"end":{"line":81,"column":null}},"16":{"start":{"line":78,"column":36},"end":{"line":78,"column":null}},"17":{"start":{"line":79,"column":11},"end":{"line":81,"column":null}},"18":{"start":{"line":79,"column":42},"end":{"line":79,"column":null}},"19":{"start":{"line":80,"column":11},"end":{"line":81,"column":null}},"20":{"start":{"line":80,"column":41},"end":{"line":80,"column":null}},"21":{"start":{"line":81,"column":11},"end":{"line":81,"column":null}},"22":{"start":{"line":81,"column":39},"end":{"line":81,"column":null}},"23":{"start":{"line":83,"column":2},"end":{"line":85,"column":null}},"24":{"start":{"line":83,"column":37},"end":{"line":83,"column":null}},"25":{"start":{"line":84,"column":11},"end":{"line":85,"column":null}},"26":{"start":{"line":84,"column":38},"end":{"line":84,"column":null}},"27":{"start":{"line":85,"column":11},"end":{"line":85,"column":null}},"28":{"start":{"line":85,"column":40},"end":{"line":85,"column":null}},"29":{"start":{"line":87,"column":2},"end":{"line":89,"column":null}},"30":{"start":{"line":87,"column":36},"end":{"line":87,"column":null}},"31":{"start":{"line":88,"column":11},"end":{"line":89,"column":null}},"32":{"start":{"line":88,"column":41},"end":{"line":88,"column":null}},"33":{"start":{"line":89,"column":7},"end":{"line":89,"column":null}},"34":{"start":{"line":91,"column":2},"end":{"line":96,"column":null}},"35":{"start":{"line":103,"column":2},"end":{"line":107,"column":null}},"36":{"start":{"line":115,"column":25},"end":{"line":115,"column":62}},"37":{"start":{"line":116,"column":2},"end":{"line":117,"column":null}},"38":{"start":{"line":117,"column":4},"end":{"line":117,"column":null}},"39":{"start":{"line":120,"column":23},"end":{"line":120,"column":46}},"40":{"start":{"line":121,"column":27},"end":{"line":121,"column":50}},"41":{"start":{"line":123,"column":23},"end":{"line":123,"column":46}},"42":{"start":{"line":124,"column":27},"end":{"line":124,"column":50}},"43":{"start":{"line":126,"column":21},"end":{"line":126,"column":43}},"44":{"start":{"line":127,"column":22},"end":{"line":127,"column":73}},"45":{"start":{"line":128,"column":20},"end":{"line":128,"column":36}},"46":{"start":{"line":130,"column":20},"end":{"line":130,"column":30}},"47":{"start":{"line":131,"column":2},"end":{"line":131,"column":null}},"48":{"start":{"line":134,"column":18},"end":{"line":142,"column":4}},"49":{"start":{"line":145,"column":27},"end":{"line":145,"column":37}},"50":{"start":{"line":146,"column":2},"end":{"line":146,"column":null}},"51":{"start":{"line":148,"column":2},"end":{"line":154,"column":null}},"52":{"start":{"line":157,"column":2},"end":{"line":165,"column":null}},"53":{"start":{"line":168,"column":22},"end":{"line":175,"column":null}},"54":{"start":{"line":178,"column":2},"end":{"line":184,"column":null}},"55":{"start":{"line":191,"column":2},"end":{"line":194,"column":null}},"56":{"start":{"line":192,"column":4},"end":{"line":192,"column":null}},"57":{"start":{"line":194,"column":4},"end":{"line":194,"column":null}},"58":{"start":{"line":199,"column":2},"end":{"line":207,"column":null}},"59":{"start":{"line":216,"column":18},"end":{"line":216,"column":44}},"60":{"start":{"line":217,"column":2},"end":{"line":217,"column":null}},"61":{"start":{"line":217,"column":72},"end":{"line":217,"column":null}},"62":{"start":{"line":219,"column":18},"end":{"line":219,"column":61}},"63":{"start":{"line":220,"column":2},"end":{"line":220,"column":null}},"64":{"start":{"line":220,"column":66},"end":{"line":220,"column":null}},"65":{"start":{"line":222,"column":2},"end":{"line":222,"column":null}},"66":{"start":{"line":223,"column":2},"end":{"line":223,"column":null}},"67":{"start":{"line":230,"column":20},"end":{"line":230,"column":43}},"68":{"start":{"line":232,"column":24},"end":{"line":232,"column":62}},"69":{"start":{"line":233,"column":2},"end":{"line":234,"column":null}},"70":{"start":{"line":234,"column":4},"end":{"line":234,"column":null}},"71":{"start":{"line":238,"column":25},"end":{"line":245,"column":null}},"72":{"start":{"line":248,"column":26},"end":{"line":248,"column":49}},"73":{"start":{"line":249,"column":30},"end":{"line":249,"column":56}},"74":{"start":{"line":252,"column":27},"end":{"line":252,"column":37}},"75":{"start":{"line":253,"column":2},"end":{"line":253,"column":null}},"76":{"start":{"line":255,"column":2},"end":{"line":261,"column":null}},"77":{"start":{"line":264,"column":2},"end":{"line":264,"column":null}},"78":{"start":{"line":267,"column":2},"end":{"line":267,"column":null}},"79":{"start":{"line":270,"column":2},"end":{"line":276,"column":null}},"80":{"start":{"line":278,"column":2},"end":{"line":282,"column":null}},"81":{"start":{"line":289,"column":2},"end":{"line":289,"column":null}},"82":{"start":{"line":289,"column":21},"end":{"line":289,"column":null}},"83":{"start":{"line":291,"column":18},"end":{"line":291,"column":70}},"84":{"start":{"line":292,"column":2},"end":{"line":292,"column":null}},"85":{"start":{"line":292,"column":16},"end":{"line":292,"column":null}},"86":{"start":{"line":295,"column":2},"end":{"line":295,"column":null}},"87":{"start":{"line":297,"column":2},"end":{"line":297,"column":null}},"88":{"start":{"line":304,"column":2},"end":{"line":304,"column":null}},"89":{"start":{"line":306,"column":2},"end":{"line":312,"column":null}},"90":{"start":{"line":319,"column":2},"end":{"line":319,"column":null}},"91":{"start":{"line":321,"column":2},"end":{"line":327,"column":null}},"92":{"start":{"line":334,"column":2},"end":{"line":334,"column":null}},"93":{"start":{"line":342,"column":2},"end":{"line":342,"column":null}},"94":{"start":{"line":342,"column":15},"end":{"line":342,"column":null}},"95":{"start":{"line":345,"column":2},"end":{"line":349,"column":null}},"96":{"start":{"line":352,"column":2},"end":{"line":356,"column":null}},"97":{"start":{"line":359,"column":23},"end":{"line":359,"column":33}},"98":{"start":{"line":360,"column":2},"end":{"line":360,"column":null}},"99":{"start":{"line":362,"column":2},"end":{"line":362,"column":null}},"100":{"start":{"line":363,"column":2},"end":{"line":363,"column":null}}},"fnMap":{"0":{"name":"generateSecureToken","decl":{"start":{"line":44,"column":16},"end":{"line":44,"column":36}},"loc":{"start":{"line":44,"column":49},"end":{"line":45,"column":null}},"line":44},"1":{"name":"hashToken","decl":{"start":{"line":51,"column":16},"end":{"line":51,"column":26}},"loc":{"start":{"line":51,"column":33},"end":{"line":52,"column":null}},"line":51},"2":{"name":"generateDeviceFingerprint","decl":{"start":{"line":58,"column":16},"end":{"line":58,"column":42}},"loc":{"start":{"line":58,"column":47},"end":{"line":64,"column":null}},"line":58},"3":{"name":"extractDeviceInfo","decl":{"start":{"line":70,"column":16},"end":{"line":70,"column":34}},"loc":{"start":{"line":70,"column":39},"end":{"line":96,"column":null}},"line":70},"4":{"name":"getClientIp","decl":{"start":{"line":102,"column":16},"end":{"line":102,"column":28}},"loc":{"start":{"line":102,"column":33},"end":{"line":107,"column":null}},"line":102},"5":{"name":"createSession","decl":{"start":{"line":113,"column":22},"end":{"line":113,"column":36}},"loc":{"start":{"line":113,"column":89},"end":{"line":184,"column":null}},"line":113},"6":{"name":"validateAccessToken","decl":{"start":{"line":190,"column":16},"end":{"line":190,"column":36}},"loc":{"start":{"line":190,"column":43},"end":{"line":194,"column":null}},"line":190},"7":{"name":"normalizeSession","decl":{"start":{"line":198,"column":9},"end":{"line":198,"column":26}},"loc":{"start":{"line":198,"column":35},"end":{"line":207,"column":null}},"line":198},"8":{"name":"validateAccessTokenSession","decl":{"start":{"line":215,"column":22},"end":{"line":215,"column":49}},"loc":{"start":{"line":215,"column":56},"end":{"line":223,"column":null}},"line":215},"9":{"name":"rotateRefreshToken","decl":{"start":{"line":229,"column":22},"end":{"line":229,"column":41}},"loc":{"start":{"line":229,"column":55},"end":{"line":282,"column":null}},"line":229},"10":{"name":"validateSession","decl":{"start":{"line":288,"column":22},"end":{"line":288,"column":38}},"loc":{"start":{"line":288,"column":52},"end":{"line":297,"column":null}},"line":288},"11":{"name":"logoutSession","decl":{"start":{"line":303,"column":22},"end":{"line":303,"column":36}},"loc":{"start":{"line":303,"column":79},"end":{"line":312,"column":null}},"line":303},"12":{"name":"logoutAllSessions","decl":{"start":{"line":318,"column":22},"end":{"line":318,"column":40}},"loc":{"start":{"line":318,"column":88},"end":{"line":327,"column":null}},"line":318},"13":{"name":"getUserActiveSessions","decl":{"start":{"line":333,"column":22},"end":{"line":333,"column":44}},"loc":{"start":{"line":333,"column":52},"end":{"line":334,"column":null}},"line":333},"14":{"name":"cleanupExpiredSessions","decl":{"start":{"line":341,"column":22},"end":{"line":341,"column":45}},"loc":{"start":{"line":341,"column":53},"end":{"line":363,"column":null}},"line":341}},"branchMap":{"0":{"loc":{"start":{"line":31,"column":19},"end":{"line":31,"column":null}},"type":"binary-expr","locations":[{"start":{"line":31,"column":19},"end":{"line":31,"column":71}},{"start":{"line":31,"column":31},"end":{"line":31,"column":null}}],"line":31},"1":{"loc":{"start":{"line":31,"column":31},"end":{"line":31,"column":null}},"type":"cond-expr","locations":[{"start":{"line":31,"column":102},"end":{"line":31,"column":118}},{"start":{"line":31,"column":118},"end":{"line":31,"column":null}}],"line":31},"2":{"loc":{"start":{"line":31,"column":31},"end":{"line":31,"column":102}},"type":"binary-expr","locations":[{"start":{"line":31,"column":31},"end":{"line":31,"column":81}},{"start":{"line":31,"column":81},"end":{"line":31,"column":102}}],"line":31},"3":{"loc":{"start":{"line":32,"column":37},"end":{"line":32,"column":78}},"type":"binary-expr","locations":[{"start":{"line":32,"column":37},"end":{"line":32,"column":72}},{"start":{"line":32,"column":72},"end":{"line":32,"column":78}}],"line":32},"4":{"loc":{"start":{"line":33,"column":43},"end":{"line":33,"column":90}},"type":"binary-expr","locations":[{"start":{"line":33,"column":43},"end":{"line":33,"column":84}},{"start":{"line":33,"column":84},"end":{"line":33,"column":90}}],"line":33},"5":{"loc":{"start":{"line":34,"column":41},"end":{"line":34,"column":86}},"type":"binary-expr","locations":[{"start":{"line":34,"column":41},"end":{"line":34,"column":80}},{"start":{"line":34,"column":80},"end":{"line":34,"column":86}}],"line":34},"6
[...]
":164},"25":{"loc":{"start":{"line":164,"column":54},"end":{"line":164,"column":74}},"type":"binary-expr","locations":[{"start":{"line":164,"column":54},"end":{"line":164,"column":68}},{"start":{"line":164,"column":72},"end":{"line":164,"column":74}}],"line":164},"26":{"loc":{"start":{"line":165,"column":19},"end":{"line":165,"column":52}},"type":"binary-expr","locations":[{"start":{"line":165,"column":19},"end":{"line":165,"column":33}},{"start":{"line":165,"column":37},"end":{"line":165,"column":52}}],"line":165},"27":{"loc":{"start":{"line":166,"column":22},"end":{"line":166,"column":61}},"type":"binary-expr","locations":[{"start":{"line":166,"column":22},"end":{"line":166,"column":39}},{"start":{"line":166,"column":43},"end":{"line":166,"column":61}}],"line":166},"28":{"loc":{"start":{"line":169,"column":40},"end":{"line":169,"column":105}},"type":"cond-expr","locations":[{"start":{"line":169,"column":68},"end":{"line":169,"column":90}},{"start":{"line":169,"column":93},"end":{"line":169,"column":105}}],"line":169},"29":{"loc":{"start":{"line":177,"column":16},"end":{"line":177,"column":68}},"type":"cond-expr","locations":[{"start":{"line":177,"column":44},"end":{"line":177,"column":53}},{"start":{"line":177,"column":56},"end":{"line":177,"column":68}}],"line":177},"30":{"loc":{"start":{"line":188,"column":56},"end":{"line":188,"column":69}},"type":"default-arg","locations":[{"start":{"line":188,"column":67},"end":{"line":188,"column":69}}],"line":188},"31":{"loc":{"start":{"line":195,"column":22},"end":{"line":195,"column":51}},"type":"binary-expr","locations":[{"start":{"line":195,"column":22},"end":{"line":195,"column":43}},{"start":{"line":195,"column":47},"end":{"line":195,"column":51}}],"line":195},"32":{"loc":{"start":{"line":196,"column":17},"end":{"line":196,"column":38}},"type":"binary-expr","locations":[{"start":{"line":196,"column":17},"end":{"line":196,"column":33}},{"start":{"line":196,"column":37},"end":{"line":196,"column":38}}],"line":196},"33":{"loc":{"start":{"line":197,"column":25},"end":{"line":197,"column":58}},"type":"binary-expr","locations":[{"start":{"line":197,"column":25},"end":{"line":197,"column":49}},{"start":{"line":197,"column":53},"end":{"line":197,"column":58}}],"line":197},"34":{"loc":{"start":{"line":230,"column":18},"end":{"line":230,"column":30}},"type":"default-arg","locations":[{"start":{"line":230,"column":28},"end":{"line":230,"column":30}}],"line":230},"35":{"loc":{"start":{"line":231,"column":19},"end":{"line":231,"column":84}},"type":"cond-expr","locations":[{"start":{"line":231,"column":60},"end":{"line":231,"column":74}},{"start":{"line":231,"column":77},"end":{"line":231,"column":84}}],"line":231},"36":{"loc":{"start":{"line":231,"column":19},"end":{"line":231,"column":57}},"type":"binary-expr","locations":[{"start":{"line":231,"column":19},"end":{"line":231,"column":26}},{"start":{"line":231,"column":30},"end":{"line":231,"column":57}}],"line":231},"37":{"loc":{"start":{"line":235,"column":25},"end":{"line":235,"column":38}},"type":"default-arg","locations":[{"start":{"line":235,"column":34},"end":{"line":235,"column":38}}],"line":235},"38":{"loc":{"start":{"line":236,"column":28},"end":{"line":236,"column":66}},"type":"cond-expr","locations":[{"start":{"line":236,"column":45},"end":{"line":236,"column":49}},{"start":{"line":236,"column":52},"end":{"line":236,"column":66}}],"line":236},"39":{"loc":{"start":{"line":239,"column":23},"end":{"line":239,"column":93}},"type":"binary-expr","locations":[{"start":{"line":239,"column":23},"end":{"line":239,"column":39}},{"start":{"line":239,"column":43},"end":{"line":239,"column":93}}],"line":239},"40":{"loc":{"start":{"line":246,"column":24},"end":{"line":246,"column":36}},"type":"default-arg","locations":[{"start":{"line":246,"column":34},"end":{"line":246,"column":36}}],"line":246},"41":{"loc":{"start":{"line":248,"column":4},"end":{"line":250,"column":null}},"type":"if","locations":[{"start":{"line":248,"column":4},"end":{"line":250,"column":null}},{"start":{},"end":{}}],"line":248},"42":{"loc":{"start":{"line":252,"column":4},"end":{"line":254,"column":null}},"type":"if","locations":[{"start":{"line":252,"column":4},"end":{"line":254,"column":null}},{"start":{},"end":{}}],"line":252},"43":{"loc":{"start":{"line":258,"column":4},"end":{"line":258,"column":null}},"type":"if","locations":[{"start":{"line":258,"column":4},"end":{"line":258,"column":null}},{"start":{},"end":{}}],"line":258},"44":{"loc":{"start":{"line":277,"column":23},"end":{"line":277,"column":55}},"type":"default-arg","locations":[{"start":{"line":277,"column":32},"end":{"line":277,"column":55}}],"line":277},"45":{"loc":{"start":{"line":277,"column":57},"end":{"line":277,"column":69}},"type":"default-arg","locations":[{"start":{"line":277,"column":67},"end":{"line":277,"column":69}}],"line":277},"46":{"loc":{"start":{"line":279,"column":4},"end":{"line":281,"column":null}},"type":"if","locations":[{"start":{"line":279,"column":4},"end":{"line":281,"column":null}},{"start":{},"end":{}}],"line":279},"47":{"loc":{"start":{"line":286,"column":4},"end":{"line":286,"column":null}},"type":"if","locations":[{"start":{"line":286,"column":4},"end":{"line":286,"column":null}},{"start":{},"end":{}}],"line":286},"48":{"loc":{"start":{"line":307,"column":41},"end":{"line":307,"column":53}},"type":"default-arg","locations":[{"start":{"line":307,"column":51},"end":{"line":307,"column":53}}],"line":307},"49":{"loc":{"start":{"line":309,"column":4},"end":{"line":311,"column":null}},"type":"if","locations":[{"start":{"line":309,"column":4},"end":{"line":311,"column":null}},{"start":{},"end":{}}],"line":309},"50":{"loc":{"start":{"line":313,"column":4},"end":{"line":315,"column":null}},"type":"if","locations":[{"start":{"line":313,"column":4},"end":{"line":315,"column":null}},{"start":{},"end":{}}],"line":313},"51":{"loc":{"start":{"line":316,"column":4},"end":{"line":316,"column":null}},"type":"if","locations":[{"start":{"line":316,"column":4},"end":{"line":316,"column":null}},{"start":{},"end":{}}],"line":316},"52":{"loc":{"start":{"line":352,"column":18},"end":{"line":352,"column":48}},"type":"default-arg","locations":[{"start":{"line":352,"column":29},"end":{"line":352,"column":48}}],"line":352},"53":{"loc":{"start":{"line":358,"column":6},"end":{"line":362,"column":null}},"type":"if","locations":[{"start":{"line":358,"column":6},"end":{"line":362,"column":null}},{"start":{},"end":{}}],"line":358},"54":{"loc":{"start":{"line":358,"column":10},"end":{"line":358,"column":65}},"type":"binary-expr","locations":[{"start":{"line":358,"column":10},"end":{"line":358,"column":28}},{"start":{"line":358,"column":32},"end":{"line":358,"column":65}}],"line":358},"55":{"loc":{"start":{"line":365,"column":4},"end":{"line":367,"column":null}},"type":"if","locations":[{"start":{"line":365,"column":4},"end":{"line":367,"column":null}},{"start":{},"end":{}}],"line":365},"56":{"loc":{"start":{"line":377,"column":22},"end":{"line":377,"column":88}},"type":"default-arg","locations":[{"start":{"line":377,"column":86},"end":{"line":377,"column":88}}],"line":377},"57":{"loc":{"start":{"line":377,"column":24},"end":{"line":377,"column":54}},"type":"default-arg","locations":[{"start":{"line":377,"column":35},"end":{"line":377,"column":54}}],"line":377},"58":{"loc":{"start":{"line":377,"column":56},"end":{"line":377,"column":81}},"type":"default-arg","locations":[{"start":{"line":377,"column":72},"end":{"line":377,"column":81}}],"line":377},"59":{"loc":{"start":{"line":383,"column":6},"end":{"line":383,"column":null}},"type":"if","locations":[{"start":{"line":383,"column":6},"end":{"line":383,"column":null}},{"start":{},"end":{}}],"line":383},"60":{"loc":{"start":{"line":383,"column":10},"end":{"line":383,"column":60}},"type":"binary-expr","locations":[{"start":{"line":383,"column":10},"end":{"line":383,"column":37}},{"start":{"line":383,"column":41},"end":{"line":383,"column":60}}],"line":383},"61":{"loc":{"start":{"line":386,"column":25},"end":{"line":386,"column":68}},"type":"binary-expr","locations":[{"start":{"line":386,"column":25},"end":{"line":386,"column":31}},{"start":{"line":386,"column":35},"end":{"line":386,"column":68}}],"line":386},"62":{"loc":{"start":{"line":387,"column":24},"end":{"line":387,"column":72}},"type":"binary-expr","locations":[{"start":{"line":387,"column":24},"end":{"line":387,"column":57}},{"start":{"line":387,"column":61},"end":{"line":387,"column":72}}],"line":387},"63":{"loc":{"start":{"line":389,"column":6},"end":{"line":397,"column":null}},"type":"if","locations":[{"start":{"line":389,"column":6},"end":{"line":397,"column":null}},{"start":{},"end":{}}],"line":389},"64":{"loc":{"start":{"line":400,"column":4},"end":{"line":402,"column":null}},"type":"if","locations":[{"start":{"line":400,"column":4},"end":{"line":402,"column":null}},{"start":{},"end":{}}],"line":400},"65":{"loc":{"start":{"line":410,"column":11},"end":{"line":410,"column":33}},"type":"default-arg","locations":[{"start":{"line":410,"column":31},"end":{"line":410,"column":33}}],"line":410},"66":{"loc":{"start":{"line":410,"column":13},"end":{"line":410,"column":26}},"type":"default-arg","locations":[{"start":{"line":410,"column":22},"end":{"line":410,"column":26}}],"line":410},"67":{"loc":{"start":{"line":411,"column":28},"end":{"line":411,"column":66}},"type":"cond-expr","locations":[{"start":{"line":411,"column":45},"end":{"line":411,"column":49}},{"start":{"line":411,"column":52},"end":{"line":411,"column":66}}],"line":411},"68":{"loc":{"start":{"line":413,"column":23},"end":{"line":413,"column":93}},"type":"binary-expr","locations":[{"start":{"line":413,"column":23},"end":{"line":413,"column":39}},{"start":{"line":413,"column":43},"end":{"line":413,"column":93}}],"line":413}},"s":{"0":38,"1":38,"2":38,"3":38,"4":38,"5":38,"6":38,"7":38,"8":0,"9":0,"10":0,"11":0,"12":0,"13":0,"14":0,"15":0,"16":0,"17":0,"18":0,"19":0,"20":1,"21":1,"22":0,"23":0,"24":0,"25":0,"26":0,"27":0,"28":0,"29":0,"30":0,"31":0,"32":0,"33":0,"34":0,"35":0,"36":0,"37":0,"38":0,"39":0,"40":0,"41":0,"42":0,"43":0,"44":0,"45":0,"46":0,"47":0,"48":0,"49":0,"50":0,"51":0,"52":0,"53":0,"54":0,"55":0,"56":60,"57":59,"58":1,"59":1,"60":1,"61":1,"62":1,"63":0,"64":1,"65":1,"66":0,"67":0,"68":0,"69":61,"70":61,"71":61,"72":61,"73":61,"74":61,"75":61,"76":61,"77":38,"78":38,"79":38,"80":38,"81":38,"82":38,"83":38,"84":10,"85":3,"86":3,"87":3,"88":3,"89":4,"90":3,"91":14,"92":14,"93":1,"94":13,"95":3,"96":10,"97":10,"98":10,"99":0,"100":10,"101":10,"102":10,"103":10,"104":10,"105":9,"106":9,"107":1,"108":8,"109":8,"110":8,"111":8,"112":0,"113":8,"114":8,"115":8,"116":8,"117":8,"118":8,"119":8,"120":1,"121":7,"122":2,"123":5,"124":5,"125":5,"126":5,"127":4,"128":4,"129":4,"130":4,"131":4,"132":4,"133":4,"134":1,"135":1,"136":1,"137":2,"138":2,"139":2,"140":2,"141":2,"142":1,"143":1,"144":1,"145":2,"146":1,"147":2,"148":0,"149":0,"150":0,"151":0,"152":0,"153":0,"154":0,"155":0,"156":0,"157":0,"158":0,"159":0,"160":0,"161":0,"162":0,"163":0,"164":0,"165":65,"166":65,"167":95,"168":65,"169":94,"170":94,"171":94,"172":94,"173":4},"f":{"0":38,"1":0,"2":0,"3":1,"4":1,"5":0,"6":0,"7":0,"8":0,"9":60,"10":0,"11":1,"12":0,"13":61,"14":38,"15":10,"16":3,"17":3,"18":4,"19":3,"20":14,"21":9,"22":8,"23":2,"24":0,"25":65,"26":95,"27":94,"28":94,"29":94,"30":94},"b":{"0":[38,38],"1":[0,0],"2":[0,0],"3":[0,0],"4":[1,0],"5":[0,0],"6":[0,0],"7":[0,0],"8":[0,0],"9":[0,0],"10":[0,0],"11":[0,0],"12":[0,0],"13":[0,0],"14":[0,0],"15":[0,0],"16":[0,0],"17":[0,0],"18":[0,0],"19":[0,0],"20":[59,1],"21":[1,0],"22":[61],"23":[0,61],"24":[0,61],"25":[61,0],"26":[61,61],"27":[61,61],"28":[0,61],"29":[0,61],"30":[38],"31":[38,37],"32":[38,37],"33":[38,36],"34":[3],"35":[3,0],"36":[3,3],"37":[3],"38":[2,1],"39":[3,2],"40":[14],"41":[1,13],"42":[3,10],"43":[0,10],"44":[9],"45":[9],"46":[1,8],"47":[0,8],"48":[8],"49":[1,7],"50":[2,5],"51":[0,5],"52":[2],"53":[1,1],"54":[2,2],"55":[1,1],"56":[0],"57":[0],"58":[0],"59":[0,0],"60":[0,0],"61":[0,0],"62":[0,0],"63":[0,0],"64":[0,0],"65":[65],"66":[65],"67":[64,1],"68":[95,3]},"meta":{"lastBranch":69,"lastFunction":31,"lastStatement":174,"seen":{"f:15:2:15:13":0,"s:16:4:16:Infinity":0,"s:18:4:18:Infinity":1,"s:19:4:19:Infinity":2,"s:20:4:20:Infinity":3,"s:21:4:21:Infinity":4,"s:22:4:22:Infinity":5,"s:23:4:23:Infinity":6,"s:24:4:24:Infinity":7,"b:24:43:24:70:24:74:24:81":0,"f:27:8:27:22":1,"b:28:4:28:Infinity:undefined:undefined:undefined:undefined":1,"s:28:4:28:Infinity":8,"b:28:8:28:15:28:19:28:30":2,"s:28:32:28:Infinity":9,"s:30:4:30:Infinity":10,"s:31:4:31:Infinity":11,"s:32:4:32:Infinity":12,"s:34:4:34:Infinity":13,"s:35:4:35:Infinity":14,"s:36:4:39:Infinity":15,"f:36:39:36:40":2,"b:37:6:37:Infinity:undefined:undefined:undefined:undefined":3,"s:37:6:37:Infinity":16,"s:37:41:37:Infinity":17,"s:38:6:38:Infinity":18,"s:41:4:41:Infinity":19,"f:44:2:44:10":3,"s:45:4:45:Infinity":20,"f:48:2:48:16":4,"s:49:4:55:Infinity":21,"b:53:31:53:45:53:49:53:51":4,"f:58:2:58:18":5,"b:59:4:59:Infinity:undefined:undefined:undefined:undefined":5,"s:59:4:59:Infinity":22,"s:59:25:59:Infinity":23,"s:60:19:60:21":24,"s:61:4:65:Infinity":25,"s:62:6:62:Infinity":26,"b:62:33:62:58:62:61:62:63":6,"s:64:6:64:Infinity":27,"s:67:4:73:Infinity":28,"b:69:23:69:43:69:47:69:49":7,"b:70:23:70:43:70:47:70:49":8,"b:72:14:72:25:72:29:72:45":9,"f:76:8:76:24":6,"s:77:4:96:Infinity":29,"s:78:24:78:71":30,"b:79:6:79:Infinity:undefined:undefined:undefined:undefined":10,"s:79:6:79:Infinity":31,"s:79:29:79:Infinity":32,"s:81:19:83:7":33,"f:82:22:82:27":7,"s:82:40:82:101":34,"s:85:6:92:Infinity":35,"b:86:8:89:Infinity:undefined:undefined:undefined:undefined":11,"s:86:8:89:Infinity":36,"b:86:12:86:17:86:21:86:51":12,"s:87:10:87:Infinity":37,"s:88:10:88:Infinity":38,"s:90:22:90:49":39,"b:91:8:91:Infinity:undefined:undefined:undefined:undefined":13,"s:91:8:91:Infinity":40,"s:91:29:91:Infinity":41,"s:93:5:93:Infinity":42,"s:95:6:95:Infinity":43,"f:99:2:99:17":8,"s:100:4:116:Infinity":44,"s:101:22:101:41":45,"b:102:6:102:Infinity:undefined:undefined:undefined:undefined":14,"s:102:6:102:Infinity":46,"b:102:10:102:18:102:22:102:61":15,"s:102:63:102:Infinity":47,"b:104:6:108:Infinity:106:13:108:Infinity":16,"s:104:6:108:Infinity":48,"s:105:8:105:Infinity":49,"b:106:13:108:Infinity:undefined:undefined:undefined:undefined":17,"s:106:13:108:Infinity":50,"s:107:8:107:Infinity":51,"s:109:5:109:Infinity":52,"b:111:6:113:Infinity:undefined:undefined:undefined:undefined":18,"s:111:6:113:Infinity":53,"b:111:10:111:27:111:31:111:44":19,"s:112:8:112:Infinity":54,"s:115:6:115:Infinity":55,"f:119:2:119:14":9,"b:120:4:120:Infinity:undefined:undefined:undefined:undefined":20,"s:120:4:120:Infinity":56,"s:120:21:120:Infinity":57,"s:122:21:122:50":58,"s:123:28:123:54":59,"s:124:29:124:67":60,"s:125:20:130:5":61,"s:132:4:139:Infinity":62,"f:139:13:139:18":10,"s:139:22:139:82":63,"f:142:2:142:13":11,"b:143:4:143:Infinity:undefined:undefined:undefined:undefined":21,"s:143:4:143:Infinity":64,"s:143:21:143:Infinity":65,"s:145:20:151:5":66,"s:153:4:159:Infinity":67,"f:159:13:159:18":12,"s:159:22:159:81":68,"f:162:2:162:7":13,"b:162:36:162:38":22,"s:163:21:163:71":69,"b:163:49:163:54:163:57:163:71":23,"s:164:21:164:74":70,"b:164:49:164:51:164:54:164:74":24,"b:164:54:164:68:164:72:164:74":25,"s:165:19:165:52":71,"b:165:19:165:33:165:37:165:52":26,"s:166:22:166:61":72,"b:166:22:166:39:166:43:166:61":27,"s:168:3:168:Infinity":73,"s:169:3:169:Infinity":74,"b:169:68:169:90:169:93:169:105":28,"s:170:3:170:Infinity":75,"s:171:3:181:Infinity":76,"b:177:44:177:53:177:56:177:68":29,"f:188:2:188:11":14,"b:188:67:188:69":30,"s:189:18:201:5":77,"b:195:22:195:43:195:47:195:51":31,"b:196:17:196:33:196:37:196:38":32,"b:197:25:197:49:197:53:197:58":33,"s:203:4:203:Infinity":78,"s:204:4:204:Infinity":79,"s:207:4:207:Infinity":80,"s:210:4:214:Infinity":81,"s:216:4:216:Infinity":82,"s:217:4:217:Infinity":83,"f:223:2:223:15":15,"s:224:4:224:Infinity":84,"f:230:2:230:17":16,"b:230:28:230:30":34,"s:231:19:231:84":85,"b:231:60:231:74:231:77:231:84":35,"b:231:19:231:26:231:30:231:57":36,"s:232:4:232:Infinity":86,"f:235:2:235:24":17,"b:235:34:235:38":37,"s:236:28:236:66":87,"b:236:45:236:49:236:52:236:66":38,"s:237:4:239:Infinity":88,"f:238:14:238:19":18,"s:238:23:238:56":89,"f:239:14:239:19":19,"s:239:23:239:93":90,"b:239:23:239:39:239:43:239:93":39,"f:246:2:246:13":20,"b:246:34:246:36":40,"s:247:18:247:44":91,"b:248:4:250:Infinity:undefined:undefined:undefined:undefined":41,"s:248:4:250:Infinity":92,"s:249:6:249:Infinity":93,"b:252:4:254:Infinity:undefined:undefined:undefined:undefined":42,"s:252:4:254:Infinity":94,"s:253:6:253:Infinity":95,"s:256:4:256:Infinity":96,"s:257:4:257:Infinity":97,"b:258:4:258:Infinity:undefined:undefined:undefined:undefined":43,"s:258:4:258:Infinity":98,"s:258:27:258:Infinity":99,"s:260:4:260:Infinity":100,"s:261:4:261:Infinity":101,"s:264:4:266:Infinity":102,"s:268:4:268:Infinity":103,"s:270:4:270:Infinity":104,"f:277:2:277:12":21,"b:277:32:277:55":44,"b:277:67:277:69":45,"s:278:18:278:44":105,"b:279:4:281:Infinity:undefined:undefined:undefined:undefined":46,"s:279:4:281:Infinity":106,"s:280:6:280:Infinity":107,"s:283:4:283:Infinity":108,"s:284:4:284:Infinity":109,"s:285:4:285:Infinity":110,"b:286:4:286:Infinity:undefined:undefined:undefined:undefined":47,"s:286:4:286:Infinity":111,"s:286:27:286:Infinity":112,"s:288:4:288:Infinity":113,"s:289:4:289:Infinity":114,"s:292:4:295:Infinity":115,"s:297:4:297:Infinity":116,"s:300:4:300:Infinity":117,"f:307:8:307:20":22,"b:307:51:307:53":48,"s:308:18:308:44":118,"b:309:4:311:Infinity:undefined:undefined:undefined:undefined":49,"s:309:4:311:Infinity":119,"s:310:6:310:Infinity":120,"b:313:4:315:Infinity:undefined:undefined:undefined:undefined":50,"s:313:4:315:Infinity":121,"s:314:6:314:Infinity":122,"b:316:4:316:Infinity:undefined:undefined:undefined:undefined":51,"s:316:4:316:Infinity":123,"s:316:27:316:Infinity":124,"s:318:4:346:Infinity":125,"s:320:6:320:Infinity":126,"s:322:6:322:Infinity":127,"s:323:6:323:Infinity":128,"s:325:6:325:Infinity":129,"s:326:6:326:Infinity":130,"s:329:6:332:Infinity":131,"s:334:6:334:Infinity":132,"s:336:6:336:Infinity":133,"s:338:6:338:Infinity":134,"s:341:6:343:Infinity":135,"s:345:6:345:Infinity":136,"f:352:2:352:17":23,"b:352:29:352:48":52,"s:353:19:353:40":137,"s:354:18:354:19":138,"s:356:4:363:Infinity":139,"s:357:24:357:68":140,"b:358:6:362:Infinity:undefined:undefined:undefined:undefined":53,"s:358:6:362:Infinity":141,"b:358:10:358:28:358:32:358:65":54,"s:359:8:359:Infinity":142,"s:360:8:360:Infinity":143,"s:361:8:361:Infinity":144,"b:365:4:367:Infinity:undefined:undefined:undefined:undefined":55,"s:365:4:367:Infinity":145,"s:366:6:366:Infinity":146,"s:369:4:369:Infinity":147,"f:377:2:377:21":24,"b:377:86:377:88":56,"b:377:35:377:54":57,"b:377:72:377:81":58,"s:378:19:378:40":148,"s:379:18:379:19":149,"s:381:4:398:Infinity":150,"s:382:24:382:68":151,"b:383:6:383:Infinity:undefined:undefined:undefined:undefined":59,"s:383:6:383:Infinity":152,"b:383:10:383:37:383:41:383:60":60,"s:383:62:383:Infinity":153,"s:385:21:385:42":154,"s:386:25:386:68":155,"b:386:25:386:31:386:35:386:68":61,"s:387:24:387:72":156,"b:387:24:387:57:387:61:387:72":62,"b:389:6:397:Infinity:undefined:undefined:undefined:undefined":63,"s:389:6:397:Infinity":157,"s:390:8:390:Infinity":158,"s:391:8:391:Infinity":159,"s:392:8:392:Infinity":160,"s:393:8:396:Infinity":161,"b:400:4:402:Infinity:undefined:undefined:undefined:undefined":64,"s:400:4:402:Infinity":162,"s:401:6:401:Infinity":163,"s:404:4:404:Infinity":164,"f:410:2:410:10":25,"b:410:31:410:33":65,"b:410:22:410:26":66,"s:411:28:411:66":165,"b:411:45:411:49:411:52:411:66":67,"s:412:20:413:94":166,"f:413:14:413:19":26,"s:413:23:413:93":167,"b:413:23:413:39:413:43:413:93":68,"s:415:4:421:Infinity":168,"f:417:30:417:31":27,"s:417:35:417:64":169,"f:418:31:418:32":28,"s:418:36:418:59":170,"f:419:31:419:32":29,"s:419:36:419:59":171,"f:420:32:420:33":30,"s:420:37:420:61":172,"s:426:19:426:42":173}}}
}
